2025-07-18 01:36:54,162 [ERROR] LogOutputStream:75 - [STDERR_REDIRECT] 
2025-07-18 09:08:36,989 [INFO] Activator:176 - 


2025-07-18 09:08:36,990 [INFO] Activator:177 - !SESSION log4j initialized
2025-07-18 09:08:40,959 [INFO] LogOutputStream:77 - [STDOUT_REDIRECT] 
2025-07-18 09:08:41,709 [INFO] ApplicationProperties:184 - Using Application install path: D:\STM32\STM32CubeIDE_1.19.0\STM32CubeIDE\plugins\com.st.stm32cube.common.mx_6.15.0.202507011659
2025-07-18 09:08:41,725 [INFO] DbMcusXml:78 - Set database path to: D:\STM32\STM32CubeIDE_1.19.0\STM32CubeIDE\plugins\com.st.stm32cube.common.mx_6.15.0.202507011659\\db\/mcu/
2025-07-18 09:08:41,725 [INFO] ApiDb:274 - Set plugin database path to: D:\STM32\STM32CubeIDE_1.19.0\STM32CubeIDE\plugins\com.st.stm32cube.common.mx_6.15.0.202507011659\\db\/plugins/boardmanager/
2025-07-18 09:08:41,726 [WARN] ApiDb:259 - Overriding images path with different value:  => D:\STM32\STM32CubeIDE_1.19.0\STM32CubeIDE\plugins\com.st.stm32cube.common.mx_6.15.0.202507011659\\db\/plugins/mcufinder/images/
2025-07-18 09:08:41,733 [INFO] ApiDb:250 - Set database path to: C:\Users\khuon\.stmcufinder\plugins\mcufinder//mcu/
2025-07-18 09:08:41,734 [INFO] DbMcusAds:125 - Set database path to: C:\Users\khuon\.stmcufinder\plugins\mcufinder//mcu/
2025-07-18 09:08:41,736 [INFO] CrossReferenceDbSqlite:203 - Set database path to: C:\Users\khuon\.stmcufinder\plugins\mcufinder//mcu/cs/
2025-07-18 09:08:41,817 [INFO] RulesReader:64 - Compatibility file has been processed (317 Rules)
2025-07-18 09:08:41,887 [INFO] DbMcusXml:78 - Set database path to: D:\STM32\STM32CubeIDE_1.19.0\STM32CubeIDE\plugins\com.st.stm32cube.common.mx_6.15.0.202507011659\\db\/mcu/
2025-07-18 09:08:41,887 [INFO] ApiDb:274 - Set plugin database path to: D:\STM32\STM32CubeIDE_1.19.0\STM32CubeIDE\plugins\com.st.stm32cube.common.mx_6.15.0.202507011659\\db\/plugins/boardmanager/
2025-07-18 09:08:41,887 [INFO] ApiDb:261 - Set plugin images path to: D:\STM32\STM32CubeIDE_1.19.0\STM32CubeIDE\plugins\com.st.stm32cube.common.mx_6.15.0.202507011659\\db\/plugins/mcufinder/images/
2025-07-18 09:08:41,887 [WARN] DbFile:41 - Overriding database path with different value: C:\Users\khuon\.stmcufinder\plugins\mcufinder/ => C:\Users\khuon\.stmcufinder\plugins\mcufinder
2025-07-18 09:08:41,887 [INFO] ApiDb:250 - Set database path to: C:\Users\khuon\.stmcufinder\plugins\mcufinder//mcu/
2025-07-18 09:08:41,887 [WARN] DbFile:41 - Overriding database path with different value: C:\Users\khuon\.stmcufinder\plugins\mcufinder/ => C:\Users\khuon\.stmcufinder\plugins\mcufinder
2025-07-18 09:08:41,887 [INFO] DbMcusAds:125 - Set database path to: C:\Users\khuon\.stmcufinder\plugins\mcufinder//mcu/
2025-07-18 09:08:41,887 [WARN] DbFile:41 - Overriding database path with different value: C:\Users\khuon\.stmcufinder\plugins\mcufinder/ => C:\Users\khuon\.stmcufinder\plugins\mcufinder
2025-07-18 09:08:41,887 [WARN] DbFile:41 - Overriding database path with different value: C:\Users\khuon\.stmcufinder\plugins\mcufinder/ => C:\Users\khuon\.stmcufinder\plugins\mcufinder
2025-07-18 09:08:41,887 [INFO] CrossReferenceDbSqlite:203 - Set database path to: C:\Users\khuon\.stmcufinder\plugins\mcufinder//mcu/cs/
2025-07-18 09:08:41,942 [INFO] MainPanel:274 - HeapMemory: 268435456
2025-07-18 09:08:42,046 [INFO] DbMcusXml:78 - Set database path to: D:\STM32\STM32CubeIDE_1.19.0\STM32CubeIDE\plugins\com.st.stm32cube.common.mx_6.15.0.202507011659\\db\/mcu/
2025-07-18 09:08:42,046 [INFO] ApiDb:274 - Set plugin database path to: D:\STM32\STM32CubeIDE_1.19.0\STM32CubeIDE\plugins\com.st.stm32cube.common.mx_6.15.0.202507011659\\db\/plugins/boardmanager/
2025-07-18 09:08:42,046 [INFO] ApiDb:261 - Set plugin images path to: D:\STM32\STM32CubeIDE_1.19.0\STM32CubeIDE\plugins\com.st.stm32cube.common.mx_6.15.0.202507011659\\db\/plugins/mcufinder/images/
2025-07-18 09:08:42,047 [WARN] DbFile:41 - Overriding database path with different value: C:\Users\khuon\.stmcufinder\plugins\mcufinder/ => C:\Users\khuon\.stmcufinder\plugins\mcufinder
2025-07-18 09:08:42,047 [INFO] ApiDb:250 - Set database path to: C:\Users\khuon\.stmcufinder\plugins\mcufinder//mcu/
2025-07-18 09:08:42,047 [WARN] DbFile:41 - Overriding database path with different value: C:\Users\khuon\.stmcufinder\plugins\mcufinder/ => C:\Users\khuon\.stmcufinder\plugins\mcufinder
2025-07-18 09:08:42,047 [INFO] DbMcusAds:125 - Set database path to: C:\Users\khuon\.stmcufinder\plugins\mcufinder//mcu/
2025-07-18 09:08:42,047 [WARN] DbFile:41 - Overriding database path with different value: C:\Users\khuon\.stmcufinder\plugins\mcufinder/ => C:\Users\khuon\.stmcufinder\plugins\mcufinder
2025-07-18 09:08:42,047 [WARN] DbFile:41 - Overriding database path with different value: C:\Users\khuon\.stmcufinder\plugins\mcufinder/ => C:\Users\khuon\.stmcufinder\plugins\mcufinder
2025-07-18 09:08:42,047 [INFO] CrossReferenceDbSqlite:203 - Set database path to: C:\Users\khuon\.stmcufinder\plugins\mcufinder//mcu/cs/
2025-07-18 09:08:42,060 [INFO] ApplicationProperties:184 - Using Application install path: D:\STM32\STM32CubeIDE_1.19.0\STM32CubeIDE\plugins\com.st.stm32cube.common.mx_6.15.0.202507011659
2025-07-18 09:08:42,061 [INFO] PluginManage:196 - Search for loadable plugins [exclusion list=, ]
2025-07-18 09:08:42,061 [INFO] PluginManage:310 - Check plugin analytics
2025-07-18 09:08:42,187 [INFO] AnalyticsPlugin:253 - Accepted Software Licenses: 
2025-07-18 09:08:42,187 [INFO] AnalyticsPlugin:255 - Accepted CMSIS Pack Licenses: 
2025-07-18 09:08:42,187 [INFO] AnalyticsPlugin:257 - Accepted Firmware Licenses: FW.F4.1.28.0
2025-07-18 09:08:42,189 [INFO] PluginManage:359 - Loaded plugin analytics (category:tool,tabindex:-1)
2025-07-18 09:08:42,189 [INFO] PluginManage:310 - Check plugin cadmodel
2025-07-18 09:08:42,194 [INFO] CADModel:105 - Init CAD model plugin
2025-07-18 09:08:42,194 [INFO] PluginManage:359 - Loaded plugin cadmodel (category:power,tabindex:5)
2025-07-18 09:08:42,194 [INFO] PluginManage:310 - Check plugin clock
2025-07-18 09:08:42,201 [INFO] PluginManage:359 - Loaded plugin clock (category:base,tabindex:2)
2025-07-18 09:08:42,201 [INFO] PluginManage:310 - Check plugin ddr
2025-07-18 09:08:42,203 [INFO] PluginManage:359 - Loaded plugin ddr (category:tool,tabindex:6)
2025-07-18 09:08:42,203 [INFO] PluginManage:310 - Check plugin filemanager
2025-07-18 09:08:42,318 [INFO] PluginManage:359 - Loaded plugin filemanager (category:base,tabindex:10)
2025-07-18 09:08:42,318 [INFO] PluginManage:310 - Check plugin ipmanager
2025-07-18 09:08:42,323 [INFO] PluginManage:359 - Loaded plugin ipmanager (category:base,tabindex:5)
2025-07-18 09:08:42,323 [INFO] PluginManage:310 - Check plugin lpbam
2025-07-18 09:08:42,330 [INFO] PluginManage:359 - Loaded plugin lpbam (category:base,tabindex:0)
2025-07-18 09:08:42,330 [INFO] PluginManage:310 - Check plugin memorymap
2025-07-18 09:08:42,342 [INFO] PluginManage:359 - Loaded plugin memorymap (category:base,tabindex:4)
2025-07-18 09:08:42,342 [INFO] PluginManage:310 - Check plugin pinoutandconfiguration
2025-07-18 09:08:42,350 [INFO] PluginManage:359 - Loaded plugin pinoutandconfiguration (category:base,tabindex:1)
2025-07-18 09:08:42,350 [INFO] PluginManage:310 - Check plugin pinoutconfig
2025-07-18 09:08:42,409 [WARN] SupportedApi:132 - Cannot load RTOS API schema: s4s-elt-must-match.1: The content of 'definitions' must match (annotation?, (simpleType | complexType)?, (unique | key | keyref)*)). A problem was found starting at: attribute.
2025-07-18 09:08:42,513 [INFO] PluginManage:359 - Loaded plugin pinoutconfig (category:base,tabindex:0)
2025-07-18 09:08:42,513 [INFO] PluginManage:310 - Check plugin power
2025-07-18 09:08:42,521 [INFO] PluginManage:359 - Loaded plugin power (category:power,tabindex:4)
2025-07-18 09:08:42,522 [INFO] PluginManage:310 - Check plugin projectmanager
2025-07-18 09:08:42,537 [INFO] PluginManage:359 - Loaded plugin projectmanager (category:projectmanager,tabindex:4)
2025-07-18 09:08:42,537 [INFO] PluginManage:310 - Check plugin rif
2025-07-18 09:08:42,545 [INFO] PluginManage:359 - Loaded plugin rif (category:base,tabindex:3)
2025-07-18 09:08:42,546 [INFO] PluginManage:310 - Check plugin thirdparty
2025-07-18 09:08:42,664 [WARN] IntegrityCheckThread:84 - waiting for thirdparty lock release [integrity check]
2025-07-18 09:08:42,664 [INFO] PluginManage:359 - Loaded plugin thirdparty (category:base,tabindex:-1)
2025-07-18 09:08:42,664 [INFO] IntegrityCheckThread:86 - entering critical section [integrity check]
2025-07-18 09:08:42,665 [INFO] PluginManage:310 - Check plugin tools
2025-07-18 09:08:42,665 [INFO] ThirdPartyUpdaterWithRetryManager:70 - Updater plugin not ready yet. [1/15]
2025-07-18 09:08:42,668 [INFO] PluginManage:359 - Loaded plugin tools (category:base,tabindex:7)
2025-07-18 09:08:42,668 [INFO] PluginManage:310 - Check plugin tutovideos
2025-07-18 09:08:42,853 [INFO] PluginManage:359 - Loaded plugin tutovideos (category:base,tabindex:-1)
2025-07-18 09:08:42,853 [INFO] PluginManage:310 - Check plugin updater
2025-07-18 09:08:42,872 [INFO] PluginManage:359 - Loaded plugin updater (category:base,tabindex:12)
2025-07-18 09:08:42,872 [INFO] PluginManage:310 - Check plugin userauth
2025-07-18 09:08:42,875 [INFO] UserAuth:118 - Init User Auth plugin
2025-07-18 09:08:42,876 [INFO] PluginManage:359 - Loaded plugin userauth (category:base,tabindex:14)
2025-07-18 09:08:42,876 [INFO] PluginManage:283 - PluginManage : Loaded plugins [18]
2025-07-18 09:08:43,039 [INFO] PinOutPanel:1589 - setPackage(No Configuration,No Configuration)
2025-07-18 09:08:43,100 [INFO] CADModel:165 - CPN selected for project level
2025-07-18 09:08:43,100 [INFO] CADModel:114 - Register for checkConnection events
2025-07-18 09:08:43,113 [INFO] IPUIPlugin:80 - create IPUIPlugin
2025-07-18 09:08:43,113 [INFO] PluginManager:220 - loadIPPluginJar : add adc
2025-07-18 09:08:43,115 [INFO] IPUIPlugin:80 - create IPUIPlugin
2025-07-18 09:08:43,116 [INFO] PluginManager:220 - loadIPPluginJar : add aes
2025-07-18 09:08:43,117 [INFO] IPUIPlugin:80 - create IPUIPlugin
2025-07-18 09:08:43,117 [INFO] PluginManager:220 - loadIPPluginJar : add can
2025-07-18 09:08:43,118 [INFO] IPUIPlugin:80 - create IPUIPlugin
2025-07-18 09:08:43,119 [INFO] PluginManager:220 - loadIPPluginJar : add comp
2025-07-18 09:08:43,120 [INFO] IPUIPlugin:80 - create IPUIPlugin
2025-07-18 09:08:43,120 [INFO] PluginManager:220 - loadIPPluginJar : add cryp
2025-07-18 09:08:43,123 [INFO] IPUIPlugin:80 - create IPUIPlugin
2025-07-18 09:08:43,123 [INFO] PluginManager:220 - loadIPPluginJar : add ddr_ctrl_phy
2025-07-18 09:08:43,124 [INFO] IPUIPlugin:80 - create IPUIPlugin
2025-07-18 09:08:43,124 [INFO] PluginManager:220 - loadIPPluginJar : add dfsdm
2025-07-18 09:08:43,128 [INFO] IPUIPlugin:80 - create IPUIPlugin
2025-07-18 09:08:43,128 [INFO] PluginManager:220 - loadIPPluginJar : add dma
2025-07-18 09:08:43,130 [INFO] IPUIPlugin:80 - create IPUIPlugin
2025-07-18 09:08:43,130 [INFO] PluginManager:220 - loadIPPluginJar : add dma3
2025-07-18 09:08:43,132 [INFO] IPUIPlugin:80 - create IPUIPlugin
2025-07-18 09:08:43,132 [INFO] PluginManager:220 - loadIPPluginJar : add extmemmanager
2025-07-18 09:08:43,133 [INFO] IPUIPlugin:80 - create IPUIPlugin
2025-07-18 09:08:43,133 [INFO] PluginManager:220 - loadIPPluginJar : add fatfs
2025-07-18 09:08:43,137 [INFO] IPUIPlugin:80 - create IPUIPlugin
2025-07-18 09:08:43,137 [INFO] PluginManager:220 - loadIPPluginJar : add fmc
2025-07-18 09:08:43,141 [INFO] IPUIPlugin:80 - create IPUIPlugin
2025-07-18 09:08:43,141 [INFO] PluginManager:220 - loadIPPluginJar : add freertos
2025-07-18 09:08:43,142 [INFO] IPUIPlugin:80 - create IPUIPlugin
2025-07-18 09:08:43,142 [INFO] PluginManager:220 - loadIPPluginJar : add genericplugin
2025-07-18 09:08:43,144 [INFO] IPUIPlugin:80 - create IPUIPlugin
2025-07-18 09:08:43,144 [INFO] PluginManager:220 - loadIPPluginJar : add gfxmmu
2025-07-18 09:08:43,147 [INFO] IPUIPlugin:80 - create IPUIPlugin
2025-07-18 09:08:43,147 [INFO] PluginManager:220 - loadIPPluginJar : add gic
2025-07-18 09:08:43,150 [INFO] IPUIPlugin:80 - create IPUIPlugin
2025-07-18 09:08:43,150 [INFO] PluginManager:220 - loadIPPluginJar : add gpio
2025-07-18 09:08:43,151 [INFO] IPUIPlugin:80 - create IPUIPlugin
2025-07-18 09:08:43,151 [INFO] PluginManager:220 - loadIPPluginJar : add gtzc
2025-07-18 09:08:43,153 [INFO] IPUIPlugin:80 - create IPUIPlugin
2025-07-18 09:08:43,153 [INFO] PluginManager:220 - loadIPPluginJar : add hash
2025-07-18 09:08:43,155 [INFO] IPUIPlugin:80 - create IPUIPlugin
2025-07-18 09:08:43,155 [INFO] PluginManager:220 - loadIPPluginJar : add i2c
2025-07-18 09:08:43,157 [INFO] IPUIPlugin:80 - create IPUIPlugin
2025-07-18 09:08:43,157 [INFO] PluginManager:220 - loadIPPluginJar : add i2s
2025-07-18 09:08:43,159 [INFO] IPUIPlugin:80 - create IPUIPlugin
2025-07-18 09:08:43,159 [INFO] PluginManager:220 - loadIPPluginJar : add i3c
2025-07-18 09:08:43,161 [INFO] IPUIPlugin:80 - create IPUIPlugin
2025-07-18 09:08:43,161 [INFO] PluginManager:220 - loadIPPluginJar : add ipddr
2025-07-18 09:08:43,167 [INFO] IPUIPlugin:80 - create IPUIPlugin
2025-07-18 09:08:43,167 [INFO] PluginManager:220 - loadIPPluginJar : add linkedlist
2025-07-18 09:08:43,170 [INFO] IPUIPlugin:80 - create IPUIPlugin
2025-07-18 09:08:43,170 [INFO] PluginManager:220 - loadIPPluginJar : add lorawan
2025-07-18 09:08:43,171 [INFO] IPUIPlugin:80 - create IPUIPlugin
2025-07-18 09:08:43,171 [INFO] PluginManager:220 - loadIPPluginJar : add ltdc
2025-07-18 09:08:43,176 [INFO] IPUIPlugin:80 - create IPUIPlugin
2025-07-18 09:08:43,176 [INFO] PluginManager:220 - loadIPPluginJar : add mdma
2025-07-18 09:08:43,179 [INFO] IPUIPlugin:80 - create IPUIPlugin
2025-07-18 09:08:43,179 [INFO] PluginManager:220 - loadIPPluginJar : add nvic
2025-07-18 09:08:43,181 [INFO] IPUIPlugin:80 - create IPUIPlugin
2025-07-18 09:08:43,181 [INFO] PluginManager:220 - loadIPPluginJar : add opamp
2025-07-18 09:08:43,183 [INFO] IPUIPlugin:80 - create IPUIPlugin
2025-07-18 09:08:43,183 [INFO] PluginManager:220 - loadIPPluginJar : add openamp
2025-07-18 09:08:43,186 [INFO] IPUIPlugin:80 - create IPUIPlugin
2025-07-18 09:08:43,186 [INFO] PluginManager:220 - loadIPPluginJar : add pdm2pcm
2025-07-18 09:08:43,189 [INFO] IPUIPlugin:80 - create IPUIPlugin
2025-07-18 09:08:43,192 [INFO] PluginManager:220 - loadIPPluginJar : add plateformsettings
2025-07-18 09:08:43,193 [INFO] IPUIPlugin:80 - create IPUIPlugin
2025-07-18 09:08:43,193 [INFO] PluginManager:220 - loadIPPluginJar : add quadspi
2025-07-18 09:08:43,194 [INFO] IPUIPlugin:80 - create IPUIPlugin
2025-07-18 09:08:43,194 [INFO] PluginManager:220 - loadIPPluginJar : add radio
2025-07-18 09:08:43,197 [INFO] IPUIPlugin:80 - create IPUIPlugin
2025-07-18 09:08:43,197 [INFO] PluginManager:220 - loadIPPluginJar : add resmgrutility
2025-07-18 09:08:43,200 [INFO] IPUIPlugin:80 - create IPUIPlugin
2025-07-18 09:08:43,201 [INFO] PluginManager:220 - loadIPPluginJar : add sai
2025-07-18 09:08:43,204 [INFO] IPUIPlugin:80 - create IPUIPlugin
2025-07-18 09:08:43,204 [INFO] PluginManager:220 - loadIPPluginJar : add spi
2025-07-18 09:08:43,209 [INFO] IPUIPlugin:80 - create IPUIPlugin
2025-07-18 09:08:43,209 [INFO] PluginManager:220 - loadIPPluginJar : add stm32_wpan
2025-07-18 09:08:43,210 [INFO] IPUIPlugin:80 - create IPUIPlugin
2025-07-18 09:08:43,210 [INFO] PluginManager:220 - loadIPPluginJar : add tim
2025-07-18 09:08:43,213 [INFO] IPUIPlugin:80 - create IPUIPlugin
2025-07-18 09:08:43,213 [INFO] PluginManager:220 - loadIPPluginJar : add touchsensing
2025-07-18 09:08:43,215 [INFO] IPUIPlugin:80 - create IPUIPlugin
2025-07-18 09:08:43,215 [INFO] PluginManager:220 - loadIPPluginJar : add tracer_emb
2025-07-18 09:08:43,216 [INFO] IPUIPlugin:80 - create IPUIPlugin
2025-07-18 09:08:43,217 [INFO] PluginManager:220 - loadIPPluginJar : add ts
2025-07-18 09:08:43,218 [INFO] IPUIPlugin:80 - create IPUIPlugin
2025-07-18 09:08:43,218 [INFO] PluginManager:220 - loadIPPluginJar : add tsc
2025-07-18 09:08:43,221 [INFO] IPUIPlugin:80 - create IPUIPlugin
2025-07-18 09:08:43,221 [INFO] PluginManager:220 - loadIPPluginJar : add ucpd
2025-07-18 09:08:43,234 [INFO] IPUIPlugin:80 - create IPUIPlugin
2025-07-18 09:08:43,234 [INFO] PluginManager:220 - loadIPPluginJar : add usart
2025-07-18 09:08:43,239 [INFO] IPUIPlugin:80 - create IPUIPlugin
2025-07-18 09:08:43,239 [INFO] PluginManager:220 - loadIPPluginJar : add usbx
2025-07-18 09:08:43,351 [FATAL] Updater:351 - Updater called before beeing initialized
2025-07-18 09:08:43,397 [INFO] RulesReader:64 - Compatibility file has been processed (317 Rules)
2025-07-18 09:08:43,406 [INFO] RulesReader:64 - Compatibility file has been processed (317 Rules)
2025-07-18 09:08:43,422 [INFO] CADModel:165 - CPN selected for project level
2025-07-18 09:08:43,422 [INFO] CADModel:114 - Register for checkConnection events
2025-07-18 09:08:43,422 [FATAL] Updater:351 - Updater called before beeing initialized
2025-07-18 09:08:43,422 [ERROR] CADModel:125 - Updater not yet initialized, retry later 
2025-07-18 09:08:43,563 [FATAL] Updater:351 - Updater called before beeing initialized
2025-07-18 09:08:43,565 [INFO] CADModel:165 - CPN selected for project level
2025-07-18 09:08:43,565 [INFO] CADModel:114 - Register for checkConnection events
2025-07-18 09:08:43,565 [FATAL] Updater:351 - Updater called before beeing initialized
2025-07-18 09:08:43,565 [ERROR] CADModel:125 - Updater not yet initialized, retry later 
2025-07-18 09:08:43,568 [FATAL] Updater:351 - Updater called before beeing initialized
2025-07-18 09:08:43,643 [FATAL] Updater:351 - Updater called before beeing initialized
2025-07-18 09:08:43,645 [INFO] DbMcusAds:53 - JSON generation date=Thu Jun 19 15:32:37 ICT 2025 (1750321957418)
2025-07-18 09:08:43,646 [FATAL] Updater:351 - Updater called before beeing initialized
2025-07-18 09:08:43,672 [WARN] DetailPanel:346 - Failed to get advertising image, set to default
2025-07-18 09:08:43,724 [FATAL] Updater:351 - Updater called before beeing initialized
2025-07-18 09:08:43,725 [FATAL] Updater:351 - Updater called before beeing initialized
2025-07-18 09:08:43,725 [FATAL] Updater:351 - Updater called before beeing initialized
2025-07-18 09:08:43,725 [WARN] DetailPanel:346 - Failed to get advertising image, set to default
2025-07-18 09:08:43,725 [FATAL] Updater:351 - Updater called before beeing initialized
2025-07-18 09:08:43,756 [ERROR] Updater:1198 - MainUpdater not yet initialized. External WinMGr cannot be set.
2025-07-18 09:08:43,758 [INFO] Updater:1134 - Updater Version found : 6.15.0
2025-07-18 09:08:43,770 [INFO] ApplicationProperties:184 - Using Application install path: D:\STM32\STM32CubeIDE_1.19.0\STM32CubeIDE\plugins\com.st.stm32cube.common.mx_6.15.0.202507011659
2025-07-18 09:08:45,347 [ERROR] LogOutputStream:75 - [STDERR_REDIRECT] Jul 18, 2025 9:08:45 AM java.util.prefs.WindowsPreferences <init>
2025-07-18 09:08:45,349 [ERROR] LogOutputStream:75 - [STDERR_REDIRECT] WARNING: Could not open/create prefs root node Software\JavaSoft\Prefs at root 0xffffffff80000002. Windows RegCreateKeyEx(...) returned error code 5.
2025-07-18 09:08:45,349 [ERROR] LogOutputStream:75 - [STDERR_REDIRECT] 
2025-07-18 09:08:45,666 [INFO] ThirdPartyUpdaterWithRetryManager:70 - Updater plugin not ready yet. [2/15]
2025-07-18 09:08:45,674 [INFO] MainUpdater:2872 - connection check result : 10
2025-07-18 09:08:45,674 [INFO] MainUpdater:289 - Updater Check For Update Now.
2025-07-18 09:08:45,675 [INFO] MicroXplorer:498 - Change Database Version : DB.6.0.150
2025-07-18 09:08:45,687 [INFO] McuFinderGlobals:63 - Set McuFinder mode to 2 (CubeIDE integrated)
2025-07-18 09:08:45,689 [INFO] UserAuth:487 - Internet connection configuration mode: 1
2025-07-18 09:08:45,716 [INFO] JxBrowserEngine:152 - Initiate JxBrowser Engine with user profile folder
2025-07-18 09:08:45,834 [INFO] CheckServerUpdateThread:120 - End of CheckServer Thread
2025-07-18 09:08:46,320 [INFO] WebApp:169 - Instantiating new browser for Auth
2025-07-18 09:08:46,802 [INFO] WebApp:463 - Apply proxy settings
2025-07-18 09:08:46,802 [INFO] WebApp:548 - Chromium requires no authentication
2025-07-18 09:08:46,810 [INFO] WebApp:491 - Direct internet connection detected
2025-07-18 09:08:46,827 [INFO] WebApp:900 - Register for checkConnection events
2025-07-18 09:08:46,828 [INFO] WebApp:463 - Apply proxy settings
2025-07-18 09:08:46,828 [INFO] WebApp:548 - Chromium requires no authentication
2025-07-18 09:08:46,828 [INFO] WebApp:491 - Direct internet connection detected
2025-07-18 09:08:46,972 [INFO] WebApp:225 - Starting web application
2025-07-18 09:08:46,973 [INFO] WebApp:593 - Web application path used D:\STM32\STM32CubeIDE_1.19.0\STM32CubeIDE\plugins\com.st.stm32cube.common.mx_6.15.0.202507011659\db\plugins\mcufinder\reactClient1\index.html
2025-07-18 09:08:47,057 [INFO] WebApp:191 - Connection restablished
2025-07-18 09:08:47,083 [INFO] UserAuth:487 - Internet connection configuration mode: 1
2025-07-18 09:08:48,815 [WARN] PackLoader:240 - Cannot read IP mode file for STMicroelectronics.FP-SNS-MOTENVWB1.1.4.0
2025-07-18 09:08:48,824 [WARN] PackLoader:240 - Cannot read IP mode file for STMicroelectronics.FP-ATR-ASTRA1.2.0.2
2025-07-18 09:08:48,829 [WARN] PackLoader:240 - Cannot read IP mode file for STMicroelectronics.X-CUBE-SMBUS.2.1.0
2025-07-18 09:08:48,832 [WARN] PackLoader:240 - Cannot read IP mode file for STMicroelectronics.X-CUBE-ST60.1.0.0
2025-07-18 09:08:48,849 [WARN] PackLoader:240 - Cannot read IP mode file for STMicroelectronics.X-CUBE-AZRTOS-F7.1.1.0
2025-07-18 09:08:48,864 [WARN] PackLoader:240 - Cannot read IP mode file for Infineon.AIROC-Wi-Fi-Bluetooth-STM32.1.7.0
2025-07-18 09:08:48,876 [WARN] PackLoader:240 - Cannot read IP mode file for Infineon.AIROC-Wi-Fi-Bluetooth-STM32.1.7.1
2025-07-18 09:08:48,892 [WARN] PackLoader:240 - Cannot read IP mode file for STMicroelectronics.X-CUBE-AZRTOS-H7.3.4.0
2025-07-18 09:08:48,903 [WARN] PackLoader:240 - Cannot read IP mode file for STMicroelectronics.X-CUBE-DISPLAY.3.0.0
2025-07-18 09:08:48,911 [WARN] PackLoader:240 - Cannot read IP mode file for STMicroelectronics.X-CUBE-NFC10.1.0.0
2025-07-18 09:08:48,917 [WARN] PackLoader:240 - Cannot read IP mode file for STMicroelectronics.X-CUBE-BLEMGR.4.0.0
2025-07-18 09:08:48,922 [WARN] PackLoader:240 - Cannot read IP mode file for emotas.I-CUBE-CANOPEN.1.3.0
2025-07-18 09:08:48,925 [WARN] ConditionMgr:438 - getConditionDescription Invalid condition id : Cortex-A Device cause : null
2025-07-18 09:08:48,935 [WARN] ConditionMgr:1044 - genDependencies : Invalid condition id : Cortex-A Device cause : null
2025-07-18 09:08:48,935 [WARN] ConditionMgr:1044 - genDependencies : Invalid condition id : Cortex-A Device cause : null
2025-07-18 09:08:48,935 [WARN] ConditionMgr:1044 - genDependencies : Invalid condition id : Cortex-A Device cause : null
2025-07-18 09:08:48,938 [WARN] PackLoader:240 - Cannot read IP mode file for STMicroelectronics.X-CUBE-AI.10.0.0
2025-07-18 09:08:48,940 [WARN] PackLoader:240 - Cannot read IP mode file for STMicroelectronics.FP-SNS-SMARTAG2.1.2.0
2025-07-18 09:08:48,943 [WARN] PackLoader:240 - Cannot read IP mode file for STMicroelectronics.FP-SNS-FLIGHT1.5.1.0
2025-07-18 09:08:48,949 [INFO] LogOutputStream:77 - [STDOUT_REDIRECT] 1 : Invalid condition id : UX_CORESTACK_Condition cause : null
2025-07-18 09:08:48,950 [INFO] LogOutputStream:77 - [STDOUT_REDIRECT] 1 : Invalid condition id : UX_CORESTACK_Condition cause : null
2025-07-18 09:08:48,950 [INFO] LogOutputStream:77 - [STDOUT_REDIRECT] 1 : Invalid condition id : UX_CORESTACK_Condition cause : null
2025-07-18 09:08:48,951 [INFO] LogOutputStream:77 - [STDOUT_REDIRECT] 1 : Invalid condition id : UX_CORESTACK_Condition cause : null
2025-07-18 09:08:48,952 [INFO] LogOutputStream:77 - [STDOUT_REDIRECT] 1 : Invalid condition id : UX_CORESTACK_Condition cause : null
2025-07-18 09:08:48,953 [WARN] PackLoader:240 - Cannot read IP mode file for STMicroelectronics.X-CUBE-AZRTOS-WL.2.0.0
2025-07-18 09:08:48,956 [WARN] PackLoader:240 - Cannot read IP mode file for STMicroelectronics.FP-SNS-MOTENV1.5.0.0
2025-07-18 09:08:48,963 [WARN] PackLoader:240 - Cannot read IP mode file for WES.I-CUBE-Cesium.1.3.0
2025-07-18 09:08:48,967 [WARN] PackLoader:240 - Cannot read IP mode file for STMicroelectronics.X-CUBE-BLE2.3.3.0
2025-07-18 09:08:48,970 [WARN] PackLoader:240 - Cannot read IP mode file for STMicroelectronics.X-CUBE-NFC9.1.0.0
2025-07-18 09:08:48,974 [WARN] PackLoader:240 - Cannot read IP mode file for wolfSSL.I-CUBE-wolfSSL.5.8.0
2025-07-18 09:08:48,977 [WARN] PackLoader:240 - Cannot read IP mode file for STMicroelectronics.X-CUBE-BLE1.7.1.0
2025-07-18 09:08:48,979 [WARN] PackLoader:240 - Cannot read IP mode file for wolfSSL.I-CUBE-wolfMQTT.1.19.2
2025-07-18 09:08:48,982 [WARN] PackLoader:240 - Cannot read IP mode file for STMicroelectronics.X-CUBE-EEPRMA1.5.2.0
2025-07-18 09:08:48,985 [WARN] PackLoader:240 - Cannot read IP mode file for STMicroelectronics.X-CUBE-AI.10.1.0
2025-07-18 09:08:49,004 [WARN] PackLoader:240 - Cannot read IP mode file for STMicroelectronics.X-CUBE-MEMS1.11.2.0
2025-07-18 09:08:49,102 [WARN] PackLoader:240 - Cannot read IP mode file for STMicroelectronics.X-CUBE-AZRTOS-G0.1.1.0
2025-07-18 09:08:49,107 [WARN] PackLoader:240 - Cannot read IP mode file for STMicroelectronics.X-CUBE-SAFEA1.1.2.2
2025-07-18 09:08:49,111 [WARN] PackLoader:240 - Cannot read IP mode file for STMicroelectronics.X-CUBE-NFC4.3.0.0
2025-07-18 09:08:49,116 [WARN] PackLoader:240 - Cannot read IP mode file for EmbeddedOffice.I-CUBE-FS-RTOS.1.0.1
2025-07-18 09:08:49,120 [WARN] PackLoader:240 - Cannot read IP mode file for STMicroelectronics.X-CUBE-WB05N.2.0.0
2025-07-18 09:08:49,124 [WARN] PackLoader:240 - Cannot read IP mode file for wolfSSL.I-CUBE-wolfTPM.3.8.0
2025-07-18 09:08:49,128 [WARN] PackLoader:240 - Cannot read IP mode file for STMicroelectronics.X-CUBE-TCPP.4.2.0
2025-07-18 09:08:49,132 [WARN] PackLoader:240 - Cannot read IP mode file for RealThread.X-CUBE-RT-Thread_Nano.4.1.1
2025-07-18 09:08:49,135 [WARN] PackLoader:240 - Cannot read IP mode file for STMicroelectronics.FP-ATR-SIGFOX1.3.2.0
2025-07-18 09:08:49,138 [WARN] PackLoader:240 - Cannot read IP mode file for STMicroelectronics.X-CUBE-EEPRMA1.5.1.0
2025-07-18 09:08:49,141 [WARN] PackLoader:240 - Cannot read IP mode file for wolfSSL.I-CUBE-wolfSSL.5.7.6
2025-07-18 09:08:49,145 [WARN] PackLoader:240 - Cannot read IP mode file for ITTIA_DB.I-CUBE-ITTIADB.8.9.0
2025-07-18 09:08:49,152 [WARN] PackLoader:240 - Cannot read IP mode file for STMicroelectronics.X-CUBE-ST67W61.1.0.0
2025-07-18 09:08:49,170 [WARN] PackLoader:240 - Cannot read IP mode file for SEGGER.I-CUBE-embOS.1.3.1
2025-07-18 09:08:49,188 [WARN] PackLoader:240 - Cannot read IP mode file for STMicroelectronics.X-CUBE-ALGOBUILD.1.4.0
2025-07-18 09:08:49,208 [WARN] PackLoader:240 - Cannot read IP mode file for STMicroelectronics.X-CUBE-MEMS1.11.3.0
2025-07-18 09:08:49,269 [WARN] PackLoader:240 - Cannot read IP mode file for STMicroelectronics.X-CUBE-PM33A1.1.0.0
2025-07-18 09:08:49,278 [WARN] PackLoader:240 - Cannot read IP mode file for STMicroelectronics.X-CUBE-AZRTOS-F4.1.1.0
2025-07-18 09:08:49,281 [WARN] PackLoader:240 - Cannot read IP mode file for Avnet-IotConnect.X-CUBE-IoTC-DA16k-PMOD.1.0.0
2025-07-18 09:08:49,284 [WARN] PackLoader:240 - Cannot read IP mode file for STMicroelectronics.X-CUBE-ISPU.2.1.0
2025-07-18 09:08:49,287 [WARN] PackLoader:240 - Cannot read IP mode file for STMicroelectronics.X-CUBE-NFC12.1.0.0
2025-07-18 09:08:49,294 [WARN] PackLoader:240 - Cannot read IP mode file for STMicroelectronics.X-CUBE-AZRTOS-L5.2.0.0
2025-07-18 09:08:49,300 [WARN] PackLoader:240 - Cannot read IP mode file for STMicroelectronics.X-CUBE-NFC6.3.1.0
2025-07-18 09:08:49,303 [WARN] PackLoader:240 - Cannot read IP mode file for STMicroelectronics.X-CUBE-FREERTOS.1.3.1
2025-07-18 09:08:49,306 [WARN] PackLoader:240 - Cannot read IP mode file for STMicroelectronics.X-CUBE-FREERTOS.1.3.0
2025-07-18 09:08:49,309 [WARN] PackLoader:240 - Cannot read IP mode file for STMicroelectronics.X-CUBE-NFC7.1.0.1
2025-07-18 09:08:49,312 [WARN] PackLoader:240 - Cannot read IP mode file for STMicroelectronics.FP-SNS-STAIOTCFT.1.0.0
2025-07-18 09:08:49,315 [WARN] PackLoader:240 - Cannot read IP mode file for STMicroelectronics.X-CUBE-DPower.1.3.0
2025-07-18 09:08:49,324 [WARN] ConditionMgr:438 - getConditionDescription Invalid condition id : LAN8742 Phy interface Condition cause : null
2025-07-18 09:08:49,325 [WARN] PackLoader:240 - Cannot read IP mode file for STMicroelectronics.X-CUBE-AZRTOS-L4.2.0.0
2025-07-18 09:08:49,325 [WARN] ConditionMgr:1044 - genDependencies : Invalid condition id : LAN8742 Phy interface Condition cause : null
2025-07-18 09:08:49,325 [WARN] ConditionMgr:1044 - genDependencies : Invalid condition id : LAN8742 Phy interface Condition cause : null
2025-07-18 09:08:49,326 [WARN] ConditionMgr:1044 - genDependencies : Invalid condition id : LAN8742 Phy interface Condition cause : null
2025-07-18 09:08:49,329 [WARN] PackLoader:240 - Cannot read IP mode file for STMicroelectronics.X-CUBE-SFXS2LP1.4.0.0
2025-07-18 09:08:49,339 [WARN] PackLoader:240 - Cannot read IP mode file for STMicroelectronics.X-CUBE-AZRTOS-H7.3.3.0
2025-07-18 09:08:49,347 [WARN] ConditionMgr:438 - getConditionDescription Invalid condition id : UX DEVICE CLASS RTOS Condition cause : null
2025-07-18 09:08:49,347 [WARN] ConditionMgr:438 - getConditionDescription Invalid condition id : UX DEVICE CLASS RTOS Condition cause : null
2025-07-18 09:08:49,348 [WARN] PackLoader:240 - Cannot read IP mode file for STMicroelectronics.X-CUBE-AZRTOS-WB.2.0.0
2025-07-18 09:08:49,349 [WARN] ConditionMgr:1044 - genDependencies : Invalid condition id : UX DEVICE CLASS RTOS Condition cause : null
2025-07-18 09:08:49,349 [WARN] ConditionMgr:1044 - genDependencies : Invalid condition id : UX DEVICE CLASS RTOS Condition cause : null
2025-07-18 09:08:49,349 [WARN] ConditionMgr:1044 - genDependencies : Invalid condition id : UX DEVICE CLASS RTOS Condition cause : null
2025-07-18 09:08:49,349 [WARN] ConditionMgr:1044 - genDependencies : Invalid condition id : UX DEVICE CLASS RTOS Condition cause : null
2025-07-18 09:08:49,349 [WARN] ConditionMgr:1044 - genDependencies : Invalid condition id : UX DEVICE CLASS RTOS Condition cause : null
2025-07-18 09:08:49,352 [WARN] PackLoader:240 - Cannot read IP mode file for STMicroelectronics.X-CUBE-GNSS1.7.0.1
2025-07-18 09:08:49,357 [WARN] PackLoader:240 - Cannot read IP mode file for STMicroelectronics.X-CUBE-TOUCHGFX.4.25.0
2025-07-18 09:08:49,360 [WARN] PackLoader:240 - Cannot read IP mode file for STMicroelectronics.FP-SNS-STBOX1.2.0.0
2025-07-18 09:08:49,365 [WARN] PackLoader:240 - Cannot read IP mode file for STMicroelectronics.X-CUBE-SUBG2.5.0.0
2025-07-18 09:08:49,375 [WARN] PackLoader:240 - Cannot read IP mode file for STMicroelectronics.X-CUBE-AZRTOS-H7RS.1.1.0
2025-07-18 09:08:49,379 [WARN] PackLoader:240 - Cannot read IP mode file for Cesanta.I-CUBE-Mongoose.7.13.0
2025-07-18 09:08:49,385 [WARN] PackLoader:240 - Cannot read IP mode file for STMicroelectronics.X-CUBE-AZRTOS-G4.2.0.0
2025-07-18 09:08:49,388 [WARN] PackLoader:240 - Cannot read IP mode file for wolfSSL.I-CUBE-wolfSSH.1.4.20
2025-07-18 09:08:49,391 [WARN] PackLoader:240 - Cannot read IP mode file for STMicroelectronics.X-CUBE-NFC7.2.0.0
2025-07-18 09:08:49,397 [WARN] PackLoader:240 - Cannot read IP mode file for STMicroelectronics.X-CUBE-IPS.3.1.0
2025-07-18 09:08:49,403 [WARN] PackLoader:240 - Cannot read IP mode file for STMicroelectronics.X-CUBE-ALS.1.0.2
2025-07-18 09:08:49,407 [WARN] PackLoader:240 - Cannot read IP mode file for portGmbH.I-Cube-SoM-uGOAL.1.1.0
2025-07-18 09:08:49,412 [WARN] PackLoader:240 - Cannot read IP mode file for STMicroelectronics.X-CUBE-TOF1.3.4.3
2025-07-18 09:08:49,418 [INFO] ThirdParty:978 - Integrity check success = true
2025-07-18 09:08:49,418 [INFO] IntegrityCheckThread:100 - exiting critical section [integrity check]
2025-07-18 09:08:49,418 [INFO] IntegrityCheckThread:103 - End integrity checks thread
2025-07-18 09:09:24,018 [INFO] WebApp:194 - Connection lost
2025-07-18 09:09:24,177 [INFO] WebApp:191 - Connection restablished
2025-07-18 16:13:52,554 [INFO] WebApp:194 - Connection lost
2025-07-18 16:13:53,226 [INFO] WebApp:191 - Connection restablished
2025-07-18 16:13:56,051 [INFO] WebApp:194 - Connection lost
2025-07-18 16:13:56,210 [INFO] WebApp:191 - Connection restablished
2025-07-18 17:13:16,809 [INFO] WebApp:194 - Connection lost
2025-07-18 17:13:20,433 [INFO] WebApp:191 - Connection restablished
2025-07-18 17:13:22,547 [INFO] WebApp:194 - Connection lost
2025-07-18 17:13:22,722 [INFO] WebApp:191 - Connection restablished
2025-07-18 17:14:19,782 [INFO] WebApp:403 - JxBrowser engine has been closed 
2025-07-18 17:14:21,404 [ERROR] LogOutputStream:75 - [STDERR_REDIRECT] 
2025-07-18 17:32:12,013 [INFO] Activator:176 - 


2025-07-18 17:32:12,014 [INFO] Activator:177 - !SESSION log4j initialized
2025-07-18 17:32:16,202 [INFO] LogOutputStream:77 - [STDOUT_REDIRECT] 
2025-07-18 17:32:16,909 [INFO] ApplicationProperties:184 - Using Application install path: D:\STM32\STM32CubeIDE_1.19.0\STM32CubeIDE\plugins\com.st.stm32cube.common.mx_6.15.0.202507011659
2025-07-18 17:32:16,926 [INFO] DbMcusXml:78 - Set database path to: D:\STM32\STM32CubeIDE_1.19.0\STM32CubeIDE\plugins\com.st.stm32cube.common.mx_6.15.0.202507011659\\db\/mcu/
2025-07-18 17:32:16,926 [INFO] ApiDb:274 - Set plugin database path to: D:\STM32\STM32CubeIDE_1.19.0\STM32CubeIDE\plugins\com.st.stm32cube.common.mx_6.15.0.202507011659\\db\/plugins/boardmanager/
2025-07-18 17:32:16,926 [WARN] ApiDb:259 - Overriding images path with different value:  => D:\STM32\STM32CubeIDE_1.19.0\STM32CubeIDE\plugins\com.st.stm32cube.common.mx_6.15.0.202507011659\\db\/plugins/mcufinder/images/
2025-07-18 17:32:16,934 [INFO] ApiDb:250 - Set database path to: C:\Users\khuon\.stmcufinder\plugins\mcufinder//mcu/
2025-07-18 17:32:16,935 [INFO] DbMcusAds:125 - Set database path to: C:\Users\khuon\.stmcufinder\plugins\mcufinder//mcu/
2025-07-18 17:32:16,937 [INFO] CrossReferenceDbSqlite:203 - Set database path to: C:\Users\khuon\.stmcufinder\plugins\mcufinder//mcu/cs/
2025-07-18 17:32:17,027 [INFO] RulesReader:64 - Compatibility file has been processed (317 Rules)
2025-07-18 17:32:17,113 [INFO] DbMcusXml:78 - Set database path to: D:\STM32\STM32CubeIDE_1.19.0\STM32CubeIDE\plugins\com.st.stm32cube.common.mx_6.15.0.202507011659\\db\/mcu/
2025-07-18 17:32:17,113 [INFO] ApiDb:274 - Set plugin database path to: D:\STM32\STM32CubeIDE_1.19.0\STM32CubeIDE\plugins\com.st.stm32cube.common.mx_6.15.0.202507011659\\db\/plugins/boardmanager/
2025-07-18 17:32:17,113 [INFO] ApiDb:261 - Set plugin images path to: D:\STM32\STM32CubeIDE_1.19.0\STM32CubeIDE\plugins\com.st.stm32cube.common.mx_6.15.0.202507011659\\db\/plugins/mcufinder/images/
2025-07-18 17:32:17,113 [WARN] DbFile:41 - Overriding database path with different value: C:\Users\khuon\.stmcufinder\plugins\mcufinder/ => C:\Users\khuon\.stmcufinder\plugins\mcufinder
2025-07-18 17:32:17,113 [INFO] ApiDb:250 - Set database path to: C:\Users\khuon\.stmcufinder\plugins\mcufinder//mcu/
2025-07-18 17:32:17,114 [WARN] DbFile:41 - Overriding database path with different value: C:\Users\khuon\.stmcufinder\plugins\mcufinder/ => C:\Users\khuon\.stmcufinder\plugins\mcufinder
2025-07-18 17:32:17,114 [INFO] DbMcusAds:125 - Set database path to: C:\Users\khuon\.stmcufinder\plugins\mcufinder//mcu/
2025-07-18 17:32:17,114 [WARN] DbFile:41 - Overriding database path with different value: C:\Users\khuon\.stmcufinder\plugins\mcufinder/ => C:\Users\khuon\.stmcufinder\plugins\mcufinder
2025-07-18 17:32:17,114 [WARN] DbFile:41 - Overriding database path with different value: C:\Users\khuon\.stmcufinder\plugins\mcufinder/ => C:\Users\khuon\.stmcufinder\plugins\mcufinder
2025-07-18 17:32:17,114 [INFO] CrossReferenceDbSqlite:203 - Set database path to: C:\Users\khuon\.stmcufinder\plugins\mcufinder//mcu/cs/
2025-07-18 17:32:17,195 [INFO] MainPanel:274 - HeapMemory: 268435456
2025-07-18 17:32:17,290 [INFO] DbMcusXml:78 - Set database path to: D:\STM32\STM32CubeIDE_1.19.0\STM32CubeIDE\plugins\com.st.stm32cube.common.mx_6.15.0.202507011659\\db\/mcu/
2025-07-18 17:32:17,290 [INFO] ApiDb:274 - Set plugin database path to: D:\STM32\STM32CubeIDE_1.19.0\STM32CubeIDE\plugins\com.st.stm32cube.common.mx_6.15.0.202507011659\\db\/plugins/boardmanager/
2025-07-18 17:32:17,290 [INFO] ApiDb:261 - Set plugin images path to: D:\STM32\STM32CubeIDE_1.19.0\STM32CubeIDE\plugins\com.st.stm32cube.common.mx_6.15.0.202507011659\\db\/plugins/mcufinder/images/
2025-07-18 17:32:17,291 [WARN] DbFile:41 - Overriding database path with different value: C:\Users\khuon\.stmcufinder\plugins\mcufinder/ => C:\Users\khuon\.stmcufinder\plugins\mcufinder
2025-07-18 17:32:17,291 [INFO] ApiDb:250 - Set database path to: C:\Users\khuon\.stmcufinder\plugins\mcufinder//mcu/
2025-07-18 17:32:17,291 [WARN] DbFile:41 - Overriding database path with different value: C:\Users\khuon\.stmcufinder\plugins\mcufinder/ => C:\Users\khuon\.stmcufinder\plugins\mcufinder
2025-07-18 17:32:17,291 [INFO] DbMcusAds:125 - Set database path to: C:\Users\khuon\.stmcufinder\plugins\mcufinder//mcu/
2025-07-18 17:32:17,291 [WARN] DbFile:41 - Overriding database path with different value: C:\Users\khuon\.stmcufinder\plugins\mcufinder/ => C:\Users\khuon\.stmcufinder\plugins\mcufinder
2025-07-18 17:32:17,291 [WARN] DbFile:41 - Overriding database path with different value: C:\Users\khuon\.stmcufinder\plugins\mcufinder/ => C:\Users\khuon\.stmcufinder\plugins\mcufinder
2025-07-18 17:32:17,291 [INFO] CrossReferenceDbSqlite:203 - Set database path to: C:\Users\khuon\.stmcufinder\plugins\mcufinder//mcu/cs/
2025-07-18 17:32:17,306 [INFO] ApplicationProperties:184 - Using Application install path: D:\STM32\STM32CubeIDE_1.19.0\STM32CubeIDE\plugins\com.st.stm32cube.common.mx_6.15.0.202507011659
2025-07-18 17:32:17,306 [INFO] PluginManage:196 - Search for loadable plugins [exclusion list=, ]
2025-07-18 17:32:17,307 [INFO] PluginManage:310 - Check plugin analytics
2025-07-18 17:32:17,441 [INFO] AnalyticsPlugin:253 - Accepted Software Licenses: 
2025-07-18 17:32:17,441 [INFO] AnalyticsPlugin:255 - Accepted CMSIS Pack Licenses: 
2025-07-18 17:32:17,441 [INFO] AnalyticsPlugin:257 - Accepted Firmware Licenses: FW.F4.1.28.0
2025-07-18 17:32:17,443 [INFO] PluginManage:359 - Loaded plugin analytics (category:tool,tabindex:-1)
2025-07-18 17:32:17,443 [INFO] PluginManage:310 - Check plugin cadmodel
2025-07-18 17:32:17,448 [INFO] CADModel:105 - Init CAD model plugin
2025-07-18 17:32:17,448 [INFO] PluginManage:359 - Loaded plugin cadmodel (category:power,tabindex:5)
2025-07-18 17:32:17,448 [INFO] PluginManage:310 - Check plugin clock
2025-07-18 17:32:17,455 [INFO] PluginManage:359 - Loaded plugin clock (category:base,tabindex:2)
2025-07-18 17:32:17,455 [INFO] PluginManage:310 - Check plugin ddr
2025-07-18 17:32:17,457 [INFO] PluginManage:359 - Loaded plugin ddr (category:tool,tabindex:6)
2025-07-18 17:32:17,458 [INFO] PluginManage:310 - Check plugin filemanager
2025-07-18 17:32:17,577 [INFO] PluginManage:359 - Loaded plugin filemanager (category:base,tabindex:10)
2025-07-18 17:32:17,577 [INFO] PluginManage:310 - Check plugin ipmanager
2025-07-18 17:32:17,583 [INFO] PluginManage:359 - Loaded plugin ipmanager (category:base,tabindex:5)
2025-07-18 17:32:17,583 [INFO] PluginManage:310 - Check plugin lpbam
2025-07-18 17:32:17,589 [INFO] PluginManage:359 - Loaded plugin lpbam (category:base,tabindex:0)
2025-07-18 17:32:17,590 [INFO] PluginManage:310 - Check plugin memorymap
2025-07-18 17:32:17,600 [INFO] PluginManage:359 - Loaded plugin memorymap (category:base,tabindex:4)
2025-07-18 17:32:17,601 [INFO] PluginManage:310 - Check plugin pinoutandconfiguration
2025-07-18 17:32:17,607 [INFO] PluginManage:359 - Loaded plugin pinoutandconfiguration (category:base,tabindex:1)
2025-07-18 17:32:17,607 [INFO] PluginManage:310 - Check plugin pinoutconfig
2025-07-18 17:32:17,674 [WARN] SupportedApi:132 - Cannot load RTOS API schema: s4s-elt-must-match.1: The content of 'definitions' must match (annotation?, (simpleType | complexType)?, (unique | key | keyref)*)). A problem was found starting at: attribute.
2025-07-18 17:32:17,805 [INFO] PluginManage:359 - Loaded plugin pinoutconfig (category:base,tabindex:0)
2025-07-18 17:32:17,805 [INFO] PluginManage:310 - Check plugin power
2025-07-18 17:32:17,814 [INFO] PluginManage:359 - Loaded plugin power (category:power,tabindex:4)
2025-07-18 17:32:17,814 [INFO] PluginManage:310 - Check plugin projectmanager
2025-07-18 17:32:17,837 [INFO] PluginManage:359 - Loaded plugin projectmanager (category:projectmanager,tabindex:4)
2025-07-18 17:32:17,837 [INFO] PluginManage:310 - Check plugin rif
2025-07-18 17:32:17,846 [INFO] PluginManage:359 - Loaded plugin rif (category:base,tabindex:3)
2025-07-18 17:32:17,846 [INFO] PluginManage:310 - Check plugin thirdparty
2025-07-18 17:32:17,964 [INFO] PluginManage:359 - Loaded plugin thirdparty (category:base,tabindex:-1)
2025-07-18 17:32:17,965 [INFO] PluginManage:310 - Check plugin tools
2025-07-18 17:32:17,964 [WARN] IntegrityCheckThread:84 - waiting for thirdparty lock release [integrity check]
2025-07-18 17:32:17,965 [INFO] IntegrityCheckThread:86 - entering critical section [integrity check]
2025-07-18 17:32:17,965 [INFO] ThirdPartyUpdaterWithRetryManager:70 - Updater plugin not ready yet. [1/15]
2025-07-18 17:32:17,966 [INFO] PluginManage:359 - Loaded plugin tools (category:base,tabindex:7)
2025-07-18 17:32:17,967 [INFO] PluginManage:310 - Check plugin tutovideos
2025-07-18 17:32:18,143 [INFO] PluginManage:359 - Loaded plugin tutovideos (category:base,tabindex:-1)
2025-07-18 17:32:18,143 [INFO] PluginManage:310 - Check plugin updater
2025-07-18 17:32:18,160 [INFO] PluginManage:359 - Loaded plugin updater (category:base,tabindex:12)
2025-07-18 17:32:18,160 [INFO] PluginManage:310 - Check plugin userauth
2025-07-18 17:32:18,163 [INFO] UserAuth:118 - Init User Auth plugin
2025-07-18 17:32:18,163 [INFO] PluginManage:359 - Loaded plugin userauth (category:base,tabindex:14)
2025-07-18 17:32:18,164 [INFO] PluginManage:283 - PluginManage : Loaded plugins [18]
2025-07-18 17:32:18,341 [INFO] PinOutPanel:1589 - setPackage(No Configuration,No Configuration)
2025-07-18 17:32:18,407 [INFO] CADModel:165 - CPN selected for project level
2025-07-18 17:32:18,407 [INFO] CADModel:114 - Register for checkConnection events
2025-07-18 17:32:18,426 [INFO] IPUIPlugin:80 - create IPUIPlugin
2025-07-18 17:32:18,426 [INFO] PluginManager:220 - loadIPPluginJar : add adc
2025-07-18 17:32:18,429 [INFO] IPUIPlugin:80 - create IPUIPlugin
2025-07-18 17:32:18,429 [INFO] PluginManager:220 - loadIPPluginJar : add aes
2025-07-18 17:32:18,431 [INFO] IPUIPlugin:80 - create IPUIPlugin
2025-07-18 17:32:18,432 [INFO] PluginManager:220 - loadIPPluginJar : add can
2025-07-18 17:32:18,433 [INFO] IPUIPlugin:80 - create IPUIPlugin
2025-07-18 17:32:18,433 [INFO] PluginManager:220 - loadIPPluginJar : add comp
2025-07-18 17:32:18,435 [INFO] IPUIPlugin:80 - create IPUIPlugin
2025-07-18 17:32:18,435 [INFO] PluginManager:220 - loadIPPluginJar : add cryp
2025-07-18 17:32:18,438 [INFO] IPUIPlugin:80 - create IPUIPlugin
2025-07-18 17:32:18,438 [INFO] PluginManager:220 - loadIPPluginJar : add ddr_ctrl_phy
2025-07-18 17:32:18,440 [INFO] IPUIPlugin:80 - create IPUIPlugin
2025-07-18 17:32:18,440 [INFO] PluginManager:220 - loadIPPluginJar : add dfsdm
2025-07-18 17:32:18,445 [INFO] IPUIPlugin:80 - create IPUIPlugin
2025-07-18 17:32:18,445 [INFO] PluginManager:220 - loadIPPluginJar : add dma
2025-07-18 17:32:18,447 [INFO] IPUIPlugin:80 - create IPUIPlugin
2025-07-18 17:32:18,447 [INFO] PluginManager:220 - loadIPPluginJar : add dma3
2025-07-18 17:32:18,449 [INFO] IPUIPlugin:80 - create IPUIPlugin
2025-07-18 17:32:18,449 [INFO] PluginManager:220 - loadIPPluginJar : add extmemmanager
2025-07-18 17:32:18,450 [INFO] IPUIPlugin:80 - create IPUIPlugin
2025-07-18 17:32:18,450 [INFO] PluginManager:220 - loadIPPluginJar : add fatfs
2025-07-18 17:32:18,453 [INFO] IPUIPlugin:80 - create IPUIPlugin
2025-07-18 17:32:18,454 [INFO] PluginManager:220 - loadIPPluginJar : add fmc
2025-07-18 17:32:18,459 [INFO] IPUIPlugin:80 - create IPUIPlugin
2025-07-18 17:32:18,459 [INFO] PluginManager:220 - loadIPPluginJar : add freertos
2025-07-18 17:32:18,461 [INFO] IPUIPlugin:80 - create IPUIPlugin
2025-07-18 17:32:18,461 [INFO] PluginManager:220 - loadIPPluginJar : add genericplugin
2025-07-18 17:32:18,462 [INFO] IPUIPlugin:80 - create IPUIPlugin
2025-07-18 17:32:18,463 [INFO] PluginManager:220 - loadIPPluginJar : add gfxmmu
2025-07-18 17:32:18,466 [INFO] IPUIPlugin:80 - create IPUIPlugin
2025-07-18 17:32:18,466 [INFO] PluginManager:220 - loadIPPluginJar : add gic
2025-07-18 17:32:18,470 [INFO] IPUIPlugin:80 - create IPUIPlugin
2025-07-18 17:32:18,470 [INFO] PluginManager:220 - loadIPPluginJar : add gpio
2025-07-18 17:32:18,472 [INFO] IPUIPlugin:80 - create IPUIPlugin
2025-07-18 17:32:18,472 [INFO] PluginManager:220 - loadIPPluginJar : add gtzc
2025-07-18 17:32:18,474 [INFO] IPUIPlugin:80 - create IPUIPlugin
2025-07-18 17:32:18,474 [INFO] PluginManager:220 - loadIPPluginJar : add hash
2025-07-18 17:32:18,477 [INFO] IPUIPlugin:80 - create IPUIPlugin
2025-07-18 17:32:18,477 [INFO] PluginManager:220 - loadIPPluginJar : add i2c
2025-07-18 17:32:18,478 [INFO] IPUIPlugin:80 - create IPUIPlugin
2025-07-18 17:32:18,479 [INFO] PluginManager:220 - loadIPPluginJar : add i2s
2025-07-18 17:32:18,481 [INFO] IPUIPlugin:80 - create IPUIPlugin
2025-07-18 17:32:18,481 [INFO] PluginManager:220 - loadIPPluginJar : add i3c
2025-07-18 17:32:18,484 [INFO] IPUIPlugin:80 - create IPUIPlugin
2025-07-18 17:32:18,484 [INFO] PluginManager:220 - loadIPPluginJar : add ipddr
2025-07-18 17:32:18,490 [INFO] IPUIPlugin:80 - create IPUIPlugin
2025-07-18 17:32:18,491 [INFO] PluginManager:220 - loadIPPluginJar : add linkedlist
2025-07-18 17:32:18,495 [INFO] IPUIPlugin:80 - create IPUIPlugin
2025-07-18 17:32:18,495 [INFO] PluginManager:220 - loadIPPluginJar : add lorawan
2025-07-18 17:32:18,496 [INFO] IPUIPlugin:80 - create IPUIPlugin
2025-07-18 17:32:18,496 [INFO] PluginManager:220 - loadIPPluginJar : add ltdc
2025-07-18 17:32:18,501 [INFO] IPUIPlugin:80 - create IPUIPlugin
2025-07-18 17:32:18,501 [INFO] PluginManager:220 - loadIPPluginJar : add mdma
2025-07-18 17:32:18,504 [INFO] IPUIPlugin:80 - create IPUIPlugin
2025-07-18 17:32:18,505 [INFO] PluginManager:220 - loadIPPluginJar : add nvic
2025-07-18 17:32:18,507 [INFO] IPUIPlugin:80 - create IPUIPlugin
2025-07-18 17:32:18,507 [INFO] PluginManager:220 - loadIPPluginJar : add opamp
2025-07-18 17:32:18,510 [INFO] IPUIPlugin:80 - create IPUIPlugin
2025-07-18 17:32:18,510 [INFO] PluginManager:220 - loadIPPluginJar : add openamp
2025-07-18 17:32:18,512 [INFO] IPUIPlugin:80 - create IPUIPlugin
2025-07-18 17:32:18,512 [INFO] PluginManager:220 - loadIPPluginJar : add pdm2pcm
2025-07-18 17:32:18,518 [INFO] IPUIPlugin:80 - create IPUIPlugin
2025-07-18 17:32:18,520 [INFO] PluginManager:220 - loadIPPluginJar : add plateformsettings
2025-07-18 17:32:18,522 [INFO] IPUIPlugin:80 - create IPUIPlugin
2025-07-18 17:32:18,522 [INFO] PluginManager:220 - loadIPPluginJar : add quadspi
2025-07-18 17:32:18,523 [INFO] IPUIPlugin:80 - create IPUIPlugin
2025-07-18 17:32:18,524 [INFO] PluginManager:220 - loadIPPluginJar : add radio
2025-07-18 17:32:18,527 [INFO] IPUIPlugin:80 - create IPUIPlugin
2025-07-18 17:32:18,527 [INFO] PluginManager:220 - loadIPPluginJar : add resmgrutility
2025-07-18 17:32:18,530 [INFO] IPUIPlugin:80 - create IPUIPlugin
2025-07-18 17:32:18,530 [INFO] PluginManager:220 - loadIPPluginJar : add sai
2025-07-18 17:32:18,532 [INFO] IPUIPlugin:80 - create IPUIPlugin
2025-07-18 17:32:18,532 [INFO] PluginManager:220 - loadIPPluginJar : add spi
2025-07-18 17:32:18,537 [INFO] IPUIPlugin:80 - create IPUIPlugin
2025-07-18 17:32:18,537 [INFO] PluginManager:220 - loadIPPluginJar : add stm32_wpan
2025-07-18 17:32:18,539 [INFO] IPUIPlugin:80 - create IPUIPlugin
2025-07-18 17:32:18,539 [INFO] PluginManager:220 - loadIPPluginJar : add tim
2025-07-18 17:32:18,542 [INFO] IPUIPlugin:80 - create IPUIPlugin
2025-07-18 17:32:18,542 [INFO] PluginManager:220 - loadIPPluginJar : add touchsensing
2025-07-18 17:32:18,544 [INFO] IPUIPlugin:80 - create IPUIPlugin
2025-07-18 17:32:18,544 [INFO] PluginManager:220 - loadIPPluginJar : add tracer_emb
2025-07-18 17:32:18,546 [INFO] IPUIPlugin:80 - create IPUIPlugin
2025-07-18 17:32:18,546 [INFO] PluginManager:220 - loadIPPluginJar : add ts
2025-07-18 17:32:18,547 [INFO] IPUIPlugin:80 - create IPUIPlugin
2025-07-18 17:32:18,547 [INFO] PluginManager:220 - loadIPPluginJar : add tsc
2025-07-18 17:32:18,549 [INFO] IPUIPlugin:80 - create IPUIPlugin
2025-07-18 17:32:18,549 [INFO] PluginManager:220 - loadIPPluginJar : add ucpd
2025-07-18 17:32:18,551 [INFO] IPUIPlugin:80 - create IPUIPlugin
2025-07-18 17:32:18,551 [INFO] PluginManager:220 - loadIPPluginJar : add usart
2025-07-18 17:32:18,555 [INFO] IPUIPlugin:80 - create IPUIPlugin
2025-07-18 17:32:18,555 [INFO] PluginManager:220 - loadIPPluginJar : add usbx
2025-07-18 17:32:18,668 [FATAL] Updater:351 - Updater called before beeing initialized
2025-07-18 17:32:18,698 [INFO] RulesReader:64 - Compatibility file has been processed (317 Rules)
2025-07-18 17:32:18,711 [INFO] RulesReader:64 - Compatibility file has been processed (317 Rules)
2025-07-18 17:32:18,736 [INFO] CADModel:165 - CPN selected for project level
2025-07-18 17:32:18,736 [INFO] CADModel:114 - Register for checkConnection events
2025-07-18 17:32:18,736 [FATAL] Updater:351 - Updater called before beeing initialized
2025-07-18 17:32:18,736 [ERROR] CADModel:125 - Updater not yet initialized, retry later 
2025-07-18 17:32:18,892 [FATAL] Updater:351 - Updater called before beeing initialized
2025-07-18 17:32:18,895 [INFO] CADModel:165 - CPN selected for project level
2025-07-18 17:32:18,895 [INFO] CADModel:114 - Register for checkConnection events
2025-07-18 17:32:18,895 [FATAL] Updater:351 - Updater called before beeing initialized
2025-07-18 17:32:18,895 [ERROR] CADModel:125 - Updater not yet initialized, retry later 
2025-07-18 17:32:18,900 [FATAL] Updater:351 - Updater called before beeing initialized
2025-07-18 17:32:18,976 [FATAL] Updater:351 - Updater called before beeing initialized
2025-07-18 17:32:18,979 [INFO] DbMcusAds:53 - JSON generation date=Thu Jun 19 15:32:37 ICT 2025 (1750321957418)
2025-07-18 17:32:18,979 [FATAL] Updater:351 - Updater called before beeing initialized
2025-07-18 17:32:19,008 [WARN] DetailPanel:346 - Failed to get advertising image, set to default
2025-07-18 17:32:19,058 [FATAL] Updater:351 - Updater called before beeing initialized
2025-07-18 17:32:19,060 [FATAL] Updater:351 - Updater called before beeing initialized
2025-07-18 17:32:19,060 [FATAL] Updater:351 - Updater called before beeing initialized
2025-07-18 17:32:19,060 [WARN] DetailPanel:346 - Failed to get advertising image, set to default
2025-07-18 17:32:19,061 [FATAL] Updater:351 - Updater called before beeing initialized
2025-07-18 17:32:19,098 [ERROR] Updater:1198 - MainUpdater not yet initialized. External WinMGr cannot be set.
2025-07-18 17:32:19,099 [INFO] Updater:1134 - Updater Version found : 6.15.0
2025-07-18 17:32:19,113 [INFO] ApplicationProperties:184 - Using Application install path: D:\STM32\STM32CubeIDE_1.19.0\STM32CubeIDE\plugins\com.st.stm32cube.common.mx_6.15.0.202507011659
2025-07-18 17:32:20,686 [ERROR] LogOutputStream:75 - [STDERR_REDIRECT] Jul 18, 2025 5:32:20 PM java.util.prefs.WindowsPreferences <init>
2025-07-18 17:32:20,687 [ERROR] LogOutputStream:75 - [STDERR_REDIRECT] WARNING: Could not open/create prefs root node Software\JavaSoft\Prefs at root 0xffffffff80000002. Windows RegCreateKeyEx(...) returned error code 5.
2025-07-18 17:32:20,687 [ERROR] LogOutputStream:75 - [STDERR_REDIRECT] 
2025-07-18 17:32:20,966 [INFO] ThirdPartyUpdaterWithRetryManager:70 - Updater plugin not ready yet. [2/15]
2025-07-18 17:32:21,072 [INFO] MainUpdater:2872 - connection check result : 10
2025-07-18 17:32:21,073 [INFO] MainUpdater:289 - Updater Check For Update Now.
2025-07-18 17:32:21,073 [INFO] MicroXplorer:498 - Change Database Version : DB.6.0.150
2025-07-18 17:32:21,078 [INFO] McuFinderGlobals:63 - Set McuFinder mode to 2 (CubeIDE integrated)
2025-07-18 17:32:21,080 [INFO] UserAuth:487 - Internet connection configuration mode: 1
2025-07-18 17:32:21,113 [INFO] JxBrowserEngine:152 - Initiate JxBrowser Engine with user profile folder
2025-07-18 17:32:21,236 [INFO] CheckServerUpdateThread:120 - End of CheckServer Thread
2025-07-18 17:32:21,737 [INFO] WebApp:169 - Instantiating new browser for Auth
2025-07-18 17:32:22,232 [INFO] WebApp:463 - Apply proxy settings
2025-07-18 17:32:22,232 [INFO] WebApp:548 - Chromium requires no authentication
2025-07-18 17:32:22,240 [INFO] WebApp:491 - Direct internet connection detected
2025-07-18 17:32:22,257 [INFO] WebApp:900 - Register for checkConnection events
2025-07-18 17:32:22,258 [INFO] WebApp:463 - Apply proxy settings
2025-07-18 17:32:22,258 [INFO] WebApp:548 - Chromium requires no authentication
2025-07-18 17:32:22,258 [INFO] WebApp:491 - Direct internet connection detected
2025-07-18 17:32:22,404 [INFO] WebApp:225 - Starting web application
2025-07-18 17:32:22,404 [INFO] WebApp:593 - Web application path used D:\STM32\STM32CubeIDE_1.19.0\STM32CubeIDE\plugins\com.st.stm32cube.common.mx_6.15.0.202507011659\db\plugins\mcufinder\reactClient1\index.html
2025-07-18 17:32:22,496 [INFO] UserAuth:487 - Internet connection configuration mode: 1
2025-07-18 17:32:22,515 [INFO] WebApp:191 - Connection restablished
2025-07-18 17:32:24,108 [WARN] PackLoader:240 - Cannot read IP mode file for STMicroelectronics.FP-SNS-MOTENVWB1.1.4.0
2025-07-18 17:32:24,114 [WARN] PackLoader:240 - Cannot read IP mode file for STMicroelectronics.FP-ATR-ASTRA1.2.0.2
2025-07-18 17:32:24,118 [WARN] PackLoader:240 - Cannot read IP mode file for STMicroelectronics.X-CUBE-SMBUS.2.1.0
2025-07-18 17:32:24,121 [WARN] PackLoader:240 - Cannot read IP mode file for STMicroelectronics.X-CUBE-ST60.1.0.0
2025-07-18 17:32:24,139 [WARN] PackLoader:240 - Cannot read IP mode file for STMicroelectronics.X-CUBE-AZRTOS-F7.1.1.0
2025-07-18 17:32:24,155 [WARN] PackLoader:240 - Cannot read IP mode file for Infineon.AIROC-Wi-Fi-Bluetooth-STM32.1.7.0
2025-07-18 17:32:24,171 [WARN] PackLoader:240 - Cannot read IP mode file for Infineon.AIROC-Wi-Fi-Bluetooth-STM32.1.7.1
2025-07-18 17:32:24,185 [WARN] PackLoader:240 - Cannot read IP mode file for STMicroelectronics.X-CUBE-AZRTOS-H7.3.4.0
2025-07-18 17:32:24,192 [WARN] PackLoader:240 - Cannot read IP mode file for STMicroelectronics.X-CUBE-DISPLAY.3.0.0
2025-07-18 17:32:24,200 [WARN] PackLoader:240 - Cannot read IP mode file for STMicroelectronics.X-CUBE-NFC10.1.0.0
2025-07-18 17:32:24,212 [WARN] PackLoader:240 - Cannot read IP mode file for STMicroelectronics.X-CUBE-BLEMGR.4.0.0
2025-07-18 17:32:24,219 [WARN] PackLoader:240 - Cannot read IP mode file for emotas.I-CUBE-CANOPEN.1.3.0
2025-07-18 17:32:24,222 [WARN] ConditionMgr:438 - getConditionDescription Invalid condition id : Cortex-A Device cause : null
2025-07-18 17:32:24,237 [WARN] ConditionMgr:1044 - genDependencies : Invalid condition id : Cortex-A Device cause : null
2025-07-18 17:32:24,237 [WARN] ConditionMgr:1044 - genDependencies : Invalid condition id : Cortex-A Device cause : null
2025-07-18 17:32:24,237 [WARN] ConditionMgr:1044 - genDependencies : Invalid condition id : Cortex-A Device cause : null
2025-07-18 17:32:24,241 [WARN] PackLoader:240 - Cannot read IP mode file for STMicroelectronics.X-CUBE-AI.10.0.0
2025-07-18 17:32:24,244 [WARN] PackLoader:240 - Cannot read IP mode file for STMicroelectronics.FP-SNS-SMARTAG2.1.2.0
2025-07-18 17:32:24,247 [WARN] PackLoader:240 - Cannot read IP mode file for STMicroelectronics.FP-SNS-FLIGHT1.5.1.0
2025-07-18 17:32:24,254 [INFO] LogOutputStream:77 - [STDOUT_REDIRECT] 1 : Invalid condition id : UX_CORESTACK_Condition cause : null
2025-07-18 17:32:24,255 [INFO] LogOutputStream:77 - [STDOUT_REDIRECT] 1 : Invalid condition id : UX_CORESTACK_Condition cause : null
2025-07-18 17:32:24,256 [INFO] LogOutputStream:77 - [STDOUT_REDIRECT] 1 : Invalid condition id : UX_CORESTACK_Condition cause : null
2025-07-18 17:32:24,257 [INFO] LogOutputStream:77 - [STDOUT_REDIRECT] 1 : Invalid condition id : UX_CORESTACK_Condition cause : null
2025-07-18 17:32:24,258 [INFO] LogOutputStream:77 - [STDOUT_REDIRECT] 1 : Invalid condition id : UX_CORESTACK_Condition cause : null
2025-07-18 17:32:24,260 [WARN] PackLoader:240 - Cannot read IP mode file for STMicroelectronics.X-CUBE-AZRTOS-WL.2.0.0
2025-07-18 17:32:24,263 [WARN] PackLoader:240 - Cannot read IP mode file for STMicroelectronics.FP-SNS-MOTENV1.5.0.0
2025-07-18 17:32:24,271 [WARN] PackLoader:240 - Cannot read IP mode file for WES.I-CUBE-Cesium.1.3.0
2025-07-18 17:32:24,274 [WARN] PackLoader:240 - Cannot read IP mode file for STMicroelectronics.X-CUBE-BLE2.3.3.0
2025-07-18 17:32:24,278 [WARN] PackLoader:240 - Cannot read IP mode file for STMicroelectronics.X-CUBE-NFC9.1.0.0
2025-07-18 17:32:24,282 [WARN] PackLoader:240 - Cannot read IP mode file for wolfSSL.I-CUBE-wolfSSL.5.8.0
2025-07-18 17:32:24,285 [WARN] PackLoader:240 - Cannot read IP mode file for STMicroelectronics.X-CUBE-BLE1.7.1.0
2025-07-18 17:32:24,288 [WARN] PackLoader:240 - Cannot read IP mode file for wolfSSL.I-CUBE-wolfMQTT.1.19.2
2025-07-18 17:32:24,291 [WARN] PackLoader:240 - Cannot read IP mode file for STMicroelectronics.X-CUBE-EEPRMA1.5.2.0
2025-07-18 17:32:24,294 [WARN] PackLoader:240 - Cannot read IP mode file for STMicroelectronics.X-CUBE-AI.10.1.0
2025-07-18 17:32:24,314 [WARN] PackLoader:240 - Cannot read IP mode file for STMicroelectronics.X-CUBE-MEMS1.11.2.0
2025-07-18 17:32:24,414 [WARN] PackLoader:240 - Cannot read IP mode file for STMicroelectronics.X-CUBE-AZRTOS-G0.1.1.0
2025-07-18 17:32:24,421 [WARN] PackLoader:240 - Cannot read IP mode file for STMicroelectronics.X-CUBE-SAFEA1.1.2.2
2025-07-18 17:32:24,426 [WARN] PackLoader:240 - Cannot read IP mode file for STMicroelectronics.X-CUBE-NFC4.3.0.0
2025-07-18 17:32:24,433 [WARN] PackLoader:240 - Cannot read IP mode file for EmbeddedOffice.I-CUBE-FS-RTOS.1.0.1
2025-07-18 17:32:24,437 [WARN] PackLoader:240 - Cannot read IP mode file for STMicroelectronics.X-CUBE-WB05N.2.0.0
2025-07-18 17:32:24,440 [WARN] PackLoader:240 - Cannot read IP mode file for wolfSSL.I-CUBE-wolfTPM.3.8.0
2025-07-18 17:32:24,444 [WARN] PackLoader:240 - Cannot read IP mode file for STMicroelectronics.X-CUBE-TCPP.4.2.0
2025-07-18 17:32:24,449 [WARN] PackLoader:240 - Cannot read IP mode file for RealThread.X-CUBE-RT-Thread_Nano.4.1.1
2025-07-18 17:32:24,452 [WARN] PackLoader:240 - Cannot read IP mode file for STMicroelectronics.FP-ATR-SIGFOX1.3.2.0
2025-07-18 17:32:24,455 [WARN] PackLoader:240 - Cannot read IP mode file for STMicroelectronics.X-CUBE-EEPRMA1.5.1.0
2025-07-18 17:32:24,459 [WARN] PackLoader:240 - Cannot read IP mode file for wolfSSL.I-CUBE-wolfSSL.5.7.6
2025-07-18 17:32:24,463 [WARN] PackLoader:240 - Cannot read IP mode file for ITTIA_DB.I-CUBE-ITTIADB.8.9.0
2025-07-18 17:32:24,470 [WARN] PackLoader:240 - Cannot read IP mode file for STMicroelectronics.X-CUBE-ST67W61.1.0.0
2025-07-18 17:32:24,488 [WARN] PackLoader:240 - Cannot read IP mode file for SEGGER.I-CUBE-embOS.1.3.1
2025-07-18 17:32:24,505 [WARN] PackLoader:240 - Cannot read IP mode file for STMicroelectronics.X-CUBE-ALGOBUILD.1.4.0
2025-07-18 17:32:24,526 [WARN] PackLoader:240 - Cannot read IP mode file for STMicroelectronics.X-CUBE-MEMS1.11.3.0
2025-07-18 17:32:24,582 [WARN] PackLoader:240 - Cannot read IP mode file for STMicroelectronics.X-CUBE-PM33A1.1.0.0
2025-07-18 17:32:24,594 [WARN] PackLoader:240 - Cannot read IP mode file for STMicroelectronics.X-CUBE-AZRTOS-F4.1.1.0
2025-07-18 17:32:24,597 [WARN] PackLoader:240 - Cannot read IP mode file for Avnet-IotConnect.X-CUBE-IoTC-DA16k-PMOD.1.0.0
2025-07-18 17:32:24,599 [WARN] PackLoader:240 - Cannot read IP mode file for STMicroelectronics.X-CUBE-ISPU.2.1.0
2025-07-18 17:32:24,603 [WARN] PackLoader:240 - Cannot read IP mode file for STMicroelectronics.X-CUBE-NFC12.1.0.0
2025-07-18 17:32:24,610 [WARN] PackLoader:240 - Cannot read IP mode file for STMicroelectronics.X-CUBE-AZRTOS-L5.2.0.0
2025-07-18 17:32:24,615 [WARN] PackLoader:240 - Cannot read IP mode file for STMicroelectronics.X-CUBE-NFC6.3.1.0
2025-07-18 17:32:24,618 [WARN] PackLoader:240 - Cannot read IP mode file for STMicroelectronics.X-CUBE-FREERTOS.1.3.1
2025-07-18 17:32:24,621 [WARN] PackLoader:240 - Cannot read IP mode file for STMicroelectronics.X-CUBE-FREERTOS.1.3.0
2025-07-18 17:32:24,624 [WARN] PackLoader:240 - Cannot read IP mode file for STMicroelectronics.X-CUBE-NFC7.1.0.1
2025-07-18 17:32:24,626 [WARN] PackLoader:240 - Cannot read IP mode file for STMicroelectronics.FP-SNS-STAIOTCFT.1.0.0
2025-07-18 17:32:24,629 [WARN] PackLoader:240 - Cannot read IP mode file for STMicroelectronics.X-CUBE-DPower.1.3.0
2025-07-18 17:32:24,637 [WARN] ConditionMgr:438 - getConditionDescription Invalid condition id : LAN8742 Phy interface Condition cause : null
2025-07-18 17:32:24,637 [WARN] PackLoader:240 - Cannot read IP mode file for STMicroelectronics.X-CUBE-AZRTOS-L4.2.0.0
2025-07-18 17:32:24,638 [WARN] ConditionMgr:1044 - genDependencies : Invalid condition id : LAN8742 Phy interface Condition cause : null
2025-07-18 17:32:24,638 [WARN] ConditionMgr:1044 - genDependencies : Invalid condition id : LAN8742 Phy interface Condition cause : null
2025-07-18 17:32:24,638 [WARN] ConditionMgr:1044 - genDependencies : Invalid condition id : LAN8742 Phy interface Condition cause : null
2025-07-18 17:32:24,642 [WARN] PackLoader:240 - Cannot read IP mode file for STMicroelectronics.X-CUBE-SFXS2LP1.4.0.0
2025-07-18 17:32:24,650 [WARN] PackLoader:240 - Cannot read IP mode file for STMicroelectronics.X-CUBE-AZRTOS-H7.3.3.0
2025-07-18 17:32:24,659 [WARN] ConditionMgr:438 - getConditionDescription Invalid condition id : UX DEVICE CLASS RTOS Condition cause : null
2025-07-18 17:32:24,659 [WARN] ConditionMgr:438 - getConditionDescription Invalid condition id : UX DEVICE CLASS RTOS Condition cause : null
2025-07-18 17:32:24,660 [WARN] PackLoader:240 - Cannot read IP mode file for STMicroelectronics.X-CUBE-AZRTOS-WB.2.0.0
2025-07-18 17:32:24,660 [WARN] ConditionMgr:1044 - genDependencies : Invalid condition id : UX DEVICE CLASS RTOS Condition cause : null
2025-07-18 17:32:24,660 [WARN] ConditionMgr:1044 - genDependencies : Invalid condition id : UX DEVICE CLASS RTOS Condition cause : null
2025-07-18 17:32:24,661 [WARN] ConditionMgr:1044 - genDependencies : Invalid condition id : UX DEVICE CLASS RTOS Condition cause : null
2025-07-18 17:32:24,661 [WARN] ConditionMgr:1044 - genDependencies : Invalid condition id : UX DEVICE CLASS RTOS Condition cause : null
2025-07-18 17:32:24,661 [WARN] ConditionMgr:1044 - genDependencies : Invalid condition id : UX DEVICE CLASS RTOS Condition cause : null
2025-07-18 17:32:24,664 [WARN] PackLoader:240 - Cannot read IP mode file for STMicroelectronics.X-CUBE-GNSS1.7.0.1
2025-07-18 17:32:24,670 [WARN] PackLoader:240 - Cannot read IP mode file for STMicroelectronics.X-CUBE-TOUCHGFX.4.25.0
2025-07-18 17:32:24,674 [WARN] PackLoader:240 - Cannot read IP mode file for STMicroelectronics.FP-SNS-STBOX1.2.0.0
2025-07-18 17:32:24,680 [WARN] PackLoader:240 - Cannot read IP mode file for STMicroelectronics.X-CUBE-SUBG2.5.0.0
2025-07-18 17:32:24,689 [WARN] PackLoader:240 - Cannot read IP mode file for STMicroelectronics.X-CUBE-AZRTOS-H7RS.1.1.0
2025-07-18 17:32:24,693 [WARN] PackLoader:240 - Cannot read IP mode file for Cesanta.I-CUBE-Mongoose.7.13.0
2025-07-18 17:32:24,701 [WARN] PackLoader:240 - Cannot read IP mode file for STMicroelectronics.X-CUBE-AZRTOS-G4.2.0.0
2025-07-18 17:32:24,705 [WARN] PackLoader:240 - Cannot read IP mode file for wolfSSL.I-CUBE-wolfSSH.1.4.20
2025-07-18 17:32:24,709 [WARN] PackLoader:240 - Cannot read IP mode file for STMicroelectronics.X-CUBE-NFC7.2.0.0
2025-07-18 17:32:24,715 [WARN] PackLoader:240 - Cannot read IP mode file for STMicroelectronics.X-CUBE-IPS.3.1.0
2025-07-18 17:32:24,721 [WARN] PackLoader:240 - Cannot read IP mode file for STMicroelectronics.X-CUBE-ALS.1.0.2
2025-07-18 17:32:24,724 [WARN] PackLoader:240 - Cannot read IP mode file for portGmbH.I-Cube-SoM-uGOAL.1.1.0
2025-07-18 17:32:24,729 [WARN] PackLoader:240 - Cannot read IP mode file for STMicroelectronics.X-CUBE-TOF1.3.4.3
2025-07-18 17:32:24,735 [INFO] ThirdParty:978 - Integrity check success = true
2025-07-18 17:32:24,735 [INFO] IntegrityCheckThread:100 - exiting critical section [integrity check]
2025-07-18 17:32:24,735 [INFO] IntegrityCheckThread:103 - End integrity checks thread
2025-07-18 17:47:46,547 [INFO] WebApp:194 - Connection lost
2025-07-18 17:47:46,869 [INFO] WebApp:191 - Connection restablished
2025-07-18 17:48:35,053 [INFO] WebApp:194 - Connection lost
2025-07-18 17:48:35,249 [INFO] WebApp:191 - Connection restablished
2025-07-18 17:58:38,536 [INFO] WebApp:194 - Connection lost
2025-07-18 17:58:38,811 [INFO] WebApp:191 - Connection restablished
2025-07-18 17:58:55,534 [INFO] WebApp:194 - Connection lost
2025-07-18 17:58:55,684 [INFO] WebApp:191 - Connection restablished
2025-07-18 18:01:57,539 [INFO] WebApp:194 - Connection lost
2025-07-18 18:01:57,699 [INFO] WebApp:191 - Connection restablished
2025-07-18 18:02:54,960 [ERROR] LogOutputStream:75 - [STDERR_REDIRECT] 
2025-07-18 19:06:07,219 [INFO] Activator:176 - 


2025-07-18 19:06:07,221 [INFO] Activator:177 - !SESSION log4j initialized
2025-07-18 19:06:10,750 [INFO] LogOutputStream:77 - [STDOUT_REDIRECT] 
2025-07-18 19:06:11,332 [INFO] ApplicationProperties:184 - Using Application install path: D:\STM32\STM32CubeIDE_1.19.0\STM32CubeIDE\plugins\com.st.stm32cube.common.mx_6.15.0.202507011659
2025-07-18 19:06:11,343 [INFO] DbMcusXml:78 - Set database path to: D:\STM32\STM32CubeIDE_1.19.0\STM32CubeIDE\plugins\com.st.stm32cube.common.mx_6.15.0.202507011659\\db\/mcu/
2025-07-18 19:06:11,343 [INFO] ApiDb:274 - Set plugin database path to: D:\STM32\STM32CubeIDE_1.19.0\STM32CubeIDE\plugins\com.st.stm32cube.common.mx_6.15.0.202507011659\\db\/plugins/boardmanager/
2025-07-18 19:06:11,344 [WARN] ApiDb:259 - Overriding images path with different value:  => D:\STM32\STM32CubeIDE_1.19.0\STM32CubeIDE\plugins\com.st.stm32cube.common.mx_6.15.0.202507011659\\db\/plugins/mcufinder/images/
2025-07-18 19:06:11,346 [INFO] ApiDb:250 - Set database path to: C:\Users\khuon\.stmcufinder\plugins\mcufinder//mcu/
2025-07-18 19:06:11,347 [INFO] DbMcusAds:125 - Set database path to: C:\Users\khuon\.stmcufinder\plugins\mcufinder//mcu/
2025-07-18 19:06:11,348 [INFO] CrossReferenceDbSqlite:203 - Set database path to: C:\Users\khuon\.stmcufinder\plugins\mcufinder//mcu/cs/
2025-07-18 19:06:11,426 [INFO] RulesReader:64 - Compatibility file has been processed (317 Rules)
2025-07-18 19:06:11,474 [INFO] DbMcusXml:78 - Set database path to: D:\STM32\STM32CubeIDE_1.19.0\STM32CubeIDE\plugins\com.st.stm32cube.common.mx_6.15.0.202507011659\\db\/mcu/
2025-07-18 19:06:11,474 [INFO] ApiDb:274 - Set plugin database path to: D:\STM32\STM32CubeIDE_1.19.0\STM32CubeIDE\plugins\com.st.stm32cube.common.mx_6.15.0.202507011659\\db\/plugins/boardmanager/
2025-07-18 19:06:11,474 [INFO] ApiDb:261 - Set plugin images path to: D:\STM32\STM32CubeIDE_1.19.0\STM32CubeIDE\plugins\com.st.stm32cube.common.mx_6.15.0.202507011659\\db\/plugins/mcufinder/images/
2025-07-18 19:06:11,475 [WARN] DbFile:41 - Overriding database path with different value: C:\Users\khuon\.stmcufinder\plugins\mcufinder/ => C:\Users\khuon\.stmcufinder\plugins\mcufinder
2025-07-18 19:06:11,475 [INFO] ApiDb:250 - Set database path to: C:\Users\khuon\.stmcufinder\plugins\mcufinder//mcu/
2025-07-18 19:06:11,475 [WARN] DbFile:41 - Overriding database path with different value: C:\Users\khuon\.stmcufinder\plugins\mcufinder/ => C:\Users\khuon\.stmcufinder\plugins\mcufinder
2025-07-18 19:06:11,475 [INFO] DbMcusAds:125 - Set database path to: C:\Users\khuon\.stmcufinder\plugins\mcufinder//mcu/
2025-07-18 19:06:11,475 [WARN] DbFile:41 - Overriding database path with different value: C:\Users\khuon\.stmcufinder\plugins\mcufinder/ => C:\Users\khuon\.stmcufinder\plugins\mcufinder
2025-07-18 19:06:11,475 [WARN] DbFile:41 - Overriding database path with different value: C:\Users\khuon\.stmcufinder\plugins\mcufinder/ => C:\Users\khuon\.stmcufinder\plugins\mcufinder
2025-07-18 19:06:11,475 [INFO] CrossReferenceDbSqlite:203 - Set database path to: C:\Users\khuon\.stmcufinder\plugins\mcufinder//mcu/cs/
2025-07-18 19:06:11,521 [INFO] MainPanel:274 - HeapMemory: 268435456
2025-07-18 19:06:11,585 [INFO] DbMcusXml:78 - Set database path to: D:\STM32\STM32CubeIDE_1.19.0\STM32CubeIDE\plugins\com.st.stm32cube.common.mx_6.15.0.202507011659\\db\/mcu/
2025-07-18 19:06:11,585 [INFO] ApiDb:274 - Set plugin database path to: D:\STM32\STM32CubeIDE_1.19.0\STM32CubeIDE\plugins\com.st.stm32cube.common.mx_6.15.0.202507011659\\db\/plugins/boardmanager/
2025-07-18 19:06:11,585 [INFO] ApiDb:261 - Set plugin images path to: D:\STM32\STM32CubeIDE_1.19.0\STM32CubeIDE\plugins\com.st.stm32cube.common.mx_6.15.0.202507011659\\db\/plugins/mcufinder/images/
2025-07-18 19:06:11,585 [WARN] DbFile:41 - Overriding database path with different value: C:\Users\khuon\.stmcufinder\plugins\mcufinder/ => C:\Users\khuon\.stmcufinder\plugins\mcufinder
2025-07-18 19:06:11,585 [INFO] ApiDb:250 - Set database path to: C:\Users\khuon\.stmcufinder\plugins\mcufinder//mcu/
2025-07-18 19:06:11,586 [WARN] DbFile:41 - Overriding database path with different value: C:\Users\khuon\.stmcufinder\plugins\mcufinder/ => C:\Users\khuon\.stmcufinder\plugins\mcufinder
2025-07-18 19:06:11,586 [INFO] DbMcusAds:125 - Set database path to: C:\Users\khuon\.stmcufinder\plugins\mcufinder//mcu/
2025-07-18 19:06:11,586 [WARN] DbFile:41 - Overriding database path with different value: C:\Users\khuon\.stmcufinder\plugins\mcufinder/ => C:\Users\khuon\.stmcufinder\plugins\mcufinder
2025-07-18 19:06:11,586 [WARN] DbFile:41 - Overriding database path with different value: C:\Users\khuon\.stmcufinder\plugins\mcufinder/ => C:\Users\khuon\.stmcufinder\plugins\mcufinder
2025-07-18 19:06:11,586 [INFO] CrossReferenceDbSqlite:203 - Set database path to: C:\Users\khuon\.stmcufinder\plugins\mcufinder//mcu/cs/
2025-07-18 19:06:11,600 [INFO] ApplicationProperties:184 - Using Application install path: D:\STM32\STM32CubeIDE_1.19.0\STM32CubeIDE\plugins\com.st.stm32cube.common.mx_6.15.0.202507011659
2025-07-18 19:06:11,601 [INFO] PluginManage:196 - Search for loadable plugins [exclusion list=, ]
2025-07-18 19:06:11,601 [INFO] PluginManage:310 - Check plugin analytics
2025-07-18 19:06:11,717 [INFO] AnalyticsPlugin:253 - Accepted Software Licenses: 
2025-07-18 19:06:11,717 [INFO] AnalyticsPlugin:255 - Accepted CMSIS Pack Licenses: 
2025-07-18 19:06:11,717 [INFO] AnalyticsPlugin:257 - Accepted Firmware Licenses: FW.F4.1.28.0
2025-07-18 19:06:11,719 [INFO] PluginManage:359 - Loaded plugin analytics (category:tool,tabindex:-1)
2025-07-18 19:06:11,719 [INFO] PluginManage:310 - Check plugin cadmodel
2025-07-18 19:06:11,722 [INFO] CADModel:105 - Init CAD model plugin
2025-07-18 19:06:11,722 [INFO] PluginManage:359 - Loaded plugin cadmodel (category:power,tabindex:5)
2025-07-18 19:06:11,722 [INFO] PluginManage:310 - Check plugin clock
2025-07-18 19:06:11,726 [INFO] PluginManage:359 - Loaded plugin clock (category:base,tabindex:2)
2025-07-18 19:06:11,726 [INFO] PluginManage:310 - Check plugin ddr
2025-07-18 19:06:11,728 [INFO] PluginManage:359 - Loaded plugin ddr (category:tool,tabindex:6)
2025-07-18 19:06:11,728 [INFO] PluginManage:310 - Check plugin filemanager
2025-07-18 19:06:11,820 [INFO] PluginManage:359 - Loaded plugin filemanager (category:base,tabindex:10)
2025-07-18 19:06:11,820 [INFO] PluginManage:310 - Check plugin ipmanager
2025-07-18 19:06:11,825 [INFO] PluginManage:359 - Loaded plugin ipmanager (category:base,tabindex:5)
2025-07-18 19:06:11,825 [INFO] PluginManage:310 - Check plugin lpbam
2025-07-18 19:06:11,830 [INFO] PluginManage:359 - Loaded plugin lpbam (category:base,tabindex:0)
2025-07-18 19:06:11,830 [INFO] PluginManage:310 - Check plugin memorymap
2025-07-18 19:06:11,839 [INFO] PluginManage:359 - Loaded plugin memorymap (category:base,tabindex:4)
2025-07-18 19:06:11,839 [INFO] PluginManage:310 - Check plugin pinoutandconfiguration
2025-07-18 19:06:11,844 [INFO] PluginManage:359 - Loaded plugin pinoutandconfiguration (category:base,tabindex:1)
2025-07-18 19:06:11,844 [INFO] PluginManage:310 - Check plugin pinoutconfig
2025-07-18 19:06:11,897 [WARN] SupportedApi:132 - Cannot load RTOS API schema: s4s-elt-must-match.1: The content of 'definitions' must match (annotation?, (simpleType | complexType)?, (unique | key | keyref)*)). A problem was found starting at: attribute.
2025-07-18 19:06:11,978 [INFO] PluginManage:359 - Loaded plugin pinoutconfig (category:base,tabindex:0)
2025-07-18 19:06:11,978 [INFO] PluginManage:310 - Check plugin power
2025-07-18 19:06:11,983 [INFO] PluginManage:359 - Loaded plugin power (category:power,tabindex:4)
2025-07-18 19:06:11,983 [INFO] PluginManage:310 - Check plugin projectmanager
2025-07-18 19:06:12,007 [INFO] PluginManage:359 - Loaded plugin projectmanager (category:projectmanager,tabindex:4)
2025-07-18 19:06:12,007 [INFO] PluginManage:310 - Check plugin rif
2025-07-18 19:06:12,014 [INFO] PluginManage:359 - Loaded plugin rif (category:base,tabindex:3)
2025-07-18 19:06:12,015 [INFO] PluginManage:310 - Check plugin thirdparty
2025-07-18 19:06:12,112 [INFO] PluginManage:359 - Loaded plugin thirdparty (category:base,tabindex:-1)
2025-07-18 19:06:12,113 [INFO] PluginManage:310 - Check plugin tools
2025-07-18 19:06:12,112 [WARN] IntegrityCheckThread:84 - waiting for thirdparty lock release [integrity check]
2025-07-18 19:06:12,113 [INFO] IntegrityCheckThread:86 - entering critical section [integrity check]
2025-07-18 19:06:12,113 [INFO] ThirdPartyUpdaterWithRetryManager:70 - Updater plugin not ready yet. [1/15]
2025-07-18 19:06:12,114 [INFO] PluginManage:359 - Loaded plugin tools (category:base,tabindex:7)
2025-07-18 19:06:12,114 [INFO] PluginManage:310 - Check plugin tutovideos
2025-07-18 19:06:12,235 [INFO] PluginManage:359 - Loaded plugin tutovideos (category:base,tabindex:-1)
2025-07-18 19:06:12,235 [INFO] PluginManage:310 - Check plugin updater
2025-07-18 19:06:12,253 [INFO] PluginManage:359 - Loaded plugin updater (category:base,tabindex:12)
2025-07-18 19:06:12,253 [INFO] PluginManage:310 - Check plugin userauth
2025-07-18 19:06:12,255 [INFO] UserAuth:118 - Init User Auth plugin
2025-07-18 19:06:12,256 [INFO] PluginManage:359 - Loaded plugin userauth (category:base,tabindex:14)
2025-07-18 19:06:12,256 [INFO] PluginManage:283 - PluginManage : Loaded plugins [18]
2025-07-18 19:06:12,384 [INFO] PinOutPanel:1589 - setPackage(No Configuration,No Configuration)
2025-07-18 19:06:12,440 [INFO] CADModel:165 - CPN selected for project level
2025-07-18 19:06:12,440 [INFO] CADModel:114 - Register for checkConnection events
2025-07-18 19:06:12,450 [INFO] IPUIPlugin:80 - create IPUIPlugin
2025-07-18 19:06:12,450 [INFO] PluginManager:220 - loadIPPluginJar : add adc
2025-07-18 19:06:12,452 [INFO] IPUIPlugin:80 - create IPUIPlugin
2025-07-18 19:06:12,452 [INFO] PluginManager:220 - loadIPPluginJar : add aes
2025-07-18 19:06:12,453 [INFO] IPUIPlugin:80 - create IPUIPlugin
2025-07-18 19:06:12,453 [INFO] PluginManager:220 - loadIPPluginJar : add can
2025-07-18 19:06:12,454 [INFO] IPUIPlugin:80 - create IPUIPlugin
2025-07-18 19:06:12,454 [INFO] PluginManager:220 - loadIPPluginJar : add comp
2025-07-18 19:06:12,455 [INFO] IPUIPlugin:80 - create IPUIPlugin
2025-07-18 19:06:12,455 [INFO] PluginManager:220 - loadIPPluginJar : add cryp
2025-07-18 19:06:12,458 [INFO] IPUIPlugin:80 - create IPUIPlugin
2025-07-18 19:06:12,458 [INFO] PluginManager:220 - loadIPPluginJar : add ddr_ctrl_phy
2025-07-18 19:06:12,459 [INFO] IPUIPlugin:80 - create IPUIPlugin
2025-07-18 19:06:12,459 [INFO] PluginManager:220 - loadIPPluginJar : add dfsdm
2025-07-18 19:06:12,463 [INFO] IPUIPlugin:80 - create IPUIPlugin
2025-07-18 19:06:12,463 [INFO] PluginManager:220 - loadIPPluginJar : add dma
2025-07-18 19:06:12,464 [INFO] IPUIPlugin:80 - create IPUIPlugin
2025-07-18 19:06:12,464 [INFO] PluginManager:220 - loadIPPluginJar : add dma3
2025-07-18 19:06:12,466 [INFO] IPUIPlugin:80 - create IPUIPlugin
2025-07-18 19:06:12,466 [INFO] PluginManager:220 - loadIPPluginJar : add extmemmanager
2025-07-18 19:06:12,467 [INFO] IPUIPlugin:80 - create IPUIPlugin
2025-07-18 19:06:12,467 [INFO] PluginManager:220 - loadIPPluginJar : add fatfs
2025-07-18 19:06:12,469 [INFO] IPUIPlugin:80 - create IPUIPlugin
2025-07-18 19:06:12,470 [INFO] PluginManager:220 - loadIPPluginJar : add fmc
2025-07-18 19:06:12,473 [INFO] IPUIPlugin:80 - create IPUIPlugin
2025-07-18 19:06:12,473 [INFO] PluginManager:220 - loadIPPluginJar : add freertos
2025-07-18 19:06:12,474 [INFO] IPUIPlugin:80 - create IPUIPlugin
2025-07-18 19:06:12,474 [INFO] PluginManager:220 - loadIPPluginJar : add genericplugin
2025-07-18 19:06:12,475 [INFO] IPUIPlugin:80 - create IPUIPlugin
2025-07-18 19:06:12,475 [INFO] PluginManager:220 - loadIPPluginJar : add gfxmmu
2025-07-18 19:06:12,478 [INFO] IPUIPlugin:80 - create IPUIPlugin
2025-07-18 19:06:12,478 [INFO] PluginManager:220 - loadIPPluginJar : add gic
2025-07-18 19:06:12,480 [INFO] IPUIPlugin:80 - create IPUIPlugin
2025-07-18 19:06:12,480 [INFO] PluginManager:220 - loadIPPluginJar : add gpio
2025-07-18 19:06:12,482 [INFO] IPUIPlugin:80 - create IPUIPlugin
2025-07-18 19:06:12,482 [INFO] PluginManager:220 - loadIPPluginJar : add gtzc
2025-07-18 19:06:12,484 [INFO] IPUIPlugin:80 - create IPUIPlugin
2025-07-18 19:06:12,484 [INFO] PluginManager:220 - loadIPPluginJar : add hash
2025-07-18 19:06:12,485 [INFO] IPUIPlugin:80 - create IPUIPlugin
2025-07-18 19:06:12,485 [INFO] PluginManager:220 - loadIPPluginJar : add i2c
2025-07-18 19:06:12,486 [INFO] IPUIPlugin:80 - create IPUIPlugin
2025-07-18 19:06:12,486 [INFO] PluginManager:220 - loadIPPluginJar : add i2s
2025-07-18 19:06:12,488 [INFO] IPUIPlugin:80 - create IPUIPlugin
2025-07-18 19:06:12,488 [INFO] PluginManager:220 - loadIPPluginJar : add i3c
2025-07-18 19:06:12,490 [INFO] IPUIPlugin:80 - create IPUIPlugin
2025-07-18 19:06:12,491 [INFO] PluginManager:220 - loadIPPluginJar : add ipddr
2025-07-18 19:06:12,495 [INFO] IPUIPlugin:80 - create IPUIPlugin
2025-07-18 19:06:12,495 [INFO] PluginManager:220 - loadIPPluginJar : add linkedlist
2025-07-18 19:06:12,498 [INFO] IPUIPlugin:80 - create IPUIPlugin
2025-07-18 19:06:12,498 [INFO] PluginManager:220 - loadIPPluginJar : add lorawan
2025-07-18 19:06:12,499 [INFO] IPUIPlugin:80 - create IPUIPlugin
2025-07-18 19:06:12,499 [INFO] PluginManager:220 - loadIPPluginJar : add ltdc
2025-07-18 19:06:12,503 [INFO] IPUIPlugin:80 - create IPUIPlugin
2025-07-18 19:06:12,503 [INFO] PluginManager:220 - loadIPPluginJar : add mdma
2025-07-18 19:06:12,505 [INFO] IPUIPlugin:80 - create IPUIPlugin
2025-07-18 19:06:12,506 [INFO] PluginManager:220 - loadIPPluginJar : add nvic
2025-07-18 19:06:12,509 [INFO] IPUIPlugin:80 - create IPUIPlugin
2025-07-18 19:06:12,509 [INFO] PluginManager:220 - loadIPPluginJar : add opamp
2025-07-18 19:06:12,511 [INFO] IPUIPlugin:80 - create IPUIPlugin
2025-07-18 19:06:12,511 [INFO] PluginManager:220 - loadIPPluginJar : add openamp
2025-07-18 19:06:12,513 [INFO] IPUIPlugin:80 - create IPUIPlugin
2025-07-18 19:06:12,513 [INFO] PluginManager:220 - loadIPPluginJar : add pdm2pcm
2025-07-18 19:06:12,517 [INFO] IPUIPlugin:80 - create IPUIPlugin
2025-07-18 19:06:12,518 [INFO] PluginManager:220 - loadIPPluginJar : add plateformsettings
2025-07-18 19:06:12,519 [INFO] IPUIPlugin:80 - create IPUIPlugin
2025-07-18 19:06:12,519 [INFO] PluginManager:220 - loadIPPluginJar : add quadspi
2025-07-18 19:06:12,520 [INFO] IPUIPlugin:80 - create IPUIPlugin
2025-07-18 19:06:12,521 [INFO] PluginManager:220 - loadIPPluginJar : add radio
2025-07-18 19:06:12,522 [INFO] IPUIPlugin:80 - create IPUIPlugin
2025-07-18 19:06:12,522 [INFO] PluginManager:220 - loadIPPluginJar : add resmgrutility
2025-07-18 19:06:12,525 [INFO] IPUIPlugin:80 - create IPUIPlugin
2025-07-18 19:06:12,525 [INFO] PluginManager:220 - loadIPPluginJar : add sai
2025-07-18 19:06:12,526 [INFO] IPUIPlugin:80 - create IPUIPlugin
2025-07-18 19:06:12,526 [INFO] PluginManager:220 - loadIPPluginJar : add spi
2025-07-18 19:06:12,541 [INFO] IPUIPlugin:80 - create IPUIPlugin
2025-07-18 19:06:12,541 [INFO] PluginManager:220 - loadIPPluginJar : add stm32_wpan
2025-07-18 19:06:12,542 [INFO] IPUIPlugin:80 - create IPUIPlugin
2025-07-18 19:06:12,542 [INFO] PluginManager:220 - loadIPPluginJar : add tim
2025-07-18 19:06:12,546 [INFO] IPUIPlugin:80 - create IPUIPlugin
2025-07-18 19:06:12,546 [INFO] PluginManager:220 - loadIPPluginJar : add touchsensing
2025-07-18 19:06:12,548 [INFO] IPUIPlugin:80 - create IPUIPlugin
2025-07-18 19:06:12,548 [INFO] PluginManager:220 - loadIPPluginJar : add tracer_emb
2025-07-18 19:06:12,549 [INFO] IPUIPlugin:80 - create IPUIPlugin
2025-07-18 19:06:12,549 [INFO] PluginManager:220 - loadIPPluginJar : add ts
2025-07-18 19:06:12,550 [INFO] IPUIPlugin:80 - create IPUIPlugin
2025-07-18 19:06:12,550 [INFO] PluginManager:220 - loadIPPluginJar : add tsc
2025-07-18 19:06:12,551 [INFO] IPUIPlugin:80 - create IPUIPlugin
2025-07-18 19:06:12,551 [INFO] PluginManager:220 - loadIPPluginJar : add ucpd
2025-07-18 19:06:12,554 [INFO] IPUIPlugin:80 - create IPUIPlugin
2025-07-18 19:06:12,554 [INFO] PluginManager:220 - loadIPPluginJar : add usart
2025-07-18 19:06:12,556 [INFO] IPUIPlugin:80 - create IPUIPlugin
2025-07-18 19:06:12,556 [INFO] PluginManager:220 - loadIPPluginJar : add usbx
2025-07-18 19:06:12,664 [FATAL] Updater:351 - Updater called before beeing initialized
2025-07-18 19:06:12,713 [INFO] RulesReader:64 - Compatibility file has been processed (317 Rules)
2025-07-18 19:06:12,733 [INFO] RulesReader:64 - Compatibility file has been processed (317 Rules)
2025-07-18 19:06:12,758 [INFO] CADModel:165 - CPN selected for project level
2025-07-18 19:06:12,759 [INFO] CADModel:114 - Register for checkConnection events
2025-07-18 19:06:12,759 [FATAL] Updater:351 - Updater called before beeing initialized
2025-07-18 19:06:12,759 [ERROR] CADModel:125 - Updater not yet initialized, retry later 
2025-07-18 19:06:12,868 [FATAL] Updater:351 - Updater called before beeing initialized
2025-07-18 19:06:12,884 [INFO] CADModel:165 - CPN selected for project level
2025-07-18 19:06:12,884 [INFO] CADModel:114 - Register for checkConnection events
2025-07-18 19:06:12,884 [FATAL] Updater:351 - Updater called before beeing initialized
2025-07-18 19:06:12,884 [ERROR] CADModel:125 - Updater not yet initialized, retry later 
2025-07-18 19:06:12,887 [FATAL] Updater:351 - Updater called before beeing initialized
2025-07-18 19:06:12,956 [FATAL] Updater:351 - Updater called before beeing initialized
2025-07-18 19:06:12,960 [INFO] DbMcusAds:53 - JSON generation date=Thu Jun 19 15:32:37 ICT 2025 (1750321957418)
2025-07-18 19:06:12,960 [FATAL] Updater:351 - Updater called before beeing initialized
2025-07-18 19:06:12,980 [WARN] DetailPanel:346 - Failed to get advertising image, set to default
2025-07-18 19:06:13,032 [FATAL] Updater:351 - Updater called before beeing initialized
2025-07-18 19:06:13,033 [FATAL] Updater:351 - Updater called before beeing initialized
2025-07-18 19:06:13,034 [FATAL] Updater:351 - Updater called before beeing initialized
2025-07-18 19:06:13,034 [WARN] DetailPanel:346 - Failed to get advertising image, set to default
2025-07-18 19:06:13,036 [FATAL] Updater:351 - Updater called before beeing initialized
2025-07-18 19:06:13,064 [ERROR] Updater:1198 - MainUpdater not yet initialized. External WinMGr cannot be set.
2025-07-18 19:06:13,065 [INFO] Updater:1134 - Updater Version found : 6.15.0
2025-07-18 19:06:13,074 [INFO] ApplicationProperties:184 - Using Application install path: D:\STM32\STM32CubeIDE_1.19.0\STM32CubeIDE\plugins\com.st.stm32cube.common.mx_6.15.0.202507011659
2025-07-18 19:06:14,644 [ERROR] LogOutputStream:75 - [STDERR_REDIRECT] Jul 18, 2025 7:06:14 PM java.util.prefs.WindowsPreferences <init>
2025-07-18 19:06:14,644 [ERROR] LogOutputStream:75 - [STDERR_REDIRECT] WARNING: Could not open/create prefs root node Software\JavaSoft\Prefs at root 0xffffffff80000002. Windows RegCreateKeyEx(...) returned error code 5.
2025-07-18 19:06:14,645 [ERROR] LogOutputStream:75 - [STDERR_REDIRECT] 
2025-07-18 19:06:14,966 [INFO] MainUpdater:2872 - connection check result : 10
2025-07-18 19:06:14,966 [INFO] MainUpdater:289 - Updater Check For Update Now.
2025-07-18 19:06:14,966 [INFO] MicroXplorer:498 - Change Database Version : DB.6.0.150
2025-07-18 19:06:14,973 [INFO] McuFinderGlobals:63 - Set McuFinder mode to 2 (CubeIDE integrated)
2025-07-18 19:06:14,974 [INFO] UserAuth:487 - Internet connection configuration mode: 1
2025-07-18 19:06:15,000 [INFO] JxBrowserEngine:152 - Initiate JxBrowser Engine with user profile folder
2025-07-18 19:06:15,114 [WARN] MainUpdater:1193 - Updater busy. Cannot search thirdparties
2025-07-18 19:06:15,114 [INFO] ThirdPartyUpdaterWithRetryManager:96 - Updater plugin is busy. [1/15]
2025-07-18 19:06:15,116 [INFO] CheckServerUpdateThread:120 - End of CheckServer Thread
2025-07-18 19:06:15,381 [INFO] WebApp:169 - Instantiating new browser for Auth
2025-07-18 19:06:15,797 [INFO] WebApp:463 - Apply proxy settings
2025-07-18 19:06:15,797 [INFO] WebApp:548 - Chromium requires no authentication
2025-07-18 19:06:15,802 [INFO] WebApp:491 - Direct internet connection detected
2025-07-18 19:06:15,813 [INFO] WebApp:900 - Register for checkConnection events
2025-07-18 19:06:15,813 [INFO] WebApp:463 - Apply proxy settings
2025-07-18 19:06:15,813 [INFO] WebApp:548 - Chromium requires no authentication
2025-07-18 19:06:15,814 [INFO] WebApp:491 - Direct internet connection detected
2025-07-18 19:06:15,907 [INFO] WebApp:225 - Starting web application
2025-07-18 19:06:15,907 [INFO] WebApp:593 - Web application path used D:\STM32\STM32CubeIDE_1.19.0\STM32CubeIDE\plugins\com.st.stm32cube.common.mx_6.15.0.202507011659\db\plugins\mcufinder\reactClient1\index.html
2025-07-18 19:06:15,964 [INFO] UserAuth:487 - Internet connection configuration mode: 1
2025-07-18 19:06:16,212 [INFO] WebApp:191 - Connection restablished
2025-07-18 19:06:18,226 [WARN] PackLoader:240 - Cannot read IP mode file for STMicroelectronics.FP-SNS-MOTENVWB1.1.4.0
2025-07-18 19:06:18,231 [WARN] PackLoader:240 - Cannot read IP mode file for STMicroelectronics.FP-ATR-ASTRA1.2.0.2
2025-07-18 19:06:18,236 [WARN] PackLoader:240 - Cannot read IP mode file for STMicroelectronics.X-CUBE-SMBUS.2.1.0
2025-07-18 19:06:18,239 [WARN] PackLoader:240 - Cannot read IP mode file for STMicroelectronics.X-CUBE-ST60.1.0.0
2025-07-18 19:06:18,255 [WARN] PackLoader:240 - Cannot read IP mode file for STMicroelectronics.X-CUBE-AZRTOS-F7.1.1.0
2025-07-18 19:06:18,271 [WARN] PackLoader:240 - Cannot read IP mode file for Infineon.AIROC-Wi-Fi-Bluetooth-STM32.1.7.0
2025-07-18 19:06:18,286 [WARN] PackLoader:240 - Cannot read IP mode file for Infineon.AIROC-Wi-Fi-Bluetooth-STM32.1.7.1
2025-07-18 19:06:18,301 [WARN] PackLoader:240 - Cannot read IP mode file for STMicroelectronics.X-CUBE-AZRTOS-H7.3.4.0
2025-07-18 19:06:18,307 [WARN] PackLoader:240 - Cannot read IP mode file for STMicroelectronics.X-CUBE-DISPLAY.3.0.0
2025-07-18 19:06:18,314 [WARN] PackLoader:240 - Cannot read IP mode file for STMicroelectronics.X-CUBE-NFC10.1.0.0
2025-07-18 19:06:18,320 [WARN] PackLoader:240 - Cannot read IP mode file for STMicroelectronics.X-CUBE-BLEMGR.4.0.0
2025-07-18 19:06:18,328 [WARN] PackLoader:240 - Cannot read IP mode file for emotas.I-CUBE-CANOPEN.1.3.0
2025-07-18 19:06:18,331 [WARN] ConditionMgr:438 - getConditionDescription Invalid condition id : Cortex-A Device cause : null
2025-07-18 19:06:18,342 [WARN] ConditionMgr:1044 - genDependencies : Invalid condition id : Cortex-A Device cause : null
2025-07-18 19:06:18,342 [WARN] ConditionMgr:1044 - genDependencies : Invalid condition id : Cortex-A Device cause : null
2025-07-18 19:06:18,343 [WARN] ConditionMgr:1044 - genDependencies : Invalid condition id : Cortex-A Device cause : null
2025-07-18 19:06:18,346 [WARN] PackLoader:240 - Cannot read IP mode file for STMicroelectronics.X-CUBE-AI.10.0.0
2025-07-18 19:06:18,348 [WARN] PackLoader:240 - Cannot read IP mode file for STMicroelectronics.FP-SNS-SMARTAG2.1.2.0
2025-07-18 19:06:18,352 [WARN] PackLoader:240 - Cannot read IP mode file for STMicroelectronics.FP-SNS-FLIGHT1.5.1.0
2025-07-18 19:06:18,359 [INFO] LogOutputStream:77 - [STDOUT_REDIRECT] 1 : Invalid condition id : UX_CORESTACK_Condition cause : null
2025-07-18 19:06:18,360 [INFO] LogOutputStream:77 - [STDOUT_REDIRECT] 1 : Invalid condition id : UX_CORESTACK_Condition cause : null
2025-07-18 19:06:18,361 [INFO] LogOutputStream:77 - [STDOUT_REDIRECT] 1 : Invalid condition id : UX_CORESTACK_Condition cause : null
2025-07-18 19:06:18,362 [INFO] LogOutputStream:77 - [STDOUT_REDIRECT] 1 : Invalid condition id : UX_CORESTACK_Condition cause : null
2025-07-18 19:06:18,363 [INFO] LogOutputStream:77 - [STDOUT_REDIRECT] 1 : Invalid condition id : UX_CORESTACK_Condition cause : null
2025-07-18 19:06:18,364 [WARN] PackLoader:240 - Cannot read IP mode file for STMicroelectronics.X-CUBE-AZRTOS-WL.2.0.0
2025-07-18 19:06:18,367 [WARN] PackLoader:240 - Cannot read IP mode file for STMicroelectronics.FP-SNS-MOTENV1.5.0.0
2025-07-18 19:06:18,373 [WARN] PackLoader:240 - Cannot read IP mode file for WES.I-CUBE-Cesium.1.3.0
2025-07-18 19:06:18,377 [WARN] PackLoader:240 - Cannot read IP mode file for STMicroelectronics.X-CUBE-BLE2.3.3.0
2025-07-18 19:06:18,380 [WARN] PackLoader:240 - Cannot read IP mode file for STMicroelectronics.X-CUBE-NFC9.1.0.0
2025-07-18 19:06:18,383 [WARN] PackLoader:240 - Cannot read IP mode file for wolfSSL.I-CUBE-wolfSSL.5.8.0
2025-07-18 19:06:18,386 [WARN] PackLoader:240 - Cannot read IP mode file for STMicroelectronics.X-CUBE-BLE1.7.1.0
2025-07-18 19:06:18,388 [WARN] PackLoader:240 - Cannot read IP mode file for wolfSSL.I-CUBE-wolfMQTT.1.19.2
2025-07-18 19:06:18,391 [WARN] PackLoader:240 - Cannot read IP mode file for STMicroelectronics.X-CUBE-EEPRMA1.5.2.0
2025-07-18 19:06:18,393 [WARN] PackLoader:240 - Cannot read IP mode file for STMicroelectronics.X-CUBE-AI.10.1.0
2025-07-18 19:06:18,416 [WARN] PackLoader:240 - Cannot read IP mode file for STMicroelectronics.X-CUBE-MEMS1.11.2.0
2025-07-18 19:06:18,515 [WARN] PackLoader:240 - Cannot read IP mode file for STMicroelectronics.X-CUBE-AZRTOS-G0.1.1.0
2025-07-18 19:06:18,522 [WARN] PackLoader:240 - Cannot read IP mode file for STMicroelectronics.X-CUBE-SAFEA1.1.2.2
2025-07-18 19:06:18,528 [WARN] PackLoader:240 - Cannot read IP mode file for STMicroelectronics.X-CUBE-NFC4.3.0.0
2025-07-18 19:06:18,535 [WARN] PackLoader:240 - Cannot read IP mode file for EmbeddedOffice.I-CUBE-FS-RTOS.1.0.1
2025-07-18 19:06:18,538 [WARN] PackLoader:240 - Cannot read IP mode file for STMicroelectronics.X-CUBE-WB05N.2.0.0
2025-07-18 19:06:18,542 [WARN] PackLoader:240 - Cannot read IP mode file for wolfSSL.I-CUBE-wolfTPM.3.8.0
2025-07-18 19:06:18,545 [WARN] PackLoader:240 - Cannot read IP mode file for STMicroelectronics.X-CUBE-TCPP.4.2.0
2025-07-18 19:06:18,549 [WARN] PackLoader:240 - Cannot read IP mode file for RealThread.X-CUBE-RT-Thread_Nano.4.1.1
2025-07-18 19:06:18,552 [WARN] PackLoader:240 - Cannot read IP mode file for STMicroelectronics.FP-ATR-SIGFOX1.3.2.0
2025-07-18 19:06:18,555 [WARN] PackLoader:240 - Cannot read IP mode file for STMicroelectronics.X-CUBE-EEPRMA1.5.1.0
2025-07-18 19:06:18,558 [WARN] PackLoader:240 - Cannot read IP mode file for wolfSSL.I-CUBE-wolfSSL.5.7.6
2025-07-18 19:06:18,561 [WARN] PackLoader:240 - Cannot read IP mode file for ITTIA_DB.I-CUBE-ITTIADB.8.9.0
2025-07-18 19:06:18,567 [WARN] PackLoader:240 - Cannot read IP mode file for STMicroelectronics.X-CUBE-ST67W61.1.0.0
2025-07-18 19:06:18,581 [WARN] PackLoader:240 - Cannot read IP mode file for SEGGER.I-CUBE-embOS.1.3.1
2025-07-18 19:06:18,601 [WARN] PackLoader:240 - Cannot read IP mode file for STMicroelectronics.X-CUBE-ALGOBUILD.1.4.0
2025-07-18 19:06:18,619 [WARN] PackLoader:240 - Cannot read IP mode file for STMicroelectronics.X-CUBE-MEMS1.11.3.0
2025-07-18 19:06:18,685 [WARN] PackLoader:240 - Cannot read IP mode file for STMicroelectronics.X-CUBE-PM33A1.1.0.0
2025-07-18 19:06:18,692 [WARN] PackLoader:240 - Cannot read IP mode file for STMicroelectronics.X-CUBE-AZRTOS-F4.1.1.0
2025-07-18 19:06:18,695 [WARN] PackLoader:240 - Cannot read IP mode file for Avnet-IotConnect.X-CUBE-IoTC-DA16k-PMOD.1.0.0
2025-07-18 19:06:18,698 [WARN] PackLoader:240 - Cannot read IP mode file for STMicroelectronics.X-CUBE-ISPU.2.1.0
2025-07-18 19:06:18,700 [WARN] PackLoader:240 - Cannot read IP mode file for STMicroelectronics.X-CUBE-NFC12.1.0.0
2025-07-18 19:06:18,708 [WARN] PackLoader:240 - Cannot read IP mode file for STMicroelectronics.X-CUBE-AZRTOS-L5.2.0.0
2025-07-18 19:06:18,713 [WARN] PackLoader:240 - Cannot read IP mode file for STMicroelectronics.X-CUBE-NFC6.3.1.0
2025-07-18 19:06:18,717 [WARN] PackLoader:240 - Cannot read IP mode file for STMicroelectronics.X-CUBE-FREERTOS.1.3.1
2025-07-18 19:06:18,719 [WARN] PackLoader:240 - Cannot read IP mode file for STMicroelectronics.X-CUBE-FREERTOS.1.3.0
2025-07-18 19:06:18,722 [WARN] PackLoader:240 - Cannot read IP mode file for STMicroelectronics.X-CUBE-NFC7.1.0.1
2025-07-18 19:06:18,724 [WARN] PackLoader:240 - Cannot read IP mode file for STMicroelectronics.FP-SNS-STAIOTCFT.1.0.0
2025-07-18 19:06:18,727 [WARN] PackLoader:240 - Cannot read IP mode file for STMicroelectronics.X-CUBE-DPower.1.3.0
2025-07-18 19:06:18,735 [WARN] ConditionMgr:438 - getConditionDescription Invalid condition id : LAN8742 Phy interface Condition cause : null
2025-07-18 19:06:18,735 [WARN] PackLoader:240 - Cannot read IP mode file for STMicroelectronics.X-CUBE-AZRTOS-L4.2.0.0
2025-07-18 19:06:18,736 [WARN] ConditionMgr:1044 - genDependencies : Invalid condition id : LAN8742 Phy interface Condition cause : null
2025-07-18 19:06:18,736 [WARN] ConditionMgr:1044 - genDependencies : Invalid condition id : LAN8742 Phy interface Condition cause : null
2025-07-18 19:06:18,736 [WARN] ConditionMgr:1044 - genDependencies : Invalid condition id : LAN8742 Phy interface Condition cause : null
2025-07-18 19:06:18,740 [WARN] PackLoader:240 - Cannot read IP mode file for STMicroelectronics.X-CUBE-SFXS2LP1.4.0.0
2025-07-18 19:06:18,748 [WARN] PackLoader:240 - Cannot read IP mode file for STMicroelectronics.X-CUBE-AZRTOS-H7.3.3.0
2025-07-18 19:06:18,755 [WARN] ConditionMgr:438 - getConditionDescription Invalid condition id : UX DEVICE CLASS RTOS Condition cause : null
2025-07-18 19:06:18,755 [WARN] ConditionMgr:438 - getConditionDescription Invalid condition id : UX DEVICE CLASS RTOS Condition cause : null
2025-07-18 19:06:18,756 [WARN] PackLoader:240 - Cannot read IP mode file for STMicroelectronics.X-CUBE-AZRTOS-WB.2.0.0
2025-07-18 19:06:18,756 [WARN] ConditionMgr:1044 - genDependencies : Invalid condition id : UX DEVICE CLASS RTOS Condition cause : null
2025-07-18 19:06:18,757 [WARN] ConditionMgr:1044 - genDependencies : Invalid condition id : UX DEVICE CLASS RTOS Condition cause : null
2025-07-18 19:06:18,757 [WARN] ConditionMgr:1044 - genDependencies : Invalid condition id : UX DEVICE CLASS RTOS Condition cause : null
2025-07-18 19:06:18,757 [WARN] ConditionMgr:1044 - genDependencies : Invalid condition id : UX DEVICE CLASS RTOS Condition cause : null
2025-07-18 19:06:18,757 [WARN] ConditionMgr:1044 - genDependencies : Invalid condition id : UX DEVICE CLASS RTOS Condition cause : null
2025-07-18 19:06:18,760 [WARN] PackLoader:240 - Cannot read IP mode file for STMicroelectronics.X-CUBE-GNSS1.7.0.1
2025-07-18 19:06:18,764 [WARN] PackLoader:240 - Cannot read IP mode file for STMicroelectronics.X-CUBE-TOUCHGFX.4.25.0
2025-07-18 19:06:18,768 [WARN] PackLoader:240 - Cannot read IP mode file for STMicroelectronics.FP-SNS-STBOX1.2.0.0
2025-07-18 19:06:18,773 [WARN] PackLoader:240 - Cannot read IP mode file for STMicroelectronics.X-CUBE-SUBG2.5.0.0
2025-07-18 19:06:18,782 [WARN] PackLoader:240 - Cannot read IP mode file for STMicroelectronics.X-CUBE-AZRTOS-H7RS.1.1.0
2025-07-18 19:06:18,786 [WARN] PackLoader:240 - Cannot read IP mode file for Cesanta.I-CUBE-Mongoose.7.13.0
2025-07-18 19:06:18,791 [WARN] PackLoader:240 - Cannot read IP mode file for STMicroelectronics.X-CUBE-AZRTOS-G4.2.0.0
2025-07-18 19:06:18,802 [WARN] PackLoader:240 - Cannot read IP mode file for wolfSSL.I-CUBE-wolfSSH.1.4.20
2025-07-18 19:06:18,804 [WARN] PackLoader:240 - Cannot read IP mode file for STMicroelectronics.X-CUBE-NFC7.2.0.0
2025-07-18 19:06:18,812 [WARN] PackLoader:240 - Cannot read IP mode file for STMicroelectronics.X-CUBE-IPS.3.1.0
2025-07-18 19:06:18,818 [WARN] PackLoader:240 - Cannot read IP mode file for STMicroelectronics.X-CUBE-ALS.1.0.2
2025-07-18 19:06:18,833 [WARN] PackLoader:240 - Cannot read IP mode file for portGmbH.I-Cube-SoM-uGOAL.1.1.0
2025-07-18 19:06:18,839 [WARN] PackLoader:240 - Cannot read IP mode file for STMicroelectronics.X-CUBE-TOF1.3.4.3
2025-07-18 19:06:18,846 [INFO] ThirdParty:978 - Integrity check success = true
2025-07-18 19:06:18,846 [INFO] IntegrityCheckThread:100 - exiting critical section [integrity check]
2025-07-18 19:06:18,846 [INFO] IntegrityCheckThread:103 - End integrity checks thread
2025-07-18 19:19:20,553 [INFO] WebApp:194 - Connection lost
2025-07-18 19:19:20,807 [INFO] WebApp:191 - Connection restablished
2025-07-18 19:35:53,036 [INFO] WebApp:194 - Connection lost
2025-07-18 19:35:53,635 [INFO] WebApp:191 - Connection restablished
2025-07-18 19:36:39,528 [INFO] WebApp:194 - Connection lost
2025-07-18 19:36:39,826 [INFO] WebApp:191 - Connection restablished
2025-07-18 19:46:24,525 [INFO] WebApp:194 - Connection lost
2025-07-18 19:46:25,012 [INFO] WebApp:191 - Connection restablished
2025-07-18 19:50:01,019 [INFO] WebApp:194 - Connection lost
2025-07-18 19:50:01,494 [INFO] WebApp:191 - Connection restablished
2025-07-18 19:50:30,029 [INFO] WebApp:194 - Connection lost
2025-07-18 19:50:30,233 [INFO] WebApp:191 - Connection restablished
2025-07-18 19:50:54,018 [INFO] WebApp:194 - Connection lost
2025-07-18 19:50:54,212 [INFO] WebApp:191 - Connection restablished
2025-07-18 19:51:30,526 [INFO] WebApp:194 - Connection lost
2025-07-18 19:51:30,850 [INFO] WebApp:191 - Connection restablished
2025-07-18 19:52:33,528 [INFO] WebApp:194 - Connection lost
2025-07-18 19:52:33,967 [INFO] WebApp:191 - Connection restablished
2025-07-18 20:22:41,063 [INFO] WebApp:194 - Connection lost
2025-07-18 20:22:41,579 [INFO] WebApp:191 - Connection restablished
2025-07-18 20:25:45,542 [INFO] WebApp:194 - Connection lost
2025-07-18 20:25:45,864 [INFO] WebApp:191 - Connection restablished
2025-07-18 20:27:50,065 [INFO] WebApp:194 - Connection lost
2025-07-18 20:27:50,509 [INFO] WebApp:191 - Connection restablished
2025-07-18 20:41:40,109 [ERROR] LogOutputStream:75 - [STDERR_REDIRECT] 
