2025-07-19 09:58:32,886 [INFO] Activator:176 - 


2025-07-19 09:58:32,889 [INFO] Activator:177 - !SESSION log4j initialized
2025-07-19 09:58:37,848 [INFO] LogOutputStream:77 - [STDOUT_REDIRECT] 
2025-07-19 09:58:39,790 [INFO] ApplicationProperties:184 - Using Application install path: D:\STM32\STM32CubeIDE_1.19.0\STM32CubeIDE\plugins\com.st.stm32cube.common.mx_6.15.0.202507011659
2025-07-19 09:58:39,806 [INFO] DbMcusXml:78 - Set database path to: D:\STM32\STM32CubeIDE_1.19.0\STM32CubeIDE\plugins\com.st.stm32cube.common.mx_6.15.0.202507011659\\db\/mcu/
2025-07-19 09:58:39,806 [INFO] ApiDb:274 - Set plugin database path to: D:\STM32\STM32CubeIDE_1.19.0\STM32CubeIDE\plugins\com.st.stm32cube.common.mx_6.15.0.202507011659\\db\/plugins/boardmanager/
2025-07-19 09:58:39,807 [WARN] ApiDb:259 - Overriding images path with different value:  => D:\STM32\STM32CubeIDE_1.19.0\STM32CubeIDE\plugins\com.st.stm32cube.common.mx_6.15.0.202507011659\\db\/plugins/mcufinder/images/
2025-07-19 09:58:39,814 [INFO] ApiDb:250 - Set database path to: C:\Users\khuon\.stmcufinder\plugins\mcufinder//mcu/
2025-07-19 09:58:39,815 [INFO] DbMcusAds:125 - Set database path to: C:\Users\khuon\.stmcufinder\plugins\mcufinder//mcu/
2025-07-19 09:58:39,817 [INFO] CrossReferenceDbSqlite:203 - Set database path to: C:\Users\khuon\.stmcufinder\plugins\mcufinder//mcu/cs/
2025-07-19 09:58:39,900 [INFO] RulesReader:64 - Compatibility file has been processed (317 Rules)
2025-07-19 09:58:39,970 [INFO] DbMcusXml:78 - Set database path to: D:\STM32\STM32CubeIDE_1.19.0\STM32CubeIDE\plugins\com.st.stm32cube.common.mx_6.15.0.202507011659\\db\/mcu/
2025-07-19 09:58:39,970 [INFO] ApiDb:274 - Set plugin database path to: D:\STM32\STM32CubeIDE_1.19.0\STM32CubeIDE\plugins\com.st.stm32cube.common.mx_6.15.0.202507011659\\db\/plugins/boardmanager/
2025-07-19 09:58:39,971 [INFO] ApiDb:261 - Set plugin images path to: D:\STM32\STM32CubeIDE_1.19.0\STM32CubeIDE\plugins\com.st.stm32cube.common.mx_6.15.0.202507011659\\db\/plugins/mcufinder/images/
2025-07-19 09:58:39,971 [WARN] DbFile:41 - Overriding database path with different value: C:\Users\khuon\.stmcufinder\plugins\mcufinder/ => C:\Users\khuon\.stmcufinder\plugins\mcufinder
2025-07-19 09:58:39,971 [INFO] ApiDb:250 - Set database path to: C:\Users\khuon\.stmcufinder\plugins\mcufinder//mcu/
2025-07-19 09:58:39,971 [WARN] DbFile:41 - Overriding database path with different value: C:\Users\khuon\.stmcufinder\plugins\mcufinder/ => C:\Users\khuon\.stmcufinder\plugins\mcufinder
2025-07-19 09:58:39,971 [INFO] DbMcusAds:125 - Set database path to: C:\Users\khuon\.stmcufinder\plugins\mcufinder//mcu/
2025-07-19 09:58:39,971 [WARN] DbFile:41 - Overriding database path with different value: C:\Users\khuon\.stmcufinder\plugins\mcufinder/ => C:\Users\khuon\.stmcufinder\plugins\mcufinder
2025-07-19 09:58:39,971 [WARN] DbFile:41 - Overriding database path with different value: C:\Users\khuon\.stmcufinder\plugins\mcufinder/ => C:\Users\khuon\.stmcufinder\plugins\mcufinder
2025-07-19 09:58:39,971 [INFO] CrossReferenceDbSqlite:203 - Set database path to: C:\Users\khuon\.stmcufinder\plugins\mcufinder//mcu/cs/
2025-07-19 09:58:40,041 [INFO] MainPanel:274 - HeapMemory: 268435456
2025-07-19 09:58:40,144 [INFO] DbMcusXml:78 - Set database path to: D:\STM32\STM32CubeIDE_1.19.0\STM32CubeIDE\plugins\com.st.stm32cube.common.mx_6.15.0.202507011659\\db\/mcu/
2025-07-19 09:58:40,144 [INFO] ApiDb:274 - Set plugin database path to: D:\STM32\STM32CubeIDE_1.19.0\STM32CubeIDE\plugins\com.st.stm32cube.common.mx_6.15.0.202507011659\\db\/plugins/boardmanager/
2025-07-19 09:58:40,144 [INFO] ApiDb:261 - Set plugin images path to: D:\STM32\STM32CubeIDE_1.19.0\STM32CubeIDE\plugins\com.st.stm32cube.common.mx_6.15.0.202507011659\\db\/plugins/mcufinder/images/
2025-07-19 09:58:40,144 [WARN] DbFile:41 - Overriding database path with different value: C:\Users\khuon\.stmcufinder\plugins\mcufinder/ => C:\Users\khuon\.stmcufinder\plugins\mcufinder
2025-07-19 09:58:40,144 [INFO] ApiDb:250 - Set database path to: C:\Users\khuon\.stmcufinder\plugins\mcufinder//mcu/
2025-07-19 09:58:40,145 [WARN] DbFile:41 - Overriding database path with different value: C:\Users\khuon\.stmcufinder\plugins\mcufinder/ => C:\Users\khuon\.stmcufinder\plugins\mcufinder
2025-07-19 09:58:40,145 [INFO] DbMcusAds:125 - Set database path to: C:\Users\khuon\.stmcufinder\plugins\mcufinder//mcu/
2025-07-19 09:58:40,145 [WARN] DbFile:41 - Overriding database path with different value: C:\Users\khuon\.stmcufinder\plugins\mcufinder/ => C:\Users\khuon\.stmcufinder\plugins\mcufinder
2025-07-19 09:58:40,145 [WARN] DbFile:41 - Overriding database path with different value: C:\Users\khuon\.stmcufinder\plugins\mcufinder/ => C:\Users\khuon\.stmcufinder\plugins\mcufinder
2025-07-19 09:58:40,145 [INFO] CrossReferenceDbSqlite:203 - Set database path to: C:\Users\khuon\.stmcufinder\plugins\mcufinder//mcu/cs/
2025-07-19 09:58:40,158 [INFO] ApplicationProperties:184 - Using Application install path: D:\STM32\STM32CubeIDE_1.19.0\STM32CubeIDE\plugins\com.st.stm32cube.common.mx_6.15.0.202507011659
2025-07-19 09:58:40,160 [INFO] PluginManage:196 - Search for loadable plugins [exclusion list=, ]
2025-07-19 09:58:40,161 [INFO] PluginManage:310 - Check plugin analytics
2025-07-19 09:58:40,309 [INFO] AnalyticsPlugin:253 - Accepted Software Licenses: 
2025-07-19 09:58:40,309 [INFO] AnalyticsPlugin:255 - Accepted CMSIS Pack Licenses: 
2025-07-19 09:58:40,309 [INFO] AnalyticsPlugin:257 - Accepted Firmware Licenses: FW.F4.1.28.0
2025-07-19 09:58:40,311 [INFO] PluginManage:359 - Loaded plugin analytics (category:tool,tabindex:-1)
2025-07-19 09:58:40,311 [INFO] PluginManage:310 - Check plugin cadmodel
2025-07-19 09:58:40,316 [INFO] CADModel:105 - Init CAD model plugin
2025-07-19 09:58:40,316 [INFO] PluginManage:359 - Loaded plugin cadmodel (category:power,tabindex:5)
2025-07-19 09:58:40,316 [INFO] PluginManage:310 - Check plugin clock
2025-07-19 09:58:40,325 [INFO] PluginManage:359 - Loaded plugin clock (category:base,tabindex:2)
2025-07-19 09:58:40,325 [INFO] PluginManage:310 - Check plugin ddr
2025-07-19 09:58:40,327 [INFO] PluginManage:359 - Loaded plugin ddr (category:tool,tabindex:6)
2025-07-19 09:58:40,328 [INFO] PluginManage:310 - Check plugin filemanager
2025-07-19 09:58:40,452 [INFO] PluginManage:359 - Loaded plugin filemanager (category:base,tabindex:10)
2025-07-19 09:58:40,452 [INFO] PluginManage:310 - Check plugin ipmanager
2025-07-19 09:58:40,457 [INFO] PluginManage:359 - Loaded plugin ipmanager (category:base,tabindex:5)
2025-07-19 09:58:40,457 [INFO] PluginManage:310 - Check plugin lpbam
2025-07-19 09:58:40,464 [INFO] PluginManage:359 - Loaded plugin lpbam (category:base,tabindex:0)
2025-07-19 09:58:40,464 [INFO] PluginManage:310 - Check plugin memorymap
2025-07-19 09:58:40,477 [INFO] PluginManage:359 - Loaded plugin memorymap (category:base,tabindex:4)
2025-07-19 09:58:40,477 [INFO] PluginManage:310 - Check plugin pinoutandconfiguration
2025-07-19 09:58:40,484 [INFO] PluginManage:359 - Loaded plugin pinoutandconfiguration (category:base,tabindex:1)
2025-07-19 09:58:40,484 [INFO] PluginManage:310 - Check plugin pinoutconfig
2025-07-19 09:58:40,549 [WARN] SupportedApi:132 - Cannot load RTOS API schema: s4s-elt-must-match.1: The content of 'definitions' must match (annotation?, (simpleType | complexType)?, (unique | key | keyref)*)). A problem was found starting at: attribute.
2025-07-19 09:58:40,656 [INFO] PluginManage:359 - Loaded plugin pinoutconfig (category:base,tabindex:0)
2025-07-19 09:58:40,656 [INFO] PluginManage:310 - Check plugin power
2025-07-19 09:58:40,664 [INFO] PluginManage:359 - Loaded plugin power (category:power,tabindex:4)
2025-07-19 09:58:40,666 [INFO] PluginManage:310 - Check plugin projectmanager
2025-07-19 09:58:40,677 [INFO] PluginManage:359 - Loaded plugin projectmanager (category:projectmanager,tabindex:4)
2025-07-19 09:58:40,677 [INFO] PluginManage:310 - Check plugin rif
2025-07-19 09:58:40,686 [INFO] PluginManage:359 - Loaded plugin rif (category:base,tabindex:3)
2025-07-19 09:58:40,686 [INFO] PluginManage:310 - Check plugin thirdparty
2025-07-19 09:58:40,810 [INFO] PluginManage:359 - Loaded plugin thirdparty (category:base,tabindex:-1)
2025-07-19 09:58:40,810 [WARN] IntegrityCheckThread:84 - waiting for thirdparty lock release [integrity check]
2025-07-19 09:58:40,810 [INFO] PluginManage:310 - Check plugin tools
2025-07-19 09:58:40,810 [INFO] IntegrityCheckThread:86 - entering critical section [integrity check]
2025-07-19 09:58:40,811 [INFO] ThirdPartyUpdaterWithRetryManager:70 - Updater plugin not ready yet. [1/15]
2025-07-19 09:58:40,812 [INFO] PluginManage:359 - Loaded plugin tools (category:base,tabindex:7)
2025-07-19 09:58:40,813 [INFO] PluginManage:310 - Check plugin tutovideos
2025-07-19 09:58:40,991 [INFO] PluginManage:359 - Loaded plugin tutovideos (category:base,tabindex:-1)
2025-07-19 09:58:40,991 [INFO] PluginManage:310 - Check plugin updater
2025-07-19 09:58:41,013 [INFO] PluginManage:359 - Loaded plugin updater (category:base,tabindex:12)
2025-07-19 09:58:41,013 [INFO] PluginManage:310 - Check plugin userauth
2025-07-19 09:58:41,017 [INFO] UserAuth:118 - Init User Auth plugin
2025-07-19 09:58:41,018 [INFO] PluginManage:359 - Loaded plugin userauth (category:base,tabindex:14)
2025-07-19 09:58:41,019 [INFO] PluginManage:283 - PluginManage : Loaded plugins [18]
2025-07-19 09:58:41,213 [INFO] PinOutPanel:1589 - setPackage(No Configuration,No Configuration)
2025-07-19 09:58:41,286 [INFO] CADModel:165 - CPN selected for project level
2025-07-19 09:58:41,286 [INFO] CADModel:114 - Register for checkConnection events
2025-07-19 09:58:41,301 [INFO] IPUIPlugin:80 - create IPUIPlugin
2025-07-19 09:58:41,301 [INFO] PluginManager:220 - loadIPPluginJar : add adc
2025-07-19 09:58:41,304 [INFO] IPUIPlugin:80 - create IPUIPlugin
2025-07-19 09:58:41,304 [INFO] PluginManager:220 - loadIPPluginJar : add aes
2025-07-19 09:58:41,307 [INFO] IPUIPlugin:80 - create IPUIPlugin
2025-07-19 09:58:41,307 [INFO] PluginManager:220 - loadIPPluginJar : add can
2025-07-19 09:58:41,309 [INFO] IPUIPlugin:80 - create IPUIPlugin
2025-07-19 09:58:41,309 [INFO] PluginManager:220 - loadIPPluginJar : add comp
2025-07-19 09:58:41,311 [INFO] IPUIPlugin:80 - create IPUIPlugin
2025-07-19 09:58:41,311 [INFO] PluginManager:220 - loadIPPluginJar : add cryp
2025-07-19 09:58:41,314 [INFO] IPUIPlugin:80 - create IPUIPlugin
2025-07-19 09:58:41,314 [INFO] PluginManager:220 - loadIPPluginJar : add ddr_ctrl_phy
2025-07-19 09:58:41,317 [INFO] IPUIPlugin:80 - create IPUIPlugin
2025-07-19 09:58:41,317 [INFO] PluginManager:220 - loadIPPluginJar : add dfsdm
2025-07-19 09:58:41,323 [INFO] IPUIPlugin:80 - create IPUIPlugin
2025-07-19 09:58:41,323 [INFO] PluginManager:220 - loadIPPluginJar : add dma
2025-07-19 09:58:41,326 [INFO] IPUIPlugin:80 - create IPUIPlugin
2025-07-19 09:58:41,326 [INFO] PluginManager:220 - loadIPPluginJar : add dma3
2025-07-19 09:58:41,328 [INFO] IPUIPlugin:80 - create IPUIPlugin
2025-07-19 09:58:41,328 [INFO] PluginManager:220 - loadIPPluginJar : add extmemmanager
2025-07-19 09:58:41,329 [INFO] IPUIPlugin:80 - create IPUIPlugin
2025-07-19 09:58:41,329 [INFO] PluginManager:220 - loadIPPluginJar : add fatfs
2025-07-19 09:58:41,333 [INFO] IPUIPlugin:80 - create IPUIPlugin
2025-07-19 09:58:41,333 [INFO] PluginManager:220 - loadIPPluginJar : add fmc
2025-07-19 09:58:41,338 [INFO] IPUIPlugin:80 - create IPUIPlugin
2025-07-19 09:58:41,338 [INFO] PluginManager:220 - loadIPPluginJar : add freertos
2025-07-19 09:58:41,339 [INFO] IPUIPlugin:80 - create IPUIPlugin
2025-07-19 09:58:41,339 [INFO] PluginManager:220 - loadIPPluginJar : add genericplugin
2025-07-19 09:58:41,340 [INFO] IPUIPlugin:80 - create IPUIPlugin
2025-07-19 09:58:41,340 [INFO] PluginManager:220 - loadIPPluginJar : add gfxmmu
2025-07-19 09:58:41,344 [INFO] IPUIPlugin:80 - create IPUIPlugin
2025-07-19 09:58:41,344 [INFO] PluginManager:220 - loadIPPluginJar : add gic
2025-07-19 09:58:41,347 [INFO] IPUIPlugin:80 - create IPUIPlugin
2025-07-19 09:58:41,347 [INFO] PluginManager:220 - loadIPPluginJar : add gpio
2025-07-19 09:58:41,350 [INFO] IPUIPlugin:80 - create IPUIPlugin
2025-07-19 09:58:41,350 [INFO] PluginManager:220 - loadIPPluginJar : add gtzc
2025-07-19 09:58:41,352 [INFO] IPUIPlugin:80 - create IPUIPlugin
2025-07-19 09:58:41,352 [INFO] PluginManager:220 - loadIPPluginJar : add hash
2025-07-19 09:58:41,354 [INFO] IPUIPlugin:80 - create IPUIPlugin
2025-07-19 09:58:41,354 [INFO] PluginManager:220 - loadIPPluginJar : add i2c
2025-07-19 09:58:41,356 [INFO] IPUIPlugin:80 - create IPUIPlugin
2025-07-19 09:58:41,356 [INFO] PluginManager:220 - loadIPPluginJar : add i2s
2025-07-19 09:58:41,359 [INFO] IPUIPlugin:80 - create IPUIPlugin
2025-07-19 09:58:41,359 [INFO] PluginManager:220 - loadIPPluginJar : add i3c
2025-07-19 09:58:41,362 [INFO] IPUIPlugin:80 - create IPUIPlugin
2025-07-19 09:58:41,362 [INFO] PluginManager:220 - loadIPPluginJar : add ipddr
2025-07-19 09:58:41,368 [INFO] IPUIPlugin:80 - create IPUIPlugin
2025-07-19 09:58:41,368 [INFO] PluginManager:220 - loadIPPluginJar : add linkedlist
2025-07-19 09:58:41,372 [INFO] IPUIPlugin:80 - create IPUIPlugin
2025-07-19 09:58:41,372 [INFO] PluginManager:220 - loadIPPluginJar : add lorawan
2025-07-19 09:58:41,373 [INFO] IPUIPlugin:80 - create IPUIPlugin
2025-07-19 09:58:41,374 [INFO] PluginManager:220 - loadIPPluginJar : add ltdc
2025-07-19 09:58:41,379 [INFO] IPUIPlugin:80 - create IPUIPlugin
2025-07-19 09:58:41,379 [INFO] PluginManager:220 - loadIPPluginJar : add mdma
2025-07-19 09:58:41,382 [INFO] IPUIPlugin:80 - create IPUIPlugin
2025-07-19 09:58:41,382 [INFO] PluginManager:220 - loadIPPluginJar : add nvic
2025-07-19 09:58:41,384 [INFO] IPUIPlugin:80 - create IPUIPlugin
2025-07-19 09:58:41,384 [INFO] PluginManager:220 - loadIPPluginJar : add opamp
2025-07-19 09:58:41,386 [INFO] IPUIPlugin:80 - create IPUIPlugin
2025-07-19 09:58:41,386 [INFO] PluginManager:220 - loadIPPluginJar : add openamp
2025-07-19 09:58:41,389 [INFO] IPUIPlugin:80 - create IPUIPlugin
2025-07-19 09:58:41,389 [INFO] PluginManager:220 - loadIPPluginJar : add pdm2pcm
2025-07-19 09:58:41,393 [INFO] IPUIPlugin:80 - create IPUIPlugin
2025-07-19 09:58:41,396 [INFO] PluginManager:220 - loadIPPluginJar : add plateformsettings
2025-07-19 09:58:41,397 [INFO] IPUIPlugin:80 - create IPUIPlugin
2025-07-19 09:58:41,397 [INFO] PluginManager:220 - loadIPPluginJar : add quadspi
2025-07-19 09:58:41,398 [INFO] IPUIPlugin:80 - create IPUIPlugin
2025-07-19 09:58:41,398 [INFO] PluginManager:220 - loadIPPluginJar : add radio
2025-07-19 09:58:41,402 [INFO] IPUIPlugin:80 - create IPUIPlugin
2025-07-19 09:58:41,403 [INFO] PluginManager:220 - loadIPPluginJar : add resmgrutility
2025-07-19 09:58:41,405 [INFO] IPUIPlugin:80 - create IPUIPlugin
2025-07-19 09:58:41,405 [INFO] PluginManager:220 - loadIPPluginJar : add sai
2025-07-19 09:58:41,406 [INFO] IPUIPlugin:80 - create IPUIPlugin
2025-07-19 09:58:41,408 [INFO] PluginManager:220 - loadIPPluginJar : add spi
2025-07-19 09:58:41,411 [INFO] IPUIPlugin:80 - create IPUIPlugin
2025-07-19 09:58:41,412 [INFO] PluginManager:220 - loadIPPluginJar : add stm32_wpan
2025-07-19 09:58:41,414 [INFO] IPUIPlugin:80 - create IPUIPlugin
2025-07-19 09:58:41,414 [INFO] PluginManager:220 - loadIPPluginJar : add tim
2025-07-19 09:58:41,417 [INFO] IPUIPlugin:80 - create IPUIPlugin
2025-07-19 09:58:41,417 [INFO] PluginManager:220 - loadIPPluginJar : add touchsensing
2025-07-19 09:58:41,420 [INFO] IPUIPlugin:80 - create IPUIPlugin
2025-07-19 09:58:41,420 [INFO] PluginManager:220 - loadIPPluginJar : add tracer_emb
2025-07-19 09:58:41,422 [INFO] IPUIPlugin:80 - create IPUIPlugin
2025-07-19 09:58:41,422 [INFO] PluginManager:220 - loadIPPluginJar : add ts
2025-07-19 09:58:41,424 [INFO] IPUIPlugin:80 - create IPUIPlugin
2025-07-19 09:58:41,424 [INFO] PluginManager:220 - loadIPPluginJar : add tsc
2025-07-19 09:58:41,426 [INFO] IPUIPlugin:80 - create IPUIPlugin
2025-07-19 09:58:41,426 [INFO] PluginManager:220 - loadIPPluginJar : add ucpd
2025-07-19 09:58:41,429 [INFO] IPUIPlugin:80 - create IPUIPlugin
2025-07-19 09:58:41,429 [INFO] PluginManager:220 - loadIPPluginJar : add usart
2025-07-19 09:58:41,433 [INFO] IPUIPlugin:80 - create IPUIPlugin
2025-07-19 09:58:41,434 [INFO] PluginManager:220 - loadIPPluginJar : add usbx
2025-07-19 09:58:41,551 [FATAL] Updater:351 - Updater called before beeing initialized
2025-07-19 09:58:41,584 [INFO] RulesReader:64 - Compatibility file has been processed (317 Rules)
2025-07-19 09:58:41,597 [INFO] RulesReader:64 - Compatibility file has been processed (317 Rules)
2025-07-19 09:58:41,610 [INFO] CADModel:165 - CPN selected for project level
2025-07-19 09:58:41,610 [INFO] CADModel:114 - Register for checkConnection events
2025-07-19 09:58:41,610 [FATAL] Updater:351 - Updater called before beeing initialized
2025-07-19 09:58:41,610 [ERROR] CADModel:125 - Updater not yet initialized, retry later 
2025-07-19 09:58:41,777 [FATAL] Updater:351 - Updater called before beeing initialized
2025-07-19 09:58:41,780 [INFO] CADModel:165 - CPN selected for project level
2025-07-19 09:58:41,780 [INFO] CADModel:114 - Register for checkConnection events
2025-07-19 09:58:41,780 [FATAL] Updater:351 - Updater called before beeing initialized
2025-07-19 09:58:41,780 [ERROR] CADModel:125 - Updater not yet initialized, retry later 
2025-07-19 09:58:41,783 [FATAL] Updater:351 - Updater called before beeing initialized
2025-07-19 09:58:41,877 [FATAL] Updater:351 - Updater called before beeing initialized
2025-07-19 09:58:41,880 [INFO] DbMcusAds:53 - JSON generation date=Thu Jun 19 15:32:37 ICT 2025 (1750321957418)
2025-07-19 09:58:41,881 [FATAL] Updater:351 - Updater called before beeing initialized
2025-07-19 09:58:41,914 [WARN] DetailPanel:346 - Failed to get advertising image, set to default
2025-07-19 09:58:41,977 [FATAL] Updater:351 - Updater called before beeing initialized
2025-07-19 09:58:41,979 [FATAL] Updater:351 - Updater called before beeing initialized
2025-07-19 09:58:41,979 [FATAL] Updater:351 - Updater called before beeing initialized
2025-07-19 09:58:41,979 [WARN] DetailPanel:346 - Failed to get advertising image, set to default
2025-07-19 09:58:41,980 [FATAL] Updater:351 - Updater called before beeing initialized
2025-07-19 09:58:42,015 [ERROR] Updater:1198 - MainUpdater not yet initialized. External WinMGr cannot be set.
2025-07-19 09:58:42,017 [INFO] Updater:1134 - Updater Version found : 6.15.0
2025-07-19 09:58:42,033 [INFO] ApplicationProperties:184 - Using Application install path: D:\STM32\STM32CubeIDE_1.19.0\STM32CubeIDE\plugins\com.st.stm32cube.common.mx_6.15.0.202507011659
2025-07-19 09:58:43,607 [ERROR] LogOutputStream:75 - [STDERR_REDIRECT] Jul 19, 2025 9:58:43 AM java.util.prefs.WindowsPreferences <init>
2025-07-19 09:58:43,609 [ERROR] LogOutputStream:75 - [STDERR_REDIRECT] WARNING: Could not open/create prefs root node Software\JavaSoft\Prefs at root 0xffffffff80000002. Windows RegCreateKeyEx(...) returned error code 5.
2025-07-19 09:58:43,609 [ERROR] LogOutputStream:75 - [STDERR_REDIRECT] 
2025-07-19 09:58:43,813 [INFO] ThirdPartyUpdaterWithRetryManager:70 - Updater plugin not ready yet. [2/15]
2025-07-19 09:58:44,105 [INFO] MainUpdater:2872 - connection check result : 10
2025-07-19 09:58:44,106 [INFO] MainUpdater:289 - Updater Check For Update Now.
2025-07-19 09:58:44,106 [INFO] MicroXplorer:498 - Change Database Version : DB.6.0.150
2025-07-19 09:58:44,113 [INFO] McuFinderGlobals:63 - Set McuFinder mode to 2 (CubeIDE integrated)
2025-07-19 09:58:44,116 [INFO] UserAuth:487 - Internet connection configuration mode: 1
2025-07-19 09:58:44,157 [INFO] JxBrowserEngine:152 - Initiate JxBrowser Engine with user profile folder
2025-07-19 09:58:44,267 [INFO] CheckServerUpdateThread:120 - End of CheckServer Thread
2025-07-19 09:58:44,846 [INFO] WebApp:169 - Instantiating new browser for Auth
2025-07-19 09:58:45,503 [INFO] WebApp:463 - Apply proxy settings
2025-07-19 09:58:45,503 [INFO] WebApp:548 - Chromium requires no authentication
2025-07-19 09:58:45,513 [INFO] WebApp:491 - Direct internet connection detected
2025-07-19 09:58:45,532 [INFO] WebApp:900 - Register for checkConnection events
2025-07-19 09:58:45,532 [INFO] WebApp:463 - Apply proxy settings
2025-07-19 09:58:45,532 [INFO] WebApp:548 - Chromium requires no authentication
2025-07-19 09:58:45,533 [INFO] WebApp:491 - Direct internet connection detected
2025-07-19 09:58:45,689 [INFO] WebApp:225 - Starting web application
2025-07-19 09:58:45,689 [INFO] WebApp:593 - Web application path used D:\STM32\STM32CubeIDE_1.19.0\STM32CubeIDE\plugins\com.st.stm32cube.common.mx_6.15.0.202507011659\db\plugins\mcufinder\reactClient1\index.html
2025-07-19 09:58:45,805 [INFO] UserAuth:487 - Internet connection configuration mode: 1
2025-07-19 09:58:46,991 [WARN] PackLoader:240 - Cannot read IP mode file for STMicroelectronics.FP-SNS-MOTENVWB1.1.4.0
2025-07-19 09:58:46,997 [WARN] PackLoader:240 - Cannot read IP mode file for STMicroelectronics.FP-ATR-ASTRA1.2.0.2
2025-07-19 09:58:47,005 [WARN] PackLoader:240 - Cannot read IP mode file for STMicroelectronics.X-CUBE-SMBUS.2.1.0
2025-07-19 09:58:47,009 [WARN] PackLoader:240 - Cannot read IP mode file for STMicroelectronics.X-CUBE-ST60.1.0.0
2025-07-19 09:58:47,032 [WARN] PackLoader:240 - Cannot read IP mode file for STMicroelectronics.X-CUBE-AZRTOS-F7.1.1.0
2025-07-19 09:58:47,053 [WARN] PackLoader:240 - Cannot read IP mode file for Infineon.AIROC-Wi-Fi-Bluetooth-STM32.1.7.0
2025-07-19 09:58:47,072 [WARN] PackLoader:240 - Cannot read IP mode file for Infineon.AIROC-Wi-Fi-Bluetooth-STM32.1.7.1
2025-07-19 09:58:47,099 [WARN] PackLoader:240 - Cannot read IP mode file for STMicroelectronics.X-CUBE-AZRTOS-H7.3.4.0
2025-07-19 09:58:47,107 [WARN] PackLoader:240 - Cannot read IP mode file for STMicroelectronics.X-CUBE-DISPLAY.3.0.0
2025-07-19 09:58:47,117 [WARN] PackLoader:240 - Cannot read IP mode file for STMicroelectronics.X-CUBE-NFC10.1.0.0
2025-07-19 09:58:47,124 [WARN] PackLoader:240 - Cannot read IP mode file for STMicroelectronics.X-CUBE-BLEMGR.4.0.0
2025-07-19 09:58:47,129 [WARN] PackLoader:240 - Cannot read IP mode file for emotas.I-CUBE-CANOPEN.1.3.0
2025-07-19 09:58:47,133 [WARN] ConditionMgr:438 - getConditionDescription Invalid condition id : Cortex-A Device cause : null
2025-07-19 09:58:47,147 [WARN] ConditionMgr:1044 - genDependencies : Invalid condition id : Cortex-A Device cause : null
2025-07-19 09:58:47,147 [WARN] ConditionMgr:1044 - genDependencies : Invalid condition id : Cortex-A Device cause : null
2025-07-19 09:58:47,147 [WARN] ConditionMgr:1044 - genDependencies : Invalid condition id : Cortex-A Device cause : null
2025-07-19 09:58:47,151 [WARN] PackLoader:240 - Cannot read IP mode file for STMicroelectronics.X-CUBE-AI.10.0.0
2025-07-19 09:58:47,155 [WARN] PackLoader:240 - Cannot read IP mode file for STMicroelectronics.FP-SNS-SMARTAG2.1.2.0
2025-07-19 09:58:47,158 [WARN] PackLoader:240 - Cannot read IP mode file for STMicroelectronics.FP-SNS-FLIGHT1.5.1.0
2025-07-19 09:58:47,167 [INFO] LogOutputStream:77 - [STDOUT_REDIRECT] 1 : Invalid condition id : UX_CORESTACK_Condition cause : null
2025-07-19 09:58:47,168 [INFO] LogOutputStream:77 - [STDOUT_REDIRECT] 1 : Invalid condition id : UX_CORESTACK_Condition cause : null
2025-07-19 09:58:47,169 [INFO] LogOutputStream:77 - [STDOUT_REDIRECT] 1 : Invalid condition id : UX_CORESTACK_Condition cause : null
2025-07-19 09:58:47,170 [INFO] LogOutputStream:77 - [STDOUT_REDIRECT] 1 : Invalid condition id : UX_CORESTACK_Condition cause : null
2025-07-19 09:58:47,171 [INFO] LogOutputStream:77 - [STDOUT_REDIRECT] 1 : Invalid condition id : UX_CORESTACK_Condition cause : null
2025-07-19 09:58:47,173 [WARN] PackLoader:240 - Cannot read IP mode file for STMicroelectronics.X-CUBE-AZRTOS-WL.2.0.0
2025-07-19 09:58:47,177 [WARN] PackLoader:240 - Cannot read IP mode file for STMicroelectronics.FP-SNS-MOTENV1.5.0.0
2025-07-19 09:58:47,185 [WARN] PackLoader:240 - Cannot read IP mode file for WES.I-CUBE-Cesium.1.3.0
2025-07-19 09:58:47,189 [WARN] PackLoader:240 - Cannot read IP mode file for STMicroelectronics.X-CUBE-BLE2.3.3.0
2025-07-19 09:58:47,194 [WARN] PackLoader:240 - Cannot read IP mode file for STMicroelectronics.X-CUBE-NFC9.1.0.0
2025-07-19 09:58:47,199 [WARN] PackLoader:240 - Cannot read IP mode file for wolfSSL.I-CUBE-wolfSSL.5.8.0
2025-07-19 09:58:47,203 [WARN] PackLoader:240 - Cannot read IP mode file for STMicroelectronics.X-CUBE-BLE1.7.1.0
2025-07-19 09:58:47,206 [WARN] PackLoader:240 - Cannot read IP mode file for wolfSSL.I-CUBE-wolfMQTT.1.19.2
2025-07-19 09:58:47,209 [WARN] PackLoader:240 - Cannot read IP mode file for STMicroelectronics.X-CUBE-EEPRMA1.5.2.0
2025-07-19 09:58:47,213 [WARN] PackLoader:240 - Cannot read IP mode file for STMicroelectronics.X-CUBE-AI.10.1.0
2025-07-19 09:58:47,239 [WARN] PackLoader:240 - Cannot read IP mode file for STMicroelectronics.X-CUBE-MEMS1.11.2.0
2025-07-19 09:58:47,370 [WARN] PackLoader:240 - Cannot read IP mode file for STMicroelectronics.X-CUBE-AZRTOS-G0.1.1.0
2025-07-19 09:58:47,375 [WARN] PackLoader:240 - Cannot read IP mode file for STMicroelectronics.X-CUBE-SAFEA1.1.2.2
2025-07-19 09:58:47,380 [WARN] PackLoader:240 - Cannot read IP mode file for STMicroelectronics.X-CUBE-NFC4.3.0.0
2025-07-19 09:58:47,385 [WARN] PackLoader:240 - Cannot read IP mode file for EmbeddedOffice.I-CUBE-FS-RTOS.1.0.1
2025-07-19 09:58:47,389 [WARN] PackLoader:240 - Cannot read IP mode file for STMicroelectronics.X-CUBE-WB05N.2.0.0
2025-07-19 09:58:47,396 [WARN] PackLoader:240 - Cannot read IP mode file for wolfSSL.I-CUBE-wolfTPM.3.8.0
2025-07-19 09:58:47,400 [WARN] PackLoader:240 - Cannot read IP mode file for STMicroelectronics.X-CUBE-TCPP.4.2.0
2025-07-19 09:58:47,404 [WARN] PackLoader:240 - Cannot read IP mode file for RealThread.X-CUBE-RT-Thread_Nano.4.1.1
2025-07-19 09:58:47,408 [WARN] PackLoader:240 - Cannot read IP mode file for STMicroelectronics.FP-ATR-SIGFOX1.3.2.0
2025-07-19 09:58:47,413 [WARN] PackLoader:240 - Cannot read IP mode file for STMicroelectronics.X-CUBE-EEPRMA1.5.1.0
2025-07-19 09:58:47,416 [WARN] PackLoader:240 - Cannot read IP mode file for wolfSSL.I-CUBE-wolfSSL.5.7.6
2025-07-19 09:58:47,420 [WARN] PackLoader:240 - Cannot read IP mode file for ITTIA_DB.I-CUBE-ITTIADB.8.9.0
2025-07-19 09:58:47,427 [WARN] PackLoader:240 - Cannot read IP mode file for STMicroelectronics.X-CUBE-ST67W61.1.0.0
2025-07-19 09:58:47,447 [WARN] PackLoader:240 - Cannot read IP mode file for SEGGER.I-CUBE-embOS.1.3.1
2025-07-19 09:58:47,470 [WARN] PackLoader:240 - Cannot read IP mode file for STMicroelectronics.X-CUBE-ALGOBUILD.1.4.0
2025-07-19 09:58:47,495 [WARN] PackLoader:240 - Cannot read IP mode file for STMicroelectronics.X-CUBE-MEMS1.11.3.0
2025-07-19 09:58:47,583 [WARN] PackLoader:240 - Cannot read IP mode file for STMicroelectronics.X-CUBE-PM33A1.1.0.0
2025-07-19 09:58:47,592 [WARN] PackLoader:240 - Cannot read IP mode file for STMicroelectronics.X-CUBE-AZRTOS-F4.1.1.0
2025-07-19 09:58:47,596 [WARN] PackLoader:240 - Cannot read IP mode file for Avnet-IotConnect.X-CUBE-IoTC-DA16k-PMOD.1.0.0
2025-07-19 09:58:47,599 [WARN] PackLoader:240 - Cannot read IP mode file for STMicroelectronics.X-CUBE-ISPU.2.1.0
2025-07-19 09:58:47,603 [WARN] PackLoader:240 - Cannot read IP mode file for STMicroelectronics.X-CUBE-NFC12.1.0.0
2025-07-19 09:58:47,613 [WARN] PackLoader:240 - Cannot read IP mode file for STMicroelectronics.X-CUBE-AZRTOS-L5.2.0.0
2025-07-19 09:58:47,618 [WARN] PackLoader:240 - Cannot read IP mode file for STMicroelectronics.X-CUBE-NFC6.3.1.0
2025-07-19 09:58:47,622 [WARN] PackLoader:240 - Cannot read IP mode file for STMicroelectronics.X-CUBE-FREERTOS.1.3.1
2025-07-19 09:58:47,629 [WARN] PackLoader:240 - Cannot read IP mode file for STMicroelectronics.X-CUBE-FREERTOS.1.3.0
2025-07-19 09:58:47,636 [WARN] PackLoader:240 - Cannot read IP mode file for STMicroelectronics.X-CUBE-NFC7.1.0.1
2025-07-19 09:58:47,641 [WARN] PackLoader:240 - Cannot read IP mode file for STMicroelectronics.FP-SNS-STAIOTCFT.1.0.0
2025-07-19 09:58:47,645 [WARN] PackLoader:240 - Cannot read IP mode file for STMicroelectronics.X-CUBE-DPower.1.3.0
2025-07-19 09:58:47,669 [WARN] ConditionMgr:438 - getConditionDescription Invalid condition id : LAN8742 Phy interface Condition cause : null
2025-07-19 09:58:47,670 [WARN] PackLoader:240 - Cannot read IP mode file for STMicroelectronics.X-CUBE-AZRTOS-L4.2.0.0
2025-07-19 09:58:47,671 [WARN] ConditionMgr:1044 - genDependencies : Invalid condition id : LAN8742 Phy interface Condition cause : null
2025-07-19 09:58:47,671 [WARN] ConditionMgr:1044 - genDependencies : Invalid condition id : LAN8742 Phy interface Condition cause : null
2025-07-19 09:58:47,672 [WARN] ConditionMgr:1044 - genDependencies : Invalid condition id : LAN8742 Phy interface Condition cause : null
2025-07-19 09:58:47,677 [WARN] PackLoader:240 - Cannot read IP mode file for STMicroelectronics.X-CUBE-SFXS2LP1.4.0.0
2025-07-19 09:58:47,694 [WARN] PackLoader:240 - Cannot read IP mode file for STMicroelectronics.X-CUBE-AZRTOS-H7.3.3.0
2025-07-19 09:58:47,704 [WARN] ConditionMgr:438 - getConditionDescription Invalid condition id : UX DEVICE CLASS RTOS Condition cause : null
2025-07-19 09:58:47,704 [WARN] ConditionMgr:438 - getConditionDescription Invalid condition id : UX DEVICE CLASS RTOS Condition cause : null
2025-07-19 09:58:47,705 [WARN] PackLoader:240 - Cannot read IP mode file for STMicroelectronics.X-CUBE-AZRTOS-WB.2.0.0
2025-07-19 09:58:47,706 [WARN] ConditionMgr:1044 - genDependencies : Invalid condition id : UX DEVICE CLASS RTOS Condition cause : null
2025-07-19 09:58:47,706 [WARN] ConditionMgr:1044 - genDependencies : Invalid condition id : UX DEVICE CLASS RTOS Condition cause : null
2025-07-19 09:58:47,706 [WARN] ConditionMgr:1044 - genDependencies : Invalid condition id : UX DEVICE CLASS RTOS Condition cause : null
2025-07-19 09:58:47,706 [WARN] ConditionMgr:1044 - genDependencies : Invalid condition id : UX DEVICE CLASS RTOS Condition cause : null
2025-07-19 09:58:47,706 [WARN] ConditionMgr:1044 - genDependencies : Invalid condition id : UX DEVICE CLASS RTOS Condition cause : null
2025-07-19 09:58:47,711 [WARN] PackLoader:240 - Cannot read IP mode file for STMicroelectronics.X-CUBE-GNSS1.7.0.1
2025-07-19 09:58:47,717 [WARN] PackLoader:240 - Cannot read IP mode file for STMicroelectronics.X-CUBE-TOUCHGFX.4.25.0
2025-07-19 09:58:47,721 [WARN] PackLoader:240 - Cannot read IP mode file for STMicroelectronics.FP-SNS-STBOX1.2.0.0
2025-07-19 09:58:47,728 [WARN] PackLoader:240 - Cannot read IP mode file for STMicroelectronics.X-CUBE-SUBG2.5.0.0
2025-07-19 09:58:47,744 [WARN] PackLoader:240 - Cannot read IP mode file for STMicroelectronics.X-CUBE-AZRTOS-H7RS.1.1.0
2025-07-19 09:58:47,748 [WARN] PackLoader:240 - Cannot read IP mode file for Cesanta.I-CUBE-Mongoose.7.13.0
2025-07-19 09:58:47,756 [WARN] PackLoader:240 - Cannot read IP mode file for STMicroelectronics.X-CUBE-AZRTOS-G4.2.0.0
2025-07-19 09:58:47,760 [WARN] PackLoader:240 - Cannot read IP mode file for wolfSSL.I-CUBE-wolfSSH.1.4.20
2025-07-19 09:58:47,762 [WARN] PackLoader:240 - Cannot read IP mode file for STMicroelectronics.X-CUBE-NFC7.2.0.0
2025-07-19 09:58:47,770 [WARN] PackLoader:240 - Cannot read IP mode file for STMicroelectronics.X-CUBE-IPS.3.1.0
2025-07-19 09:58:47,772 [INFO] WebApp:191 - Connection restablished
2025-07-19 09:58:47,775 [WARN] PackLoader:240 - Cannot read IP mode file for STMicroelectronics.X-CUBE-ALS.1.0.2
2025-07-19 09:58:47,778 [WARN] PackLoader:240 - Cannot read IP mode file for portGmbH.I-Cube-SoM-uGOAL.1.1.0
2025-07-19 09:58:47,784 [WARN] PackLoader:240 - Cannot read IP mode file for STMicroelectronics.X-CUBE-TOF1.3.4.3
2025-07-19 09:58:47,796 [INFO] ThirdParty:978 - Integrity check success = true
2025-07-19 09:58:47,796 [INFO] IntegrityCheckThread:100 - exiting critical section [integrity check]
2025-07-19 09:58:47,796 [INFO] IntegrityCheckThread:103 - End integrity checks thread
2025-07-19 10:34:46,886 [ERROR] AdobePublisher:162 - Exception while opening the connection: java.net.SocketTimeoutException: Read timed out
2025-07-19 11:03:20,988 [ERROR] AdobePublisher:162 - Exception while opening the connection: java.net.SocketTimeoutException: Read timed out
2025-07-19 11:03:22,990 [ERROR] AdobePublisher:162 - Exception while opening the connection: java.net.SocketTimeoutException: Connect timed out
2025-07-19 11:03:24,991 [ERROR] AdobePublisher:162 - Exception while opening the connection: java.net.SocketTimeoutException: Connect timed out
2025-07-19 11:03:26,993 [ERROR] AdobePublisher:162 - Exception while opening the connection: java.net.SocketTimeoutException: Connect timed out
2025-07-19 11:03:28,995 [ERROR] AdobePublisher:162 - Exception while opening the connection: java.net.SocketTimeoutException: Connect timed out
2025-07-19 11:03:33,473 [ERROR] AdobePublisher:162 - Exception while opening the connection: java.net.SocketTimeoutException: Connect timed out
2025-07-19 11:03:35,474 [ERROR] AdobePublisher:162 - Exception while opening the connection: java.net.SocketTimeoutException: Connect timed out
2025-07-19 11:03:37,476 [ERROR] AdobePublisher:162 - Exception while opening the connection: java.net.SocketTimeoutException: Connect timed out
2025-07-19 11:03:39,477 [ERROR] AdobePublisher:162 - Exception while opening the connection: java.net.SocketTimeoutException: Connect timed out
2025-07-19 11:03:41,478 [ERROR] AdobePublisher:162 - Exception while opening the connection: java.net.SocketTimeoutException: Connect timed out
2025-07-19 14:08:36,011 [ERROR] LogOutputStream:75 - [STDERR_REDIRECT] 
2025-07-19 14:08:36,014 [ERROR] LogOutputStream:75 - [STDERR_REDIRECT] 
2025-07-19 17:39:18,690 [INFO] Activator:176 - 


2025-07-19 17:39:18,691 [INFO] Activator:177 - !SESSION log4j initialized
2025-07-19 17:39:29,471 [INFO] LogOutputStream:77 - [STDOUT_REDIRECT] 
2025-07-19 17:39:32,156 [INFO] ApplicationProperties:184 - Using Application install path: D:\STM32\STM32CubeIDE_1.19.0\STM32CubeIDE\plugins\com.st.stm32cube.common.mx_6.15.0.202507011659
2025-07-19 17:39:32,221 [INFO] DbMcusXml:78 - Set database path to: D:\STM32\STM32CubeIDE_1.19.0\STM32CubeIDE\plugins\com.st.stm32cube.common.mx_6.15.0.202507011659\\db\/mcu/
2025-07-19 17:39:32,222 [INFO] ApiDb:274 - Set plugin database path to: D:\STM32\STM32CubeIDE_1.19.0\STM32CubeIDE\plugins\com.st.stm32cube.common.mx_6.15.0.202507011659\\db\/plugins/boardmanager/
2025-07-19 17:39:32,223 [WARN] ApiDb:259 - Overriding images path with different value:  => D:\STM32\STM32CubeIDE_1.19.0\STM32CubeIDE\plugins\com.st.stm32cube.common.mx_6.15.0.202507011659\\db\/plugins/mcufinder/images/
2025-07-19 17:39:32,245 [INFO] ApiDb:250 - Set database path to: C:\Users\khuon\.stmcufinder\plugins\mcufinder//mcu/
2025-07-19 17:39:32,250 [INFO] DbMcusAds:125 - Set database path to: C:\Users\khuon\.stmcufinder\plugins\mcufinder//mcu/
2025-07-19 17:39:32,262 [INFO] CrossReferenceDbSqlite:203 - Set database path to: C:\Users\khuon\.stmcufinder\plugins\mcufinder//mcu/cs/
2025-07-19 17:39:32,721 [INFO] RulesReader:64 - Compatibility file has been processed (317 Rules)
2025-07-19 17:39:33,014 [INFO] DbMcusXml:78 - Set database path to: D:\STM32\STM32CubeIDE_1.19.0\STM32CubeIDE\plugins\com.st.stm32cube.common.mx_6.15.0.202507011659\\db\/mcu/
2025-07-19 17:39:33,014 [INFO] ApiDb:274 - Set plugin database path to: D:\STM32\STM32CubeIDE_1.19.0\STM32CubeIDE\plugins\com.st.stm32cube.common.mx_6.15.0.202507011659\\db\/plugins/boardmanager/
2025-07-19 17:39:33,015 [INFO] ApiDb:261 - Set plugin images path to: D:\STM32\STM32CubeIDE_1.19.0\STM32CubeIDE\plugins\com.st.stm32cube.common.mx_6.15.0.202507011659\\db\/plugins/mcufinder/images/
2025-07-19 17:39:33,016 [WARN] DbFile:41 - Overriding database path with different value: C:\Users\khuon\.stmcufinder\plugins\mcufinder/ => C:\Users\khuon\.stmcufinder\plugins\mcufinder
2025-07-19 17:39:33,017 [INFO] ApiDb:250 - Set database path to: C:\Users\khuon\.stmcufinder\plugins\mcufinder//mcu/
2025-07-19 17:39:33,017 [WARN] DbFile:41 - Overriding database path with different value: C:\Users\khuon\.stmcufinder\plugins\mcufinder/ => C:\Users\khuon\.stmcufinder\plugins\mcufinder
2025-07-19 17:39:33,018 [INFO] DbMcusAds:125 - Set database path to: C:\Users\khuon\.stmcufinder\plugins\mcufinder//mcu/
2025-07-19 17:39:33,018 [WARN] DbFile:41 - Overriding database path with different value: C:\Users\khuon\.stmcufinder\plugins\mcufinder/ => C:\Users\khuon\.stmcufinder\plugins\mcufinder
2025-07-19 17:39:33,018 [WARN] DbFile:41 - Overriding database path with different value: C:\Users\khuon\.stmcufinder\plugins\mcufinder/ => C:\Users\khuon\.stmcufinder\plugins\mcufinder
2025-07-19 17:39:33,018 [INFO] CrossReferenceDbSqlite:203 - Set database path to: C:\Users\khuon\.stmcufinder\plugins\mcufinder//mcu/cs/
2025-07-19 17:39:33,243 [INFO] MainPanel:274 - HeapMemory: 268435456
2025-07-19 17:39:33,730 [INFO] DbMcusXml:78 - Set database path to: D:\STM32\STM32CubeIDE_1.19.0\STM32CubeIDE\plugins\com.st.stm32cube.common.mx_6.15.0.202507011659\\db\/mcu/
2025-07-19 17:39:33,730 [INFO] ApiDb:274 - Set plugin database path to: D:\STM32\STM32CubeIDE_1.19.0\STM32CubeIDE\plugins\com.st.stm32cube.common.mx_6.15.0.202507011659\\db\/plugins/boardmanager/
2025-07-19 17:39:33,730 [INFO] ApiDb:261 - Set plugin images path to: D:\STM32\STM32CubeIDE_1.19.0\STM32CubeIDE\plugins\com.st.stm32cube.common.mx_6.15.0.202507011659\\db\/plugins/mcufinder/images/
2025-07-19 17:39:33,732 [WARN] DbFile:41 - Overriding database path with different value: C:\Users\khuon\.stmcufinder\plugins\mcufinder/ => C:\Users\khuon\.stmcufinder\plugins\mcufinder
2025-07-19 17:39:33,732 [INFO] ApiDb:250 - Set database path to: C:\Users\khuon\.stmcufinder\plugins\mcufinder//mcu/
2025-07-19 17:39:33,733 [WARN] DbFile:41 - Overriding database path with different value: C:\Users\khuon\.stmcufinder\plugins\mcufinder/ => C:\Users\khuon\.stmcufinder\plugins\mcufinder
2025-07-19 17:39:33,733 [INFO] DbMcusAds:125 - Set database path to: C:\Users\khuon\.stmcufinder\plugins\mcufinder//mcu/
2025-07-19 17:39:33,733 [WARN] DbFile:41 - Overriding database path with different value: C:\Users\khuon\.stmcufinder\plugins\mcufinder/ => C:\Users\khuon\.stmcufinder\plugins\mcufinder
2025-07-19 17:39:33,733 [WARN] DbFile:41 - Overriding database path with different value: C:\Users\khuon\.stmcufinder\plugins\mcufinder/ => C:\Users\khuon\.stmcufinder\plugins\mcufinder
2025-07-19 17:39:33,733 [INFO] CrossReferenceDbSqlite:203 - Set database path to: C:\Users\khuon\.stmcufinder\plugins\mcufinder//mcu/cs/
2025-07-19 17:39:33,792 [INFO] ApplicationProperties:184 - Using Application install path: D:\STM32\STM32CubeIDE_1.19.0\STM32CubeIDE\plugins\com.st.stm32cube.common.mx_6.15.0.202507011659
2025-07-19 17:39:33,796 [INFO] PluginManage:196 - Search for loadable plugins [exclusion list=, ]
2025-07-19 17:39:33,802 [INFO] PluginManage:310 - Check plugin analytics
2025-07-19 17:39:34,558 [INFO] AnalyticsPlugin:253 - Accepted Software Licenses: 
2025-07-19 17:39:34,559 [INFO] AnalyticsPlugin:255 - Accepted CMSIS Pack Licenses: 
2025-07-19 17:39:34,559 [INFO] AnalyticsPlugin:257 - Accepted Firmware Licenses: FW.F4.1.28.0
2025-07-19 17:39:34,569 [INFO] PluginManage:359 - Loaded plugin analytics (category:tool,tabindex:-1)
2025-07-19 17:39:34,569 [INFO] PluginManage:310 - Check plugin cadmodel
2025-07-19 17:39:34,584 [INFO] CADModel:105 - Init CAD model plugin
2025-07-19 17:39:34,585 [INFO] PluginManage:359 - Loaded plugin cadmodel (category:power,tabindex:5)
2025-07-19 17:39:34,585 [INFO] PluginManage:310 - Check plugin clock
2025-07-19 17:39:34,617 [INFO] PluginManage:359 - Loaded plugin clock (category:base,tabindex:2)
2025-07-19 17:39:34,617 [INFO] PluginManage:310 - Check plugin ddr
2025-07-19 17:39:34,627 [INFO] PluginManage:359 - Loaded plugin ddr (category:tool,tabindex:6)
2025-07-19 17:39:34,628 [INFO] PluginManage:310 - Check plugin filemanager
2025-07-19 17:39:34,973 [INFO] PluginManage:359 - Loaded plugin filemanager (category:base,tabindex:10)
2025-07-19 17:39:34,974 [INFO] PluginManage:310 - Check plugin ipmanager
2025-07-19 17:39:34,983 [INFO] PluginManage:359 - Loaded plugin ipmanager (category:base,tabindex:5)
2025-07-19 17:39:34,983 [INFO] PluginManage:310 - Check plugin lpbam
2025-07-19 17:39:34,994 [INFO] PluginManage:359 - Loaded plugin lpbam (category:base,tabindex:0)
2025-07-19 17:39:34,994 [INFO] PluginManage:310 - Check plugin memorymap
2025-07-19 17:39:35,014 [INFO] PluginManage:359 - Loaded plugin memorymap (category:base,tabindex:4)
2025-07-19 17:39:35,014 [INFO] PluginManage:310 - Check plugin pinoutandconfiguration
2025-07-19 17:39:35,029 [INFO] PluginManage:359 - Loaded plugin pinoutandconfiguration (category:base,tabindex:1)
2025-07-19 17:39:35,029 [INFO] PluginManage:310 - Check plugin pinoutconfig
2025-07-19 17:39:35,203 [WARN] SupportedApi:132 - Cannot load RTOS API schema: s4s-elt-must-match.1: The content of 'definitions' must match (annotation?, (simpleType | complexType)?, (unique | key | keyref)*)). A problem was found starting at: attribute.
2025-07-19 17:39:35,458 [INFO] PluginManage:359 - Loaded plugin pinoutconfig (category:base,tabindex:0)
2025-07-19 17:39:35,458 [INFO] PluginManage:310 - Check plugin power
2025-07-19 17:39:35,473 [INFO] PluginManage:359 - Loaded plugin power (category:power,tabindex:4)
2025-07-19 17:39:35,474 [INFO] PluginManage:310 - Check plugin projectmanager
2025-07-19 17:39:35,560 [INFO] PluginManage:359 - Loaded plugin projectmanager (category:projectmanager,tabindex:4)
2025-07-19 17:39:35,560 [INFO] PluginManage:310 - Check plugin rif
2025-07-19 17:39:35,660 [INFO] PluginManage:359 - Loaded plugin rif (category:base,tabindex:3)
2025-07-19 17:39:35,660 [INFO] PluginManage:310 - Check plugin thirdparty
2025-07-19 17:39:36,269 [WARN] IntegrityCheckThread:84 - waiting for thirdparty lock release [integrity check]
2025-07-19 17:39:36,270 [INFO] IntegrityCheckThread:86 - entering critical section [integrity check]
2025-07-19 17:39:36,271 [INFO] ThirdPartyUpdaterWithRetryManager:70 - Updater plugin not ready yet. [1/15]
2025-07-19 17:39:36,279 [INFO] PluginManage:359 - Loaded plugin thirdparty (category:base,tabindex:-1)
2025-07-19 17:39:36,280 [INFO] PluginManage:310 - Check plugin tools
2025-07-19 17:39:36,322 [INFO] PluginManage:359 - Loaded plugin tools (category:base,tabindex:7)
2025-07-19 17:39:36,323 [INFO] PluginManage:310 - Check plugin tutovideos
2025-07-19 17:39:36,795 [INFO] PluginManage:359 - Loaded plugin tutovideos (category:base,tabindex:-1)
2025-07-19 17:39:36,795 [INFO] PluginManage:310 - Check plugin updater
2025-07-19 17:39:36,822 [INFO] PluginManage:359 - Loaded plugin updater (category:base,tabindex:12)
2025-07-19 17:39:36,823 [INFO] PluginManage:310 - Check plugin userauth
2025-07-19 17:39:36,827 [INFO] UserAuth:118 - Init User Auth plugin
2025-07-19 17:39:36,828 [INFO] PluginManage:359 - Loaded plugin userauth (category:base,tabindex:14)
2025-07-19 17:39:36,828 [INFO] PluginManage:283 - PluginManage : Loaded plugins [18]
2025-07-19 17:39:37,168 [INFO] PinOutPanel:1589 - setPackage(No Configuration,No Configuration)
2025-07-19 17:39:37,291 [INFO] CADModel:165 - CPN selected for project level
2025-07-19 17:39:37,291 [INFO] CADModel:114 - Register for checkConnection events
2025-07-19 17:39:37,319 [INFO] IPUIPlugin:80 - create IPUIPlugin
2025-07-19 17:39:37,320 [INFO] PluginManager:220 - loadIPPluginJar : add adc
2025-07-19 17:39:37,329 [INFO] IPUIPlugin:80 - create IPUIPlugin
2025-07-19 17:39:37,329 [INFO] PluginManager:220 - loadIPPluginJar : add aes
2025-07-19 17:39:37,338 [INFO] IPUIPlugin:80 - create IPUIPlugin
2025-07-19 17:39:37,338 [INFO] PluginManager:220 - loadIPPluginJar : add can
2025-07-19 17:39:37,345 [INFO] IPUIPlugin:80 - create IPUIPlugin
2025-07-19 17:39:37,345 [INFO] PluginManager:220 - loadIPPluginJar : add comp
2025-07-19 17:39:37,349 [INFO] IPUIPlugin:80 - create IPUIPlugin
2025-07-19 17:39:37,349 [INFO] PluginManager:220 - loadIPPluginJar : add cryp
2025-07-19 17:39:37,353 [INFO] IPUIPlugin:80 - create IPUIPlugin
2025-07-19 17:39:37,354 [INFO] PluginManager:220 - loadIPPluginJar : add ddr_ctrl_phy
2025-07-19 17:39:37,357 [INFO] IPUIPlugin:80 - create IPUIPlugin
2025-07-19 17:39:37,357 [INFO] PluginManager:220 - loadIPPluginJar : add dfsdm
2025-07-19 17:39:37,363 [INFO] IPUIPlugin:80 - create IPUIPlugin
2025-07-19 17:39:37,364 [INFO] PluginManager:220 - loadIPPluginJar : add dma
2025-07-19 17:39:37,373 [INFO] IPUIPlugin:80 - create IPUIPlugin
2025-07-19 17:39:37,373 [INFO] PluginManager:220 - loadIPPluginJar : add dma3
2025-07-19 17:39:37,377 [INFO] IPUIPlugin:80 - create IPUIPlugin
2025-07-19 17:39:37,378 [INFO] PluginManager:220 - loadIPPluginJar : add extmemmanager
2025-07-19 17:39:37,380 [INFO] IPUIPlugin:80 - create IPUIPlugin
2025-07-19 17:39:37,380 [INFO] PluginManager:220 - loadIPPluginJar : add fatfs
2025-07-19 17:39:37,385 [INFO] IPUIPlugin:80 - create IPUIPlugin
2025-07-19 17:39:37,386 [INFO] PluginManager:220 - loadIPPluginJar : add fmc
2025-07-19 17:39:37,409 [INFO] IPUIPlugin:80 - create IPUIPlugin
2025-07-19 17:39:37,410 [INFO] PluginManager:220 - loadIPPluginJar : add freertos
2025-07-19 17:39:37,414 [INFO] IPUIPlugin:80 - create IPUIPlugin
2025-07-19 17:39:37,415 [INFO] PluginManager:220 - loadIPPluginJar : add genericplugin
2025-07-19 17:39:37,419 [INFO] IPUIPlugin:80 - create IPUIPlugin
2025-07-19 17:39:37,419 [INFO] PluginManager:220 - loadIPPluginJar : add gfxmmu
2025-07-19 17:39:37,430 [INFO] IPUIPlugin:80 - create IPUIPlugin
2025-07-19 17:39:37,431 [INFO] PluginManager:220 - loadIPPluginJar : add gic
2025-07-19 17:39:37,436 [INFO] IPUIPlugin:80 - create IPUIPlugin
2025-07-19 17:39:37,436 [INFO] PluginManager:220 - loadIPPluginJar : add gpio
2025-07-19 17:39:37,439 [INFO] IPUIPlugin:80 - create IPUIPlugin
2025-07-19 17:39:37,439 [INFO] PluginManager:220 - loadIPPluginJar : add gtzc
2025-07-19 17:39:37,445 [INFO] IPUIPlugin:80 - create IPUIPlugin
2025-07-19 17:39:37,445 [INFO] PluginManager:220 - loadIPPluginJar : add hash
2025-07-19 17:39:37,448 [INFO] IPUIPlugin:80 - create IPUIPlugin
2025-07-19 17:39:37,449 [INFO] PluginManager:220 - loadIPPluginJar : add i2c
2025-07-19 17:39:37,451 [INFO] IPUIPlugin:80 - create IPUIPlugin
2025-07-19 17:39:37,452 [INFO] PluginManager:220 - loadIPPluginJar : add i2s
2025-07-19 17:39:37,455 [INFO] IPUIPlugin:80 - create IPUIPlugin
2025-07-19 17:39:37,455 [INFO] PluginManager:220 - loadIPPluginJar : add i3c
2025-07-19 17:39:37,459 [INFO] IPUIPlugin:80 - create IPUIPlugin
2025-07-19 17:39:37,460 [INFO] PluginManager:220 - loadIPPluginJar : add ipddr
2025-07-19 17:39:37,467 [INFO] IPUIPlugin:80 - create IPUIPlugin
2025-07-19 17:39:37,468 [INFO] PluginManager:220 - loadIPPluginJar : add linkedlist
2025-07-19 17:39:37,480 [INFO] IPUIPlugin:80 - create IPUIPlugin
2025-07-19 17:39:37,480 [INFO] PluginManager:220 - loadIPPluginJar : add lorawan
2025-07-19 17:39:37,482 [INFO] IPUIPlugin:80 - create IPUIPlugin
2025-07-19 17:39:37,482 [INFO] PluginManager:220 - loadIPPluginJar : add ltdc
2025-07-19 17:39:37,488 [INFO] IPUIPlugin:80 - create IPUIPlugin
2025-07-19 17:39:37,488 [INFO] PluginManager:220 - loadIPPluginJar : add mdma
2025-07-19 17:39:37,492 [INFO] IPUIPlugin:80 - create IPUIPlugin
2025-07-19 17:39:37,492 [INFO] PluginManager:220 - loadIPPluginJar : add nvic
2025-07-19 17:39:37,495 [INFO] IPUIPlugin:80 - create IPUIPlugin
2025-07-19 17:39:37,495 [INFO] PluginManager:220 - loadIPPluginJar : add opamp
2025-07-19 17:39:37,498 [INFO] IPUIPlugin:80 - create IPUIPlugin
2025-07-19 17:39:37,498 [INFO] PluginManager:220 - loadIPPluginJar : add openamp
2025-07-19 17:39:37,502 [INFO] IPUIPlugin:80 - create IPUIPlugin
2025-07-19 17:39:37,502 [INFO] PluginManager:220 - loadIPPluginJar : add pdm2pcm
2025-07-19 17:39:37,510 [INFO] IPUIPlugin:80 - create IPUIPlugin
2025-07-19 17:39:37,513 [INFO] PluginManager:220 - loadIPPluginJar : add plateformsettings
2025-07-19 17:39:37,516 [INFO] IPUIPlugin:80 - create IPUIPlugin
2025-07-19 17:39:37,516 [INFO] PluginManager:220 - loadIPPluginJar : add quadspi
2025-07-19 17:39:37,518 [INFO] IPUIPlugin:80 - create IPUIPlugin
2025-07-19 17:39:37,519 [INFO] PluginManager:220 - loadIPPluginJar : add radio
2025-07-19 17:39:37,524 [INFO] IPUIPlugin:80 - create IPUIPlugin
2025-07-19 17:39:37,524 [INFO] PluginManager:220 - loadIPPluginJar : add resmgrutility
2025-07-19 17:39:37,529 [INFO] IPUIPlugin:80 - create IPUIPlugin
2025-07-19 17:39:37,529 [INFO] PluginManager:220 - loadIPPluginJar : add sai
2025-07-19 17:39:37,535 [INFO] IPUIPlugin:80 - create IPUIPlugin
2025-07-19 17:39:37,535 [INFO] PluginManager:220 - loadIPPluginJar : add spi
2025-07-19 17:39:37,546 [INFO] IPUIPlugin:80 - create IPUIPlugin
2025-07-19 17:39:37,546 [INFO] PluginManager:220 - loadIPPluginJar : add stm32_wpan
2025-07-19 17:39:37,548 [INFO] IPUIPlugin:80 - create IPUIPlugin
2025-07-19 17:39:37,548 [INFO] PluginManager:220 - loadIPPluginJar : add tim
2025-07-19 17:39:37,552 [INFO] IPUIPlugin:80 - create IPUIPlugin
2025-07-19 17:39:37,552 [INFO] PluginManager:220 - loadIPPluginJar : add touchsensing
2025-07-19 17:39:37,554 [INFO] IPUIPlugin:80 - create IPUIPlugin
2025-07-19 17:39:37,554 [INFO] PluginManager:220 - loadIPPluginJar : add tracer_emb
2025-07-19 17:39:37,556 [INFO] IPUIPlugin:80 - create IPUIPlugin
2025-07-19 17:39:37,556 [INFO] PluginManager:220 - loadIPPluginJar : add ts
2025-07-19 17:39:37,558 [INFO] IPUIPlugin:80 - create IPUIPlugin
2025-07-19 17:39:37,558 [INFO] PluginManager:220 - loadIPPluginJar : add tsc
2025-07-19 17:39:37,566 [INFO] IPUIPlugin:80 - create IPUIPlugin
2025-07-19 17:39:37,566 [INFO] PluginManager:220 - loadIPPluginJar : add ucpd
2025-07-19 17:39:37,574 [INFO] IPUIPlugin:80 - create IPUIPlugin
2025-07-19 17:39:37,574 [INFO] PluginManager:220 - loadIPPluginJar : add usart
2025-07-19 17:39:37,580 [INFO] IPUIPlugin:80 - create IPUIPlugin
2025-07-19 17:39:37,580 [INFO] PluginManager:220 - loadIPPluginJar : add usbx
2025-07-19 17:39:37,739 [FATAL] Updater:351 - Updater called before beeing initialized
2025-07-19 17:39:37,856 [INFO] RulesReader:64 - Compatibility file has been processed (317 Rules)
2025-07-19 17:39:37,872 [INFO] RulesReader:64 - Compatibility file has been processed (317 Rules)
2025-07-19 17:39:37,891 [INFO] CADModel:165 - CPN selected for project level
2025-07-19 17:39:37,891 [INFO] CADModel:114 - Register for checkConnection events
2025-07-19 17:39:37,891 [FATAL] Updater:351 - Updater called before beeing initialized
2025-07-19 17:39:37,891 [ERROR] CADModel:125 - Updater not yet initialized, retry later 
2025-07-19 17:39:38,117 [FATAL] Updater:351 - Updater called before beeing initialized
2025-07-19 17:39:38,119 [INFO] CADModel:165 - CPN selected for project level
2025-07-19 17:39:38,119 [INFO] CADModel:114 - Register for checkConnection events
2025-07-19 17:39:38,120 [FATAL] Updater:351 - Updater called before beeing initialized
2025-07-19 17:39:38,120 [ERROR] CADModel:125 - Updater not yet initialized, retry later 
2025-07-19 17:39:38,127 [FATAL] Updater:351 - Updater called before beeing initialized
2025-07-19 17:39:38,291 [FATAL] Updater:351 - Updater called before beeing initialized
2025-07-19 17:39:38,324 [INFO] DbMcusAds:53 - JSON generation date=Thu Jun 19 15:32:37 ICT 2025 (1750321957418)
2025-07-19 17:39:38,325 [FATAL] Updater:351 - Updater called before beeing initialized
2025-07-19 17:39:38,406 [WARN] DetailPanel:346 - Failed to get advertising image, set to default
2025-07-19 17:39:38,498 [FATAL] Updater:351 - Updater called before beeing initialized
2025-07-19 17:39:38,499 [FATAL] Updater:351 - Updater called before beeing initialized
2025-07-19 17:39:38,499 [FATAL] Updater:351 - Updater called before beeing initialized
2025-07-19 17:39:38,499 [WARN] DetailPanel:346 - Failed to get advertising image, set to default
2025-07-19 17:39:38,500 [FATAL] Updater:351 - Updater called before beeing initialized
2025-07-19 17:39:38,621 [ERROR] Updater:1198 - MainUpdater not yet initialized. External WinMGr cannot be set.
2025-07-19 17:39:38,624 [INFO] Updater:1134 - Updater Version found : 6.15.0
2025-07-19 17:39:38,667 [INFO] ApplicationProperties:184 - Using Application install path: D:\STM32\STM32CubeIDE_1.19.0\STM32CubeIDE\plugins\com.st.stm32cube.common.mx_6.15.0.202507011659
2025-07-19 17:39:39,284 [INFO] ThirdPartyUpdaterWithRetryManager:70 - Updater plugin not ready yet. [2/15]
2025-07-19 17:39:40,278 [ERROR] LogOutputStream:75 - [STDERR_REDIRECT] Jul 19, 2025 5:39:40 PM java.util.prefs.WindowsPreferences <init>
2025-07-19 17:39:40,279 [ERROR] LogOutputStream:75 - [STDERR_REDIRECT] WARNING: Could not open/create prefs root node Software\JavaSoft\Prefs at root 0xffffffff80000002. Windows RegCreateKeyEx(...) returned error code 5.
2025-07-19 17:39:40,279 [ERROR] LogOutputStream:75 - [STDERR_REDIRECT] 
2025-07-19 17:39:40,852 [INFO] MainUpdater:2872 - connection check result : 10
2025-07-19 17:39:40,853 [INFO] MainUpdater:289 - Updater Check For Update Now.
2025-07-19 17:39:40,853 [INFO] MicroXplorer:498 - Change Database Version : DB.6.0.150
2025-07-19 17:39:40,868 [INFO] McuFinderGlobals:63 - Set McuFinder mode to 2 (CubeIDE integrated)
2025-07-19 17:39:40,871 [INFO] UserAuth:487 - Internet connection configuration mode: 1
2025-07-19 17:39:40,956 [INFO] JxBrowserEngine:152 - Initiate JxBrowser Engine with user profile folder
2025-07-19 17:39:41,094 [INFO] CheckServerUpdateThread:120 - End of CheckServer Thread
2025-07-19 17:39:42,388 [INFO] WebApp:169 - Instantiating new browser for Auth
2025-07-19 17:39:42,795 [WARN] PackLoader:240 - Cannot read IP mode file for STMicroelectronics.FP-SNS-MOTENVWB1.1.4.0
2025-07-19 17:39:42,811 [WARN] PackLoader:240 - Cannot read IP mode file for STMicroelectronics.FP-ATR-ASTRA1.2.0.2
2025-07-19 17:39:42,822 [WARN] PackLoader:240 - Cannot read IP mode file for STMicroelectronics.X-CUBE-SMBUS.2.1.0
2025-07-19 17:39:42,829 [WARN] PackLoader:240 - Cannot read IP mode file for STMicroelectronics.X-CUBE-ST60.1.0.0
2025-07-19 17:39:42,866 [WARN] PackLoader:240 - Cannot read IP mode file for STMicroelectronics.X-CUBE-AZRTOS-F7.1.1.0
2025-07-19 17:39:42,902 [WARN] PackLoader:240 - Cannot read IP mode file for Infineon.AIROC-Wi-Fi-Bluetooth-STM32.1.7.0
2025-07-19 17:39:42,936 [WARN] PackLoader:240 - Cannot read IP mode file for Infineon.AIROC-Wi-Fi-Bluetooth-STM32.1.7.1
2025-07-19 17:39:42,967 [WARN] PackLoader:240 - Cannot read IP mode file for STMicroelectronics.X-CUBE-AZRTOS-H7.3.4.0
2025-07-19 17:39:42,980 [WARN] PackLoader:240 - Cannot read IP mode file for STMicroelectronics.X-CUBE-DISPLAY.3.0.0
2025-07-19 17:39:42,996 [WARN] PackLoader:240 - Cannot read IP mode file for STMicroelectronics.X-CUBE-NFC10.1.0.0
2025-07-19 17:39:43,035 [WARN] PackLoader:240 - Cannot read IP mode file for STMicroelectronics.X-CUBE-BLEMGR.4.0.0
2025-07-19 17:39:43,047 [WARN] PackLoader:240 - Cannot read IP mode file for emotas.I-CUBE-CANOPEN.1.3.0
2025-07-19 17:39:43,053 [WARN] ConditionMgr:438 - getConditionDescription Invalid condition id : Cortex-A Device cause : null
2025-07-19 17:39:43,072 [WARN] ConditionMgr:1044 - genDependencies : Invalid condition id : Cortex-A Device cause : null
2025-07-19 17:39:43,072 [WARN] ConditionMgr:1044 - genDependencies : Invalid condition id : Cortex-A Device cause : null
2025-07-19 17:39:43,072 [WARN] ConditionMgr:1044 - genDependencies : Invalid condition id : Cortex-A Device cause : null
2025-07-19 17:39:43,077 [WARN] PackLoader:240 - Cannot read IP mode file for STMicroelectronics.X-CUBE-AI.10.0.0
2025-07-19 17:39:43,083 [WARN] PackLoader:240 - Cannot read IP mode file for STMicroelectronics.FP-SNS-SMARTAG2.1.2.0
2025-07-19 17:39:43,088 [WARN] PackLoader:240 - Cannot read IP mode file for STMicroelectronics.FP-SNS-FLIGHT1.5.1.0
2025-07-19 17:39:43,098 [INFO] LogOutputStream:77 - [STDOUT_REDIRECT] 1 : Invalid condition id : UX_CORESTACK_Condition cause : null
2025-07-19 17:39:43,100 [INFO] LogOutputStream:77 - [STDOUT_REDIRECT] 1 : Invalid condition id : UX_CORESTACK_Condition cause : null
2025-07-19 17:39:43,102 [INFO] LogOutputStream:77 - [STDOUT_REDIRECT] 1 : Invalid condition id : UX_CORESTACK_Condition cause : null
2025-07-19 17:39:43,104 [INFO] LogOutputStream:77 - [STDOUT_REDIRECT] 1 : Invalid condition id : UX_CORESTACK_Condition cause : null
2025-07-19 17:39:43,106 [INFO] LogOutputStream:77 - [STDOUT_REDIRECT] 1 : Invalid condition id : UX_CORESTACK_Condition cause : null
2025-07-19 17:39:43,108 [WARN] PackLoader:240 - Cannot read IP mode file for STMicroelectronics.X-CUBE-AZRTOS-WL.2.0.0
2025-07-19 17:39:43,114 [WARN] PackLoader:240 - Cannot read IP mode file for STMicroelectronics.FP-SNS-MOTENV1.5.0.0
2025-07-19 17:39:43,127 [WARN] PackLoader:240 - Cannot read IP mode file for WES.I-CUBE-Cesium.1.3.0
2025-07-19 17:39:43,133 [WARN] PackLoader:240 - Cannot read IP mode file for STMicroelectronics.X-CUBE-BLE2.3.3.0
2025-07-19 17:39:43,139 [WARN] PackLoader:240 - Cannot read IP mode file for STMicroelectronics.X-CUBE-NFC9.1.0.0
2025-07-19 17:39:43,146 [WARN] PackLoader:240 - Cannot read IP mode file for wolfSSL.I-CUBE-wolfSSL.5.8.0
2025-07-19 17:39:43,151 [WARN] PackLoader:240 - Cannot read IP mode file for STMicroelectronics.X-CUBE-BLE1.7.1.0
2025-07-19 17:39:43,156 [WARN] PackLoader:240 - Cannot read IP mode file for wolfSSL.I-CUBE-wolfMQTT.1.19.2
2025-07-19 17:39:43,161 [WARN] PackLoader:240 - Cannot read IP mode file for STMicroelectronics.X-CUBE-EEPRMA1.5.2.0
2025-07-19 17:39:43,166 [WARN] PackLoader:240 - Cannot read IP mode file for STMicroelectronics.X-CUBE-AI.10.1.0
2025-07-19 17:39:43,204 [WARN] PackLoader:240 - Cannot read IP mode file for STMicroelectronics.X-CUBE-MEMS1.11.2.0
2025-07-19 17:39:43,523 [WARN] PackLoader:240 - Cannot read IP mode file for STMicroelectronics.X-CUBE-AZRTOS-G0.1.1.0
2025-07-19 17:39:43,534 [WARN] PackLoader:240 - Cannot read IP mode file for STMicroelectronics.X-CUBE-SAFEA1.1.2.2
2025-07-19 17:39:43,541 [WARN] PackLoader:240 - Cannot read IP mode file for STMicroelectronics.X-CUBE-NFC4.3.0.0
2025-07-19 17:39:43,552 [WARN] PackLoader:240 - Cannot read IP mode file for EmbeddedOffice.I-CUBE-FS-RTOS.1.0.1
2025-07-19 17:39:43,559 [WARN] PackLoader:240 - Cannot read IP mode file for STMicroelectronics.X-CUBE-WB05N.2.0.0
2025-07-19 17:39:43,567 [WARN] PackLoader:240 - Cannot read IP mode file for wolfSSL.I-CUBE-wolfTPM.3.8.0
2025-07-19 17:39:43,575 [WARN] PackLoader:240 - Cannot read IP mode file for STMicroelectronics.X-CUBE-TCPP.4.2.0
2025-07-19 17:39:43,582 [WARN] PackLoader:240 - Cannot read IP mode file for RealThread.X-CUBE-RT-Thread_Nano.4.1.1
2025-07-19 17:39:43,589 [WARN] PackLoader:240 - Cannot read IP mode file for STMicroelectronics.FP-ATR-SIGFOX1.3.2.0
2025-07-19 17:39:43,595 [WARN] PackLoader:240 - Cannot read IP mode file for STMicroelectronics.X-CUBE-EEPRMA1.5.1.0
2025-07-19 17:39:43,601 [WARN] PackLoader:240 - Cannot read IP mode file for wolfSSL.I-CUBE-wolfSSL.5.7.6
2025-07-19 17:39:43,609 [WARN] PackLoader:240 - Cannot read IP mode file for ITTIA_DB.I-CUBE-ITTIADB.8.9.0
2025-07-19 17:39:43,622 [WARN] PackLoader:240 - Cannot read IP mode file for STMicroelectronics.X-CUBE-ST67W61.1.0.0
2025-07-19 17:39:43,675 [WARN] PackLoader:240 - Cannot read IP mode file for SEGGER.I-CUBE-embOS.1.3.1
2025-07-19 17:39:43,720 [WARN] PackLoader:240 - Cannot read IP mode file for STMicroelectronics.X-CUBE-ALGOBUILD.1.4.0
2025-07-19 17:39:43,761 [WARN] PackLoader:240 - Cannot read IP mode file for STMicroelectronics.X-CUBE-MEMS1.11.3.0
2025-07-19 17:39:43,913 [WARN] PackLoader:240 - Cannot read IP mode file for STMicroelectronics.X-CUBE-PM33A1.1.0.0
2025-07-19 17:39:43,928 [WARN] PackLoader:240 - Cannot read IP mode file for STMicroelectronics.X-CUBE-AZRTOS-F4.1.1.0
2025-07-19 17:39:43,935 [WARN] PackLoader:240 - Cannot read IP mode file for Avnet-IotConnect.X-CUBE-IoTC-DA16k-PMOD.1.0.0
2025-07-19 17:39:43,940 [WARN] PackLoader:240 - Cannot read IP mode file for STMicroelectronics.X-CUBE-ISPU.2.1.0
2025-07-19 17:39:43,949 [WARN] PackLoader:240 - Cannot read IP mode file for STMicroelectronics.X-CUBE-NFC12.1.0.0
2025-07-19 17:39:43,965 [WARN] PackLoader:240 - Cannot read IP mode file for STMicroelectronics.X-CUBE-AZRTOS-L5.2.0.0
2025-07-19 17:39:43,976 [WARN] PackLoader:240 - Cannot read IP mode file for STMicroelectronics.X-CUBE-NFC6.3.1.0
2025-07-19 17:39:43,984 [WARN] PackLoader:240 - Cannot read IP mode file for STMicroelectronics.X-CUBE-FREERTOS.1.3.1
2025-07-19 17:39:43,989 [WARN] PackLoader:240 - Cannot read IP mode file for STMicroelectronics.X-CUBE-FREERTOS.1.3.0
2025-07-19 17:39:43,994 [WARN] PackLoader:240 - Cannot read IP mode file for STMicroelectronics.X-CUBE-NFC7.1.0.1
2025-07-19 17:39:44,001 [WARN] PackLoader:240 - Cannot read IP mode file for STMicroelectronics.FP-SNS-STAIOTCFT.1.0.0
2025-07-19 17:39:44,007 [WARN] PackLoader:240 - Cannot read IP mode file for STMicroelectronics.X-CUBE-DPower.1.3.0
2025-07-19 17:39:44,023 [WARN] ConditionMgr:438 - getConditionDescription Invalid condition id : LAN8742 Phy interface Condition cause : null
2025-07-19 17:39:44,024 [WARN] PackLoader:240 - Cannot read IP mode file for STMicroelectronics.X-CUBE-AZRTOS-L4.2.0.0
2025-07-19 17:39:44,025 [WARN] ConditionMgr:1044 - genDependencies : Invalid condition id : LAN8742 Phy interface Condition cause : null
2025-07-19 17:39:44,026 [WARN] ConditionMgr:1044 - genDependencies : Invalid condition id : LAN8742 Phy interface Condition cause : null
2025-07-19 17:39:44,027 [WARN] ConditionMgr:1044 - genDependencies : Invalid condition id : LAN8742 Phy interface Condition cause : null
2025-07-19 17:39:44,036 [WARN] PackLoader:240 - Cannot read IP mode file for STMicroelectronics.X-CUBE-SFXS2LP1.4.0.0
2025-07-19 17:39:44,062 [WARN] PackLoader:240 - Cannot read IP mode file for STMicroelectronics.X-CUBE-AZRTOS-H7.3.3.0
2025-07-19 17:39:44,082 [WARN] ConditionMgr:438 - getConditionDescription Invalid condition id : UX DEVICE CLASS RTOS Condition cause : null
2025-07-19 17:39:44,082 [WARN] ConditionMgr:438 - getConditionDescription Invalid condition id : UX DEVICE CLASS RTOS Condition cause : null
2025-07-19 17:39:44,084 [WARN] PackLoader:240 - Cannot read IP mode file for STMicroelectronics.X-CUBE-AZRTOS-WB.2.0.0
2025-07-19 17:39:44,085 [WARN] ConditionMgr:1044 - genDependencies : Invalid condition id : UX DEVICE CLASS RTOS Condition cause : null
2025-07-19 17:39:44,085 [WARN] ConditionMgr:1044 - genDependencies : Invalid condition id : UX DEVICE CLASS RTOS Condition cause : null
2025-07-19 17:39:44,086 [WARN] ConditionMgr:1044 - genDependencies : Invalid condition id : UX DEVICE CLASS RTOS Condition cause : null
2025-07-19 17:39:44,086 [WARN] ConditionMgr:1044 - genDependencies : Invalid condition id : UX DEVICE CLASS RTOS Condition cause : null
2025-07-19 17:39:44,087 [WARN] ConditionMgr:1044 - genDependencies : Invalid condition id : UX DEVICE CLASS RTOS Condition cause : null
2025-07-19 17:39:44,096 [WARN] PackLoader:240 - Cannot read IP mode file for STMicroelectronics.X-CUBE-GNSS1.7.0.1
2025-07-19 17:39:44,109 [WARN] PackLoader:240 - Cannot read IP mode file for STMicroelectronics.X-CUBE-TOUCHGFX.4.25.0
2025-07-19 17:39:44,125 [WARN] PackLoader:240 - Cannot read IP mode file for STMicroelectronics.FP-SNS-STBOX1.2.0.0
2025-07-19 17:39:44,141 [WARN] PackLoader:240 - Cannot read IP mode file for STMicroelectronics.X-CUBE-SUBG2.5.0.0
2025-07-19 17:39:44,170 [WARN] PackLoader:240 - Cannot read IP mode file for STMicroelectronics.X-CUBE-AZRTOS-H7RS.1.1.0
2025-07-19 17:39:44,214 [WARN] PackLoader:240 - Cannot read IP mode file for Cesanta.I-CUBE-Mongoose.7.13.0
2025-07-19 17:39:44,292 [WARN] PackLoader:240 - Cannot read IP mode file for STMicroelectronics.X-CUBE-AZRTOS-G4.2.0.0
2025-07-19 17:39:44,309 [WARN] PackLoader:240 - Cannot read IP mode file for wolfSSL.I-CUBE-wolfSSH.1.4.20
2025-07-19 17:39:44,314 [WARN] PackLoader:240 - Cannot read IP mode file for STMicroelectronics.X-CUBE-NFC7.2.0.0
2025-07-19 17:39:44,337 [WARN] PackLoader:240 - Cannot read IP mode file for STMicroelectronics.X-CUBE-IPS.3.1.0
2025-07-19 17:39:44,355 [WARN] PackLoader:240 - Cannot read IP mode file for STMicroelectronics.X-CUBE-ALS.1.0.2
2025-07-19 17:39:44,372 [WARN] PackLoader:240 - Cannot read IP mode file for portGmbH.I-Cube-SoM-uGOAL.1.1.0
2025-07-19 17:39:44,386 [WARN] PackLoader:240 - Cannot read IP mode file for STMicroelectronics.X-CUBE-TOF1.3.4.3
2025-07-19 17:39:44,401 [INFO] ThirdParty:978 - Integrity check success = true
2025-07-19 17:39:44,402 [INFO] IntegrityCheckThread:100 - exiting critical section [integrity check]
2025-07-19 17:39:44,402 [INFO] IntegrityCheckThread:103 - End integrity checks thread
2025-07-19 17:39:45,033 [INFO] WebApp:463 - Apply proxy settings
2025-07-19 17:39:45,034 [INFO] WebApp:548 - Chromium requires no authentication
2025-07-19 17:39:45,057 [INFO] WebApp:491 - Direct internet connection detected
2025-07-19 17:39:45,109 [INFO] WebApp:900 - Register for checkConnection events
2025-07-19 17:39:45,109 [INFO] WebApp:463 - Apply proxy settings
2025-07-19 17:39:45,109 [INFO] WebApp:548 - Chromium requires no authentication
2025-07-19 17:39:45,110 [INFO] WebApp:491 - Direct internet connection detected
2025-07-19 17:39:45,332 [INFO] WebApp:191 - Connection restablished
2025-07-19 17:39:45,440 [INFO] WebApp:225 - Starting web application
2025-07-19 17:39:45,441 [INFO] WebApp:593 - Web application path used D:\STM32\STM32CubeIDE_1.19.0\STM32CubeIDE\plugins\com.st.stm32cube.common.mx_6.15.0.202507011659\db\plugins\mcufinder\reactClient1\index.html
2025-07-19 17:39:45,666 [INFO] UserAuth:487 - Internet connection configuration mode: 1
2025-07-19 17:45:34,862 [INFO] WebApp:194 - Connection lost
2025-07-19 17:45:36,000 [INFO] WebApp:191 - Connection restablished
2025-07-19 17:46:17,865 [INFO] WebApp:194 - Connection lost
2025-07-19 17:46:18,380 [INFO] WebApp:191 - Connection restablished
2025-07-19 17:52:46,887 [INFO] WebApp:194 - Connection lost
2025-07-19 17:52:48,623 [INFO] WebApp:191 - Connection restablished
2025-07-19 17:53:50,881 [INFO] WebApp:194 - Connection lost
2025-07-19 17:53:51,222 [INFO] WebApp:191 - Connection restablished
2025-07-19 18:04:07,872 [INFO] WebApp:194 - Connection lost
2025-07-19 18:04:12,938 [INFO] WebApp:191 - Connection restablished
2025-07-19 18:05:17,393 [INFO] WebApp:194 - Connection lost
2025-07-19 18:05:17,633 [INFO] WebApp:191 - Connection restablished
2025-07-19 18:06:13,884 [INFO] WebApp:194 - Connection lost
2025-07-19 18:06:14,335 [INFO] WebApp:191 - Connection restablished
2025-07-19 18:07:15,893 [INFO] WebApp:194 - Connection lost
2025-07-19 18:07:16,280 [INFO] WebApp:191 - Connection restablished
2025-07-19 18:15:36,010 [INFO] WebApp:194 - Connection lost
2025-07-19 18:15:36,158 [INFO] WebApp:191 - Connection restablished
2025-07-19 18:15:40,379 [INFO] WebApp:194 - Connection lost
2025-07-19 18:15:40,505 [INFO] WebApp:191 - Connection restablished
2025-07-19 18:21:22,394 [INFO] WebApp:194 - Connection lost
2025-07-19 18:21:23,826 [INFO] WebApp:191 - Connection restablished
2025-07-19 18:22:05,382 [INFO] WebApp:194 - Connection lost
2025-07-19 18:22:05,667 [INFO] WebApp:191 - Connection restablished
2025-07-19 18:22:38,881 [INFO] WebApp:194 - Connection lost
2025-07-19 18:22:39,413 [INFO] WebApp:191 - Connection restablished
2025-07-19 18:23:51,376 [INFO] WebApp:194 - Connection lost
2025-07-19 18:23:58,750 [INFO] WebApp:191 - Connection restablished
2025-07-19 18:24:11,366 [INFO] WebApp:194 - Connection lost
2025-07-19 18:24:15,137 [INFO] WebApp:191 - Connection restablished
2025-07-19 18:24:18,865 [INFO] WebApp:194 - Connection lost
2025-07-19 18:24:19,019 [INFO] WebApp:191 - Connection restablished
2025-07-19 18:34:31,385 [INFO] WebApp:194 - Connection lost
2025-07-19 18:34:31,890 [INFO] WebApp:191 - Connection restablished
2025-07-19 18:36:21,386 [INFO] WebApp:194 - Connection lost
2025-07-19 18:36:21,771 [INFO] WebApp:191 - Connection restablished
2025-07-19 18:37:29,376 [INFO] WebApp:194 - Connection lost
2025-07-19 18:37:29,549 [INFO] WebApp:191 - Connection restablished
2025-07-19 18:38:40,385 [INFO] WebApp:194 - Connection lost
2025-07-19 18:38:40,522 [INFO] WebApp:191 - Connection restablished
2025-07-19 18:39:23,374 [INFO] WebApp:194 - Connection lost
2025-07-19 18:39:24,236 [INFO] WebApp:191 - Connection restablished
2025-07-19 18:39:36,868 [INFO] WebApp:194 - Connection lost
2025-07-19 18:39:37,041 [INFO] WebApp:191 - Connection restablished
2025-07-19 18:45:42,862 [INFO] WebApp:194 - Connection lost
2025-07-19 18:45:43,305 [INFO] WebApp:191 - Connection restablished
2025-07-19 18:47:19,378 [INFO] WebApp:194 - Connection lost
2025-07-19 18:47:19,821 [INFO] WebApp:191 - Connection restablished
2025-07-19 18:47:49,865 [INFO] WebApp:194 - Connection lost
2025-07-19 18:47:50,495 [INFO] WebApp:191 - Connection restablished
2025-07-19 18:49:57,867 [INFO] WebApp:194 - Connection lost
2025-07-19 18:49:58,279 [INFO] WebApp:191 - Connection restablished
2025-07-19 18:50:40,369 [INFO] WebApp:194 - Connection lost
2025-07-19 18:50:41,046 [INFO] WebApp:191 - Connection restablished
2025-07-19 18:53:40,876 [INFO] WebApp:194 - Connection lost
2025-07-19 18:53:41,227 [INFO] WebApp:191 - Connection restablished
2025-07-19 18:54:17,885 [INFO] WebApp:194 - Connection lost
2025-07-19 18:54:18,588 [INFO] WebApp:191 - Connection restablished
2025-07-19 19:02:10,874 [INFO] WebApp:194 - Connection lost
2025-07-19 19:02:11,233 [INFO] WebApp:191 - Connection restablished
2025-07-19 19:03:06,888 [INFO] WebApp:194 - Connection lost
2025-07-19 19:03:07,369 [INFO] WebApp:191 - Connection restablished
2025-07-19 19:14:21,372 [INFO] WebApp:194 - Connection lost
2025-07-19 19:14:23,230 [INFO] WebApp:191 - Connection restablished
2025-07-19 19:14:33,372 [INFO] WebApp:194 - Connection lost
2025-07-19 19:14:33,516 [INFO] WebApp:191 - Connection restablished
2025-07-19 19:18:33,882 [INFO] WebApp:194 - Connection lost
2025-07-19 19:18:36,573 [INFO] WebApp:191 - Connection restablished
2025-07-19 19:19:06,372 [INFO] WebApp:194 - Connection lost
2025-07-19 19:19:06,602 [INFO] WebApp:191 - Connection restablished
2025-07-19 19:46:21,365 [INFO] WebApp:194 - Connection lost
2025-07-19 19:46:24,367 [INFO] WebApp:191 - Connection restablished
2025-07-19 19:46:55,368 [INFO] WebApp:194 - Connection lost
2025-07-19 19:46:55,860 [INFO] WebApp:191 - Connection restablished
2025-07-19 19:56:48,365 [INFO] WebApp:194 - Connection lost
2025-07-19 19:56:49,778 [INFO] WebApp:191 - Connection restablished
2025-07-19 19:56:57,856 [INFO] WebApp:194 - Connection lost
2025-07-19 19:56:57,998 [INFO] WebApp:191 - Connection restablished
2025-07-19 19:58:58,870 [INFO] WebApp:194 - Connection lost
2025-07-19 19:59:23,876 [INFO] WebApp:191 - Connection restablished
2025-07-19 19:59:42,387 [INFO] WebApp:194 - Connection lost
2025-07-19 19:59:42,904 [INFO] WebApp:191 - Connection restablished
2025-07-19 20:01:23,875 [INFO] WebApp:194 - Connection lost
2025-07-19 20:01:24,786 [INFO] WebApp:191 - Connection restablished
2025-07-19 20:01:35,882 [INFO] WebApp:194 - Connection lost
2025-07-19 20:01:36,096 [INFO] WebApp:191 - Connection restablished
2025-07-19 20:03:41,874 [INFO] WebApp:194 - Connection lost
2025-07-19 20:03:42,192 [INFO] WebApp:191 - Connection restablished
2025-07-19 20:21:51,877 [INFO] WebApp:194 - Connection lost
2025-07-19 20:21:52,159 [INFO] WebApp:191 - Connection restablished
2025-07-19 20:22:02,385 [INFO] WebApp:194 - Connection lost
2025-07-19 20:22:02,559 [INFO] WebApp:191 - Connection restablished
2025-07-19 20:31:36,870 [INFO] WebApp:194 - Connection lost
2025-07-19 20:31:42,194 [INFO] WebApp:191 - Connection restablished
2025-07-19 20:31:45,869 [INFO] WebApp:194 - Connection lost
2025-07-19 20:31:46,018 [INFO] WebApp:191 - Connection restablished
2025-07-19 20:34:23,890 [INFO] WebApp:194 - Connection lost
2025-07-19 20:34:24,653 [INFO] WebApp:191 - Connection restablished
2025-07-19 20:52:32,892 [INFO] WebApp:194 - Connection lost
2025-07-19 20:52:33,293 [INFO] WebApp:191 - Connection restablished
2025-07-19 20:53:07,904 [INFO] WebApp:194 - Connection lost
2025-07-19 20:53:08,246 [INFO] WebApp:191 - Connection restablished
2025-07-19 21:06:24,383 [INFO] WebApp:194 - Connection lost
2025-07-19 21:06:24,730 [INFO] WebApp:191 - Connection restablished
2025-07-19 21:06:50,366 [INFO] WebApp:194 - Connection lost
2025-07-19 21:06:50,471 [INFO] WebApp:191 - Connection restablished
2025-07-19 21:09:11,740 [ERROR] ConfigurationRetriever:142 - IOException on connection: Read timed out
2025-07-19 21:09:59,385 [INFO] WebApp:194 - Connection lost
2025-07-19 21:09:59,850 [INFO] WebApp:191 - Connection restablished
2025-07-19 21:23:52,372 [INFO] WebApp:194 - Connection lost
2025-07-19 21:23:53,434 [INFO] WebApp:191 - Connection restablished
2025-07-19 21:30:50,387 [INFO] WebApp:194 - Connection lost
2025-07-19 21:30:51,161 [INFO] WebApp:191 - Connection restablished
2025-07-19 21:31:01,389 [INFO] WebApp:194 - Connection lost
2025-07-19 21:31:01,573 [INFO] WebApp:191 - Connection restablished
2025-07-19 22:06:51,704 [INFO] WebApp:194 - Connection lost
2025-07-19 22:06:51,916 [INFO] WebApp:191 - Connection restablished
2025-07-19 22:06:53,415 [INFO] WebApp:194 - Connection lost
2025-07-19 22:06:53,553 [INFO] WebApp:191 - Connection restablished
