2025-08-13 18:20:23,332 [INFO] Activator:176 - 


2025-08-13 18:20:23,336 [INFO] Activator:177 - !SESSION log4j initialized
2025-08-13 18:20:30,878 [INFO] LogOutputStream:77 - [STDOUT_REDIRECT] 
2025-08-13 18:20:31,812 [INFO] ApplicationProperties:184 - Using Application install path: D:\STM32\STM32CubeIDE_1.19.0\STM32CubeIDE\plugins\com.st.stm32cube.common.mx_6.15.0.202507011659
2025-08-13 18:20:31,828 [INFO] DbMcusXml:78 - Set database path to: D:\STM32\STM32CubeIDE_1.19.0\STM32CubeIDE\plugins\com.st.stm32cube.common.mx_6.15.0.202507011659\\db\/mcu/
2025-08-13 18:20:31,828 [INFO] ApiDb:274 - Set plugin database path to: D:\STM32\STM32CubeIDE_1.19.0\STM32CubeIDE\plugins\com.st.stm32cube.common.mx_6.15.0.202507011659\\db\/plugins/boardmanager/
2025-08-13 18:20:31,828 [WARN] ApiDb:259 - Overriding images path with different value:  => D:\STM32\STM32CubeIDE_1.19.0\STM32CubeIDE\plugins\com.st.stm32cube.common.mx_6.15.0.202507011659\\db\/plugins/mcufinder/images/
2025-08-13 18:20:31,833 [INFO] ApiDb:250 - Set database path to: C:\Users\khuon\.stmcufinder\plugins\mcufinder//mcu/
2025-08-13 18:20:31,835 [INFO] DbMcusAds:125 - Set database path to: C:\Users\khuon\.stmcufinder\plugins\mcufinder//mcu/
2025-08-13 18:20:31,838 [INFO] CrossReferenceDbSqlite:203 - Set database path to: C:\Users\khuon\.stmcufinder\plugins\mcufinder//mcu/cs/
2025-08-13 18:20:31,914 [INFO] RulesReader:64 - Compatibility file has been processed (317 Rules)
2025-08-13 18:20:32,006 [INFO] DbMcusXml:78 - Set database path to: D:\STM32\STM32CubeIDE_1.19.0\STM32CubeIDE\plugins\com.st.stm32cube.common.mx_6.15.0.202507011659\\db\/mcu/
2025-08-13 18:20:32,006 [INFO] ApiDb:274 - Set plugin database path to: D:\STM32\STM32CubeIDE_1.19.0\STM32CubeIDE\plugins\com.st.stm32cube.common.mx_6.15.0.202507011659\\db\/plugins/boardmanager/
2025-08-13 18:20:32,006 [INFO] ApiDb:261 - Set plugin images path to: D:\STM32\STM32CubeIDE_1.19.0\STM32CubeIDE\plugins\com.st.stm32cube.common.mx_6.15.0.202507011659\\db\/plugins/mcufinder/images/
2025-08-13 18:20:32,006 [WARN] DbFile:41 - Overriding database path with different value: C:\Users\khuon\.stmcufinder\plugins\mcufinder/ => C:\Users\khuon\.stmcufinder\plugins\mcufinder
2025-08-13 18:20:32,006 [INFO] ApiDb:250 - Set database path to: C:\Users\khuon\.stmcufinder\plugins\mcufinder//mcu/
2025-08-13 18:20:32,006 [WARN] DbFile:41 - Overriding database path with different value: C:\Users\khuon\.stmcufinder\plugins\mcufinder/ => C:\Users\khuon\.stmcufinder\plugins\mcufinder
2025-08-13 18:20:32,006 [INFO] DbMcusAds:125 - Set database path to: C:\Users\khuon\.stmcufinder\plugins\mcufinder//mcu/
2025-08-13 18:20:32,006 [WARN] DbFile:41 - Overriding database path with different value: C:\Users\khuon\.stmcufinder\plugins\mcufinder/ => C:\Users\khuon\.stmcufinder\plugins\mcufinder
2025-08-13 18:20:32,006 [WARN] DbFile:41 - Overriding database path with different value: C:\Users\khuon\.stmcufinder\plugins\mcufinder/ => C:\Users\khuon\.stmcufinder\plugins\mcufinder
2025-08-13 18:20:32,006 [INFO] CrossReferenceDbSqlite:203 - Set database path to: C:\Users\khuon\.stmcufinder\plugins\mcufinder//mcu/cs/
2025-08-13 18:20:32,063 [INFO] MainPanel:274 - HeapMemory: 268435456
2025-08-13 18:20:32,162 [INFO] DbMcusXml:78 - Set database path to: D:\STM32\STM32CubeIDE_1.19.0\STM32CubeIDE\plugins\com.st.stm32cube.common.mx_6.15.0.202507011659\\db\/mcu/
2025-08-13 18:20:32,162 [INFO] ApiDb:274 - Set plugin database path to: D:\STM32\STM32CubeIDE_1.19.0\STM32CubeIDE\plugins\com.st.stm32cube.common.mx_6.15.0.202507011659\\db\/plugins/boardmanager/
2025-08-13 18:20:32,162 [INFO] ApiDb:261 - Set plugin images path to: D:\STM32\STM32CubeIDE_1.19.0\STM32CubeIDE\plugins\com.st.stm32cube.common.mx_6.15.0.202507011659\\db\/plugins/mcufinder/images/
2025-08-13 18:20:32,163 [WARN] DbFile:41 - Overriding database path with different value: C:\Users\khuon\.stmcufinder\plugins\mcufinder/ => C:\Users\khuon\.stmcufinder\plugins\mcufinder
2025-08-13 18:20:32,163 [INFO] ApiDb:250 - Set database path to: C:\Users\khuon\.stmcufinder\plugins\mcufinder//mcu/
2025-08-13 18:20:32,163 [WARN] DbFile:41 - Overriding database path with different value: C:\Users\khuon\.stmcufinder\plugins\mcufinder/ => C:\Users\khuon\.stmcufinder\plugins\mcufinder
2025-08-13 18:20:32,163 [INFO] DbMcusAds:125 - Set database path to: C:\Users\khuon\.stmcufinder\plugins\mcufinder//mcu/
2025-08-13 18:20:32,163 [WARN] DbFile:41 - Overriding database path with different value: C:\Users\khuon\.stmcufinder\plugins\mcufinder/ => C:\Users\khuon\.stmcufinder\plugins\mcufinder
2025-08-13 18:20:32,163 [WARN] DbFile:41 - Overriding database path with different value: C:\Users\khuon\.stmcufinder\plugins\mcufinder/ => C:\Users\khuon\.stmcufinder\plugins\mcufinder
2025-08-13 18:20:32,163 [INFO] CrossReferenceDbSqlite:203 - Set database path to: C:\Users\khuon\.stmcufinder\plugins\mcufinder//mcu/cs/
2025-08-13 18:20:32,176 [INFO] ApplicationProperties:184 - Using Application install path: D:\STM32\STM32CubeIDE_1.19.0\STM32CubeIDE\plugins\com.st.stm32cube.common.mx_6.15.0.202507011659
2025-08-13 18:20:32,177 [INFO] PluginManage:196 - Search for loadable plugins [exclusion list=, ]
2025-08-13 18:20:32,178 [INFO] PluginManage:310 - Check plugin analytics
2025-08-13 18:20:32,299 [INFO] AnalyticsPlugin:253 - Accepted Software Licenses: 
2025-08-13 18:20:32,300 [INFO] AnalyticsPlugin:255 - Accepted CMSIS Pack Licenses: 
2025-08-13 18:20:32,300 [INFO] AnalyticsPlugin:257 - Accepted Firmware Licenses: FW.F4.1.28.0
2025-08-13 18:20:32,302 [INFO] PluginManage:359 - Loaded plugin analytics (category:tool,tabindex:-1)
2025-08-13 18:20:32,303 [INFO] PluginManage:310 - Check plugin cadmodel
2025-08-13 18:20:32,309 [INFO] CADModel:105 - Init CAD model plugin
2025-08-13 18:20:32,310 [INFO] PluginManage:359 - Loaded plugin cadmodel (category:power,tabindex:5)
2025-08-13 18:20:32,310 [INFO] PluginManage:310 - Check plugin clock
2025-08-13 18:20:32,318 [INFO] PluginManage:359 - Loaded plugin clock (category:base,tabindex:2)
2025-08-13 18:20:32,318 [INFO] PluginManage:310 - Check plugin ddr
2025-08-13 18:20:32,320 [INFO] PluginManage:359 - Loaded plugin ddr (category:tool,tabindex:6)
2025-08-13 18:20:32,321 [INFO] PluginManage:310 - Check plugin filemanager
2025-08-13 18:20:32,436 [INFO] PluginManage:359 - Loaded plugin filemanager (category:base,tabindex:10)
2025-08-13 18:20:32,436 [INFO] PluginManage:310 - Check plugin ipmanager
2025-08-13 18:20:32,441 [INFO] PluginManage:359 - Loaded plugin ipmanager (category:base,tabindex:5)
2025-08-13 18:20:32,441 [INFO] PluginManage:310 - Check plugin lpbam
2025-08-13 18:20:32,447 [INFO] PluginManage:359 - Loaded plugin lpbam (category:base,tabindex:0)
2025-08-13 18:20:32,447 [INFO] PluginManage:310 - Check plugin memorymap
2025-08-13 18:20:32,458 [INFO] PluginManage:359 - Loaded plugin memorymap (category:base,tabindex:4)
2025-08-13 18:20:32,459 [INFO] PluginManage:310 - Check plugin pinoutandconfiguration
2025-08-13 18:20:32,465 [INFO] PluginManage:359 - Loaded plugin pinoutandconfiguration (category:base,tabindex:1)
2025-08-13 18:20:32,465 [INFO] PluginManage:310 - Check plugin pinoutconfig
2025-08-13 18:20:32,525 [WARN] SupportedApi:132 - Cannot load RTOS API schema: s4s-elt-must-match.1: The content of 'definitions' must match (annotation?, (simpleType | complexType)?, (unique | key | keyref)*)). A problem was found starting at: attribute.
2025-08-13 18:20:32,636 [INFO] PluginManage:359 - Loaded plugin pinoutconfig (category:base,tabindex:0)
2025-08-13 18:20:32,636 [INFO] PluginManage:310 - Check plugin power
2025-08-13 18:20:32,644 [INFO] PluginManage:359 - Loaded plugin power (category:power,tabindex:4)
2025-08-13 18:20:32,644 [INFO] PluginManage:310 - Check plugin projectmanager
2025-08-13 18:20:32,656 [INFO] PluginManage:359 - Loaded plugin projectmanager (category:projectmanager,tabindex:4)
2025-08-13 18:20:32,657 [INFO] PluginManage:310 - Check plugin rif
2025-08-13 18:20:32,664 [INFO] PluginManage:359 - Loaded plugin rif (category:base,tabindex:3)
2025-08-13 18:20:32,665 [INFO] PluginManage:310 - Check plugin thirdparty
2025-08-13 18:20:32,774 [INFO] PluginManage:359 - Loaded plugin thirdparty (category:base,tabindex:-1)
2025-08-13 18:20:32,774 [WARN] IntegrityCheckThread:84 - waiting for thirdparty lock release [integrity check]
2025-08-13 18:20:32,774 [INFO] PluginManage:310 - Check plugin tools
2025-08-13 18:20:32,774 [INFO] IntegrityCheckThread:86 - entering critical section [integrity check]
2025-08-13 18:20:32,774 [INFO] ThirdPartyUpdaterWithRetryManager:70 - Updater plugin not ready yet. [1/15]
2025-08-13 18:20:32,776 [INFO] PluginManage:359 - Loaded plugin tools (category:base,tabindex:7)
2025-08-13 18:20:32,776 [INFO] PluginManage:310 - Check plugin tutovideos
2025-08-13 18:20:32,948 [INFO] PluginManage:359 - Loaded plugin tutovideos (category:base,tabindex:-1)
2025-08-13 18:20:32,948 [INFO] PluginManage:310 - Check plugin updater
2025-08-13 18:20:32,964 [INFO] PluginManage:359 - Loaded plugin updater (category:base,tabindex:12)
2025-08-13 18:20:32,964 [INFO] PluginManage:310 - Check plugin userauth
2025-08-13 18:20:32,967 [INFO] UserAuth:118 - Init User Auth plugin
2025-08-13 18:20:32,967 [INFO] PluginManage:359 - Loaded plugin userauth (category:base,tabindex:14)
2025-08-13 18:20:32,968 [INFO] PluginManage:283 - PluginManage : Loaded plugins [18]
2025-08-13 18:20:33,132 [INFO] PinOutPanel:1589 - setPackage(No Configuration,No Configuration)
2025-08-13 18:20:33,189 [INFO] CADModel:165 - CPN selected for project level
2025-08-13 18:20:33,189 [INFO] CADModel:114 - Register for checkConnection events
2025-08-13 18:20:33,204 [INFO] IPUIPlugin:80 - create IPUIPlugin
2025-08-13 18:20:33,204 [INFO] PluginManager:220 - loadIPPluginJar : add adc
2025-08-13 18:20:33,206 [INFO] IPUIPlugin:80 - create IPUIPlugin
2025-08-13 18:20:33,206 [INFO] PluginManager:220 - loadIPPluginJar : add aes
2025-08-13 18:20:33,208 [INFO] IPUIPlugin:80 - create IPUIPlugin
2025-08-13 18:20:33,208 [INFO] PluginManager:220 - loadIPPluginJar : add can
2025-08-13 18:20:33,210 [INFO] IPUIPlugin:80 - create IPUIPlugin
2025-08-13 18:20:33,210 [INFO] PluginManager:220 - loadIPPluginJar : add comp
2025-08-13 18:20:33,212 [INFO] IPUIPlugin:80 - create IPUIPlugin
2025-08-13 18:20:33,212 [INFO] PluginManager:220 - loadIPPluginJar : add cryp
2025-08-13 18:20:33,215 [INFO] IPUIPlugin:80 - create IPUIPlugin
2025-08-13 18:20:33,215 [INFO] PluginManager:220 - loadIPPluginJar : add ddr_ctrl_phy
2025-08-13 18:20:33,217 [INFO] IPUIPlugin:80 - create IPUIPlugin
2025-08-13 18:20:33,217 [INFO] PluginManager:220 - loadIPPluginJar : add dfsdm
2025-08-13 18:20:33,221 [INFO] IPUIPlugin:80 - create IPUIPlugin
2025-08-13 18:20:33,221 [INFO] PluginManager:220 - loadIPPluginJar : add dma
2025-08-13 18:20:33,224 [INFO] IPUIPlugin:80 - create IPUIPlugin
2025-08-13 18:20:33,224 [INFO] PluginManager:220 - loadIPPluginJar : add dma3
2025-08-13 18:20:33,226 [INFO] IPUIPlugin:80 - create IPUIPlugin
2025-08-13 18:20:33,226 [INFO] PluginManager:220 - loadIPPluginJar : add extmemmanager
2025-08-13 18:20:33,227 [INFO] IPUIPlugin:80 - create IPUIPlugin
2025-08-13 18:20:33,227 [INFO] PluginManager:220 - loadIPPluginJar : add fatfs
2025-08-13 18:20:33,230 [INFO] IPUIPlugin:80 - create IPUIPlugin
2025-08-13 18:20:33,230 [INFO] PluginManager:220 - loadIPPluginJar : add fmc
2025-08-13 18:20:33,235 [INFO] IPUIPlugin:80 - create IPUIPlugin
2025-08-13 18:20:33,235 [INFO] PluginManager:220 - loadIPPluginJar : add freertos
2025-08-13 18:20:33,237 [INFO] IPUIPlugin:80 - create IPUIPlugin
2025-08-13 18:20:33,237 [INFO] PluginManager:220 - loadIPPluginJar : add genericplugin
2025-08-13 18:20:33,239 [INFO] IPUIPlugin:80 - create IPUIPlugin
2025-08-13 18:20:33,239 [INFO] PluginManager:220 - loadIPPluginJar : add gfxmmu
2025-08-13 18:20:33,242 [INFO] IPUIPlugin:80 - create IPUIPlugin
2025-08-13 18:20:33,242 [INFO] PluginManager:220 - loadIPPluginJar : add gic
2025-08-13 18:20:33,246 [INFO] IPUIPlugin:80 - create IPUIPlugin
2025-08-13 18:20:33,246 [INFO] PluginManager:220 - loadIPPluginJar : add gpio
2025-08-13 18:20:33,249 [INFO] IPUIPlugin:80 - create IPUIPlugin
2025-08-13 18:20:33,249 [INFO] PluginManager:220 - loadIPPluginJar : add gtzc
2025-08-13 18:20:33,251 [INFO] IPUIPlugin:80 - create IPUIPlugin
2025-08-13 18:20:33,251 [INFO] PluginManager:220 - loadIPPluginJar : add hash
2025-08-13 18:20:33,253 [INFO] IPUIPlugin:80 - create IPUIPlugin
2025-08-13 18:20:33,253 [INFO] PluginManager:220 - loadIPPluginJar : add i2c
2025-08-13 18:20:33,255 [INFO] IPUIPlugin:80 - create IPUIPlugin
2025-08-13 18:20:33,255 [INFO] PluginManager:220 - loadIPPluginJar : add i2s
2025-08-13 18:20:33,257 [INFO] IPUIPlugin:80 - create IPUIPlugin
2025-08-13 18:20:33,257 [INFO] PluginManager:220 - loadIPPluginJar : add i3c
2025-08-13 18:20:33,260 [INFO] IPUIPlugin:80 - create IPUIPlugin
2025-08-13 18:20:33,260 [INFO] PluginManager:220 - loadIPPluginJar : add ipddr
2025-08-13 18:20:33,266 [INFO] IPUIPlugin:80 - create IPUIPlugin
2025-08-13 18:20:33,267 [INFO] PluginManager:220 - loadIPPluginJar : add linkedlist
2025-08-13 18:20:33,269 [INFO] IPUIPlugin:80 - create IPUIPlugin
2025-08-13 18:20:33,269 [INFO] PluginManager:220 - loadIPPluginJar : add lorawan
2025-08-13 18:20:33,271 [INFO] IPUIPlugin:80 - create IPUIPlugin
2025-08-13 18:20:33,271 [INFO] PluginManager:220 - loadIPPluginJar : add ltdc
2025-08-13 18:20:33,275 [INFO] IPUIPlugin:80 - create IPUIPlugin
2025-08-13 18:20:33,275 [INFO] PluginManager:220 - loadIPPluginJar : add mdma
2025-08-13 18:20:33,278 [INFO] IPUIPlugin:80 - create IPUIPlugin
2025-08-13 18:20:33,278 [INFO] PluginManager:220 - loadIPPluginJar : add nvic
2025-08-13 18:20:33,281 [INFO] IPUIPlugin:80 - create IPUIPlugin
2025-08-13 18:20:33,281 [INFO] PluginManager:220 - loadIPPluginJar : add opamp
2025-08-13 18:20:33,283 [INFO] IPUIPlugin:80 - create IPUIPlugin
2025-08-13 18:20:33,284 [INFO] PluginManager:220 - loadIPPluginJar : add openamp
2025-08-13 18:20:33,286 [INFO] IPUIPlugin:80 - create IPUIPlugin
2025-08-13 18:20:33,286 [INFO] PluginManager:220 - loadIPPluginJar : add pdm2pcm
2025-08-13 18:20:33,291 [INFO] IPUIPlugin:80 - create IPUIPlugin
2025-08-13 18:20:33,293 [INFO] PluginManager:220 - loadIPPluginJar : add plateformsettings
2025-08-13 18:20:33,294 [INFO] IPUIPlugin:80 - create IPUIPlugin
2025-08-13 18:20:33,294 [INFO] PluginManager:220 - loadIPPluginJar : add quadspi
2025-08-13 18:20:33,295 [INFO] IPUIPlugin:80 - create IPUIPlugin
2025-08-13 18:20:33,296 [INFO] PluginManager:220 - loadIPPluginJar : add radio
2025-08-13 18:20:33,298 [INFO] IPUIPlugin:80 - create IPUIPlugin
2025-08-13 18:20:33,298 [INFO] PluginManager:220 - loadIPPluginJar : add resmgrutility
2025-08-13 18:20:33,300 [INFO] IPUIPlugin:80 - create IPUIPlugin
2025-08-13 18:20:33,301 [INFO] PluginManager:220 - loadIPPluginJar : add sai
2025-08-13 18:20:33,303 [INFO] IPUIPlugin:80 - create IPUIPlugin
2025-08-13 18:20:33,303 [INFO] PluginManager:220 - loadIPPluginJar : add spi
2025-08-13 18:20:33,308 [INFO] IPUIPlugin:80 - create IPUIPlugin
2025-08-13 18:20:33,308 [INFO] PluginManager:220 - loadIPPluginJar : add stm32_wpan
2025-08-13 18:20:33,310 [INFO] IPUIPlugin:80 - create IPUIPlugin
2025-08-13 18:20:33,310 [INFO] PluginManager:220 - loadIPPluginJar : add tim
2025-08-13 18:20:33,313 [INFO] IPUIPlugin:80 - create IPUIPlugin
2025-08-13 18:20:33,313 [INFO] PluginManager:220 - loadIPPluginJar : add touchsensing
2025-08-13 18:20:33,315 [INFO] IPUIPlugin:80 - create IPUIPlugin
2025-08-13 18:20:33,315 [INFO] PluginManager:220 - loadIPPluginJar : add tracer_emb
2025-08-13 18:20:33,317 [INFO] IPUIPlugin:80 - create IPUIPlugin
2025-08-13 18:20:33,317 [INFO] PluginManager:220 - loadIPPluginJar : add ts
2025-08-13 18:20:33,318 [INFO] IPUIPlugin:80 - create IPUIPlugin
2025-08-13 18:20:33,318 [INFO] PluginManager:220 - loadIPPluginJar : add tsc
2025-08-13 18:20:33,320 [INFO] IPUIPlugin:80 - create IPUIPlugin
2025-08-13 18:20:33,320 [INFO] PluginManager:220 - loadIPPluginJar : add ucpd
2025-08-13 18:20:33,322 [INFO] IPUIPlugin:80 - create IPUIPlugin
2025-08-13 18:20:33,322 [INFO] PluginManager:220 - loadIPPluginJar : add usart
2025-08-13 18:20:33,324 [INFO] IPUIPlugin:80 - create IPUIPlugin
2025-08-13 18:20:33,324 [INFO] PluginManager:220 - loadIPPluginJar : add usbx
2025-08-13 18:20:33,431 [FATAL] Updater:351 - Updater called before beeing initialized
2025-08-13 18:20:33,454 [INFO] RulesReader:64 - Compatibility file has been processed (317 Rules)
2025-08-13 18:20:33,462 [INFO] RulesReader:64 - Compatibility file has been processed (317 Rules)
2025-08-13 18:20:33,471 [INFO] CADModel:165 - CPN selected for project level
2025-08-13 18:20:33,471 [INFO] CADModel:114 - Register for checkConnection events
2025-08-13 18:20:33,471 [FATAL] Updater:351 - Updater called before beeing initialized
2025-08-13 18:20:33,471 [ERROR] CADModel:125 - Updater not yet initialized, retry later 
2025-08-13 18:20:33,587 [FATAL] Updater:351 - Updater called before beeing initialized
2025-08-13 18:20:33,588 [INFO] CADModel:165 - CPN selected for project level
2025-08-13 18:20:33,588 [INFO] CADModel:114 - Register for checkConnection events
2025-08-13 18:20:33,588 [FATAL] Updater:351 - Updater called before beeing initialized
2025-08-13 18:20:33,589 [ERROR] CADModel:125 - Updater not yet initialized, retry later 
2025-08-13 18:20:33,591 [FATAL] Updater:351 - Updater called before beeing initialized
2025-08-13 18:20:33,662 [FATAL] Updater:351 - Updater called before beeing initialized
2025-08-13 18:20:33,665 [INFO] DbMcusAds:53 - JSON generation date=Thu Jun 19 15:32:37 ICT 2025 (1750321957418)
2025-08-13 18:20:33,665 [FATAL] Updater:351 - Updater called before beeing initialized
2025-08-13 18:20:33,691 [WARN] DetailPanel:346 - Failed to get advertising image, set to default
2025-08-13 18:20:33,745 [FATAL] Updater:351 - Updater called before beeing initialized
2025-08-13 18:20:33,746 [FATAL] Updater:351 - Updater called before beeing initialized
2025-08-13 18:20:33,746 [FATAL] Updater:351 - Updater called before beeing initialized
2025-08-13 18:20:33,746 [WARN] DetailPanel:346 - Failed to get advertising image, set to default
2025-08-13 18:20:33,747 [FATAL] Updater:351 - Updater called before beeing initialized
2025-08-13 18:20:33,779 [ERROR] Updater:1198 - MainUpdater not yet initialized. External WinMGr cannot be set.
2025-08-13 18:20:33,781 [INFO] Updater:1134 - Updater Version found : 6.15.0
2025-08-13 18:20:33,795 [INFO] ApplicationProperties:184 - Using Application install path: D:\STM32\STM32CubeIDE_1.19.0\STM32CubeIDE\plugins\com.st.stm32cube.common.mx_6.15.0.202507011659
2025-08-13 18:20:35,362 [ERROR] LogOutputStream:75 - [STDERR_REDIRECT] Aug 13, 2025 6:20:35 PM java.util.prefs.WindowsPreferences <init>
2025-08-13 18:20:35,363 [ERROR] LogOutputStream:75 - [STDERR_REDIRECT] WARNING: Could not open/create prefs root node Software\JavaSoft\Prefs at root 0xffffffff80000002. Windows RegCreateKeyEx(...) returned error code 5.
2025-08-13 18:20:35,363 [ERROR] LogOutputStream:75 - [STDERR_REDIRECT] 
2025-08-13 18:20:35,777 [INFO] ThirdPartyUpdaterWithRetryManager:70 - Updater plugin not ready yet. [2/15]
2025-08-13 18:20:35,936 [INFO] MainUpdater:2872 - connection check result : 10
2025-08-13 18:20:35,936 [INFO] MainUpdater:3604 - Updater definition file requires update
2025-08-13 18:20:35,937 [INFO] MainUpdater:289 - Updater Check For Update Now.
2025-08-13 18:20:35,937 [INFO] MicroXplorer:498 - Change Database Version : DB.6.0.150
2025-08-13 18:20:35,943 [INFO] McuFinderGlobals:63 - Set McuFinder mode to 2 (CubeIDE integrated)
2025-08-13 18:20:35,943 [INFO] UserAuth:487 - Internet connection configuration mode: 1
2025-08-13 18:20:35,962 [INFO] JxBrowserEngine:152 - Initiate JxBrowser Engine with user profile folder
2025-08-13 18:20:36,075 [INFO] ServerAccessManage:452 - Complete download http(s) 200
2025-08-13 18:20:36,076 [INFO] ServerAccessManage:509 - Download File updaters.zip
2025-08-13 18:20:36,309 [INFO] FileExtend:248 - Unzip File : updaters.zip
2025-08-13 18:20:36,309 [INFO] FileExtend:263 - Standard Zip Deflate
2025-08-13 18:20:36,673 [INFO] ServerAccessManage:452 - Complete download http(s) 200
2025-08-13 18:20:36,673 [INFO] ServerAccessManage:509 - Download File PacksControlFlags.xml
2025-08-13 18:20:36,767 [INFO] WebApp:169 - Instantiating new browser for Auth
2025-08-13 18:20:36,797 [INFO] ServerAccessManage:452 - Complete download http(s) 200
2025-08-13 18:20:36,797 [INFO] ServerAccessManage:509 - Download File cubemx.pidx
2025-08-13 18:20:37,359 [INFO] ServerAccessManage:452 - Complete download http(s) 200
2025-08-13 18:20:37,359 [INFO] ServerAccessManage:509 - Download File STMicroelectronics.FP-SNS-STBOX1.pdsc
2025-08-13 18:20:37,509 [INFO] WebApp:463 - Apply proxy settings
2025-08-13 18:20:37,509 [INFO] WebApp:548 - Chromium requires no authentication
2025-08-13 18:20:37,519 [INFO] WebApp:491 - Direct internet connection detected
2025-08-13 18:20:37,537 [INFO] WebApp:900 - Register for checkConnection events
2025-08-13 18:20:37,537 [INFO] WebApp:463 - Apply proxy settings
2025-08-13 18:20:37,537 [INFO] WebApp:548 - Chromium requires no authentication
2025-08-13 18:20:37,538 [INFO] WebApp:491 - Direct internet connection detected
2025-08-13 18:20:37,671 [INFO] WebApp:225 - Starting web application
2025-08-13 18:20:37,672 [INFO] WebApp:593 - Web application path used D:\STM32\STM32CubeIDE_1.19.0\STM32CubeIDE\plugins\com.st.stm32cube.common.mx_6.15.0.202507011659\db\plugins\mcufinder\reactClient1\index.html
2025-08-13 18:20:37,880 [INFO] ServerAccessManage:452 - Complete download http(s) 200
2025-08-13 18:20:37,881 [INFO] ServerAccessManage:509 - Download File STMicroelectronics.X-CUBE-AI.pdsc
2025-08-13 18:20:37,885 [INFO] UserAuth:487 - Internet connection configuration mode: 1
2025-08-13 18:20:38,778 [WARN] MainUpdater:1193 - Updater busy. Cannot search thirdparties
2025-08-13 18:20:38,778 [INFO] ThirdPartyUpdaterWithRetryManager:96 - Updater plugin is busy. [1/15]
2025-08-13 18:20:39,280 [INFO] WebApp:191 - Connection restablished
2025-08-13 18:20:41,227 [WARN] PackLoader:240 - Cannot read IP mode file for STMicroelectronics.FP-SNS-STBOX1.2.1.0
2025-08-13 18:20:41,246 [WARN] PackLoader:240 - Cannot read IP mode file for STMicroelectronics.X-CUBE-AI.10.2.0
2025-08-13 18:20:41,247 [INFO] PopulateThirdPartyThread:66 - Ending populate Thread
2025-08-13 18:20:41,249 [INFO] ThirdParty:1030 - CMSIS Pack Vendor :STMicroelectronics FP-SNS-STBOX1 2.1.0
2025-08-13 18:20:41,249 [INFO] ThirdParty:1030 - CMSIS Pack Vendor :STMicroelectronics X-CUBE-AI 10.2.0
2025-08-13 18:20:41,249 [INFO] LoadServerUpdatesThread:375 - End of LoadServerUpdate Thread
2025-08-13 18:20:41,267 [INFO] CheckServerUpdateThread:120 - End of CheckServer Thread
2025-08-13 18:20:41,946 [WARN] PackLoader:240 - Cannot read IP mode file for STMicroelectronics.FP-SNS-MOTENVWB1.1.4.0
2025-08-13 18:20:41,949 [WARN] PackLoader:240 - Cannot read IP mode file for STMicroelectronics.FP-ATR-ASTRA1.2.0.2
2025-08-13 18:20:41,954 [WARN] PackLoader:240 - Cannot read IP mode file for STMicroelectronics.X-CUBE-SMBUS.2.1.0
2025-08-13 18:20:41,958 [WARN] PackLoader:240 - Cannot read IP mode file for STMicroelectronics.X-CUBE-ST60.1.0.0
2025-08-13 18:20:41,970 [WARN] PackLoader:240 - Cannot read IP mode file for STMicroelectronics.X-CUBE-AZRTOS-F7.1.1.0
2025-08-13 18:20:41,984 [WARN] PackLoader:240 - Cannot read IP mode file for Infineon.AIROC-Wi-Fi-Bluetooth-STM32.1.7.0
2025-08-13 18:20:41,995 [WARN] PackLoader:240 - Cannot read IP mode file for Infineon.AIROC-Wi-Fi-Bluetooth-STM32.1.7.1
2025-08-13 18:20:42,007 [WARN] PackLoader:240 - Cannot read IP mode file for STMicroelectronics.X-CUBE-AZRTOS-H7.3.4.0
2025-08-13 18:20:42,013 [WARN] PackLoader:240 - Cannot read IP mode file for STMicroelectronics.X-CUBE-DISPLAY.3.0.0
2025-08-13 18:20:42,024 [WARN] PackLoader:240 - Cannot read IP mode file for STMicroelectronics.X-CUBE-NFC10.1.0.0
2025-08-13 18:20:42,031 [WARN] PackLoader:240 - Cannot read IP mode file for STMicroelectronics.X-CUBE-BLEMGR.4.0.0
2025-08-13 18:20:42,036 [WARN] PackLoader:240 - Cannot read IP mode file for emotas.I-CUBE-CANOPEN.1.3.0
2025-08-13 18:20:42,039 [WARN] ConditionMgr:438 - getConditionDescription Invalid condition id : Cortex-A Device cause : null
2025-08-13 18:20:42,050 [WARN] ConditionMgr:1044 - genDependencies : Invalid condition id : Cortex-A Device cause : null
2025-08-13 18:20:42,050 [WARN] ConditionMgr:1044 - genDependencies : Invalid condition id : Cortex-A Device cause : null
2025-08-13 18:20:42,050 [WARN] ConditionMgr:1044 - genDependencies : Invalid condition id : Cortex-A Device cause : null
2025-08-13 18:20:42,054 [WARN] PackLoader:240 - Cannot read IP mode file for STMicroelectronics.X-CUBE-AI.10.0.0
2025-08-13 18:20:42,058 [WARN] PackLoader:240 - Cannot read IP mode file for STMicroelectronics.FP-SNS-STBOX1.2.1.0
2025-08-13 18:20:42,062 [WARN] PackLoader:240 - Cannot read IP mode file for STMicroelectronics.FP-SNS-SMARTAG2.1.2.0
2025-08-13 18:20:42,065 [WARN] PackLoader:240 - Cannot read IP mode file for STMicroelectronics.FP-SNS-FLIGHT1.5.1.0
2025-08-13 18:20:42,070 [INFO] LogOutputStream:77 - [STDOUT_REDIRECT] 1 : Invalid condition id : UX_CORESTACK_Condition cause : null
2025-08-13 18:20:42,071 [INFO] LogOutputStream:77 - [STDOUT_REDIRECT] 1 : Invalid condition id : UX_CORESTACK_Condition cause : null
2025-08-13 18:20:42,073 [INFO] LogOutputStream:77 - [STDOUT_REDIRECT] 1 : Invalid condition id : UX_CORESTACK_Condition cause : null
2025-08-13 18:20:42,074 [INFO] LogOutputStream:77 - [STDOUT_REDIRECT] 1 : Invalid condition id : UX_CORESTACK_Condition cause : null
2025-08-13 18:20:42,075 [INFO] LogOutputStream:77 - [STDOUT_REDIRECT] 1 : Invalid condition id : UX_CORESTACK_Condition cause : null
2025-08-13 18:20:42,078 [WARN] PackLoader:240 - Cannot read IP mode file for STMicroelectronics.X-CUBE-AZRTOS-WL.2.0.0
2025-08-13 18:20:42,083 [WARN] PackLoader:240 - Cannot read IP mode file for STMicroelectronics.FP-SNS-MOTENV1.5.0.0
2025-08-13 18:20:42,090 [WARN] PackLoader:240 - Cannot read IP mode file for WES.I-CUBE-Cesium.1.3.0
2025-08-13 18:20:42,096 [WARN] PackLoader:240 - Cannot read IP mode file for STMicroelectronics.X-CUBE-BLE2.3.3.0
2025-08-13 18:20:42,101 [WARN] PackLoader:240 - Cannot read IP mode file for STMicroelectronics.X-CUBE-NFC9.1.0.0
2025-08-13 18:20:42,106 [WARN] PackLoader:240 - Cannot read IP mode file for wolfSSL.I-CUBE-wolfSSL.5.8.0
2025-08-13 18:20:42,111 [WARN] PackLoader:240 - Cannot read IP mode file for STMicroelectronics.X-CUBE-BLE1.7.1.0
2025-08-13 18:20:42,115 [WARN] PackLoader:240 - Cannot read IP mode file for wolfSSL.I-CUBE-wolfMQTT.1.19.2
2025-08-13 18:20:42,119 [WARN] PackLoader:240 - Cannot read IP mode file for STMicroelectronics.X-CUBE-EEPRMA1.5.2.0
2025-08-13 18:20:42,122 [WARN] PackLoader:240 - Cannot read IP mode file for STMicroelectronics.X-CUBE-AI.10.1.0
2025-08-13 18:20:42,157 [WARN] PackLoader:240 - Cannot read IP mode file for STMicroelectronics.X-CUBE-MEMS1.11.2.0
2025-08-13 18:20:42,260 [WARN] PackLoader:240 - Cannot read IP mode file for STMicroelectronics.X-CUBE-AZRTOS-G0.1.1.0
2025-08-13 18:20:42,266 [WARN] PackLoader:240 - Cannot read IP mode file for STMicroelectronics.X-CUBE-SAFEA1.1.2.2
2025-08-13 18:20:42,271 [WARN] PackLoader:240 - Cannot read IP mode file for STMicroelectronics.X-CUBE-NFC4.3.0.0
2025-08-13 18:20:42,280 [WARN] PackLoader:240 - Cannot read IP mode file for EmbeddedOffice.I-CUBE-FS-RTOS.1.0.1
2025-08-13 18:20:42,294 [WARN] PackLoader:240 - Cannot read IP mode file for STMicroelectronics.X-CUBE-WB05N.2.0.0
2025-08-13 18:20:42,300 [WARN] PackLoader:240 - Cannot read IP mode file for wolfSSL.I-CUBE-wolfTPM.3.8.0
2025-08-13 18:20:42,306 [WARN] PackLoader:240 - Cannot read IP mode file for STMicroelectronics.X-CUBE-TCPP.4.2.0
2025-08-13 18:20:42,326 [WARN] PackLoader:240 - Cannot read IP mode file for RealThread.X-CUBE-RT-Thread_Nano.4.1.1
2025-08-13 18:20:42,331 [WARN] PackLoader:240 - Cannot read IP mode file for STMicroelectronics.FP-ATR-SIGFOX1.3.2.0
2025-08-13 18:20:42,335 [WARN] PackLoader:240 - Cannot read IP mode file for STMicroelectronics.X-CUBE-EEPRMA1.5.1.0
2025-08-13 18:20:42,341 [WARN] PackLoader:240 - Cannot read IP mode file for wolfSSL.I-CUBE-wolfSSL.5.7.6
2025-08-13 18:20:42,346 [WARN] PackLoader:240 - Cannot read IP mode file for ITTIA_DB.I-CUBE-ITTIADB.8.9.0
2025-08-13 18:20:42,356 [WARN] PackLoader:240 - Cannot read IP mode file for STMicroelectronics.X-CUBE-ST67W61.1.0.0
2025-08-13 18:20:42,360 [WARN] PackLoader:240 - Cannot read IP mode file for STMicroelectronics.X-CUBE-AI.10.2.0
2025-08-13 18:20:42,380 [WARN] PackLoader:240 - Cannot read IP mode file for SEGGER.I-CUBE-embOS.1.3.1
2025-08-13 18:20:42,406 [WARN] PackLoader:240 - Cannot read IP mode file for STMicroelectronics.X-CUBE-ALGOBUILD.1.4.0
2025-08-13 18:20:42,424 [WARN] PackLoader:240 - Cannot read IP mode file for STMicroelectronics.X-CUBE-MEMS1.11.3.0
2025-08-13 18:20:42,475 [WARN] PackLoader:240 - Cannot read IP mode file for STMicroelectronics.X-CUBE-PM33A1.1.0.0
2025-08-13 18:20:42,483 [WARN] PackLoader:240 - Cannot read IP mode file for STMicroelectronics.X-CUBE-AZRTOS-F4.1.1.0
2025-08-13 18:20:42,487 [WARN] PackLoader:240 - Cannot read IP mode file for Avnet-IotConnect.X-CUBE-IoTC-DA16k-PMOD.1.0.0
2025-08-13 18:20:42,492 [WARN] PackLoader:240 - Cannot read IP mode file for STMicroelectronics.X-CUBE-ISPU.2.1.0
2025-08-13 18:20:42,496 [WARN] PackLoader:240 - Cannot read IP mode file for STMicroelectronics.X-CUBE-NFC12.1.0.0
2025-08-13 18:20:42,505 [WARN] PackLoader:240 - Cannot read IP mode file for STMicroelectronics.X-CUBE-AZRTOS-L5.2.0.0
2025-08-13 18:20:42,512 [WARN] PackLoader:240 - Cannot read IP mode file for STMicroelectronics.X-CUBE-NFC6.3.1.0
2025-08-13 18:20:42,517 [WARN] PackLoader:240 - Cannot read IP mode file for STMicroelectronics.X-CUBE-FREERTOS.1.3.1
2025-08-13 18:20:42,520 [WARN] PackLoader:240 - Cannot read IP mode file for STMicroelectronics.X-CUBE-FREERTOS.1.3.0
2025-08-13 18:20:42,523 [WARN] PackLoader:240 - Cannot read IP mode file for STMicroelectronics.X-CUBE-NFC7.1.0.1
2025-08-13 18:20:42,527 [WARN] PackLoader:240 - Cannot read IP mode file for STMicroelectronics.FP-SNS-STAIOTCFT.1.0.0
2025-08-13 18:20:42,530 [WARN] PackLoader:240 - Cannot read IP mode file for STMicroelectronics.X-CUBE-DPower.1.3.0
2025-08-13 18:20:42,538 [WARN] ConditionMgr:438 - getConditionDescription Invalid condition id : LAN8742 Phy interface Condition cause : null
2025-08-13 18:20:42,538 [WARN] PackLoader:240 - Cannot read IP mode file for STMicroelectronics.X-CUBE-AZRTOS-L4.2.0.0
2025-08-13 18:20:42,539 [WARN] ConditionMgr:1044 - genDependencies : Invalid condition id : LAN8742 Phy interface Condition cause : null
2025-08-13 18:20:42,539 [WARN] ConditionMgr:1044 - genDependencies : Invalid condition id : LAN8742 Phy interface Condition cause : null
2025-08-13 18:20:42,539 [WARN] ConditionMgr:1044 - genDependencies : Invalid condition id : LAN8742 Phy interface Condition cause : null
2025-08-13 18:20:42,546 [WARN] PackLoader:240 - Cannot read IP mode file for STMicroelectronics.X-CUBE-SFXS2LP1.4.0.0
2025-08-13 18:20:42,555 [WARN] PackLoader:240 - Cannot read IP mode file for STMicroelectronics.X-CUBE-AZRTOS-H7.3.3.0
2025-08-13 18:20:42,561 [WARN] PackLoader:240 - Cannot read IP mode file for STMicroelectronics.X-CUBE-BLEMGR.4.1.0
2025-08-13 18:20:42,573 [WARN] ConditionMgr:438 - getConditionDescription Invalid condition id : UX DEVICE CLASS RTOS Condition cause : null
2025-08-13 18:20:42,574 [WARN] ConditionMgr:438 - getConditionDescription Invalid condition id : UX DEVICE CLASS RTOS Condition cause : null
2025-08-13 18:20:42,574 [WARN] PackLoader:240 - Cannot read IP mode file for STMicroelectronics.X-CUBE-AZRTOS-WB.2.0.0
2025-08-13 18:20:42,575 [WARN] ConditionMgr:1044 - genDependencies : Invalid condition id : UX DEVICE CLASS RTOS Condition cause : null
2025-08-13 18:20:42,575 [WARN] ConditionMgr:1044 - genDependencies : Invalid condition id : UX DEVICE CLASS RTOS Condition cause : null
2025-08-13 18:20:42,575 [WARN] ConditionMgr:1044 - genDependencies : Invalid condition id : UX DEVICE CLASS RTOS Condition cause : null
2025-08-13 18:20:42,575 [WARN] ConditionMgr:1044 - genDependencies : Invalid condition id : UX DEVICE CLASS RTOS Condition cause : null
2025-08-13 18:20:42,575 [WARN] ConditionMgr:1044 - genDependencies : Invalid condition id : UX DEVICE CLASS RTOS Condition cause : null
2025-08-13 18:20:42,581 [WARN] PackLoader:240 - Cannot read IP mode file for STMicroelectronics.X-CUBE-GNSS1.7.0.1
2025-08-13 18:20:42,585 [WARN] PackLoader:240 - Cannot read IP mode file for STMicroelectronics.X-CUBE-TOUCHGFX.4.25.0
2025-08-13 18:20:42,588 [WARN] PackLoader:240 - Cannot read IP mode file for STMicroelectronics.FP-SNS-STBOX1.2.0.0
2025-08-13 18:20:42,598 [WARN] PackLoader:240 - Cannot read IP mode file for STMicroelectronics.X-CUBE-SUBG2.5.0.0
2025-08-13 18:20:42,607 [WARN] PackLoader:240 - Cannot read IP mode file for STMicroelectronics.X-CUBE-AZRTOS-H7RS.1.1.0
2025-08-13 18:20:42,612 [WARN] PackLoader:240 - Cannot read IP mode file for Cesanta.I-CUBE-Mongoose.7.13.0
2025-08-13 18:20:42,621 [WARN] PackLoader:240 - Cannot read IP mode file for STMicroelectronics.X-CUBE-AZRTOS-G4.2.0.0
2025-08-13 18:20:42,625 [WARN] PackLoader:240 - Cannot read IP mode file for wolfSSL.I-CUBE-wolfSSH.1.4.20
2025-08-13 18:20:42,628 [WARN] PackLoader:240 - Cannot read IP mode file for STMicroelectronics.X-CUBE-NFC7.2.0.0
2025-08-13 18:20:42,636 [WARN] PackLoader:240 - Cannot read IP mode file for STMicroelectronics.X-CUBE-IPS.3.1.0
2025-08-13 18:20:42,643 [WARN] PackLoader:240 - Cannot read IP mode file for STMicroelectronics.X-CUBE-ALS.1.0.2
2025-08-13 18:20:42,649 [WARN] PackLoader:240 - Cannot read IP mode file for portGmbH.I-Cube-SoM-uGOAL.1.1.0
2025-08-13 18:20:42,656 [WARN] PackLoader:240 - Cannot read IP mode file for STMicroelectronics.X-CUBE-TOF1.3.4.3
2025-08-13 18:20:42,663 [INFO] ThirdParty:978 - Integrity check success = true
2025-08-13 18:20:42,663 [INFO] IntegrityCheckThread:100 - exiting critical section [integrity check]
2025-08-13 18:20:42,663 [INFO] IntegrityCheckThread:103 - End integrity checks thread
2025-08-13 18:21:22,819 [ERROR] LogOutputStream:75 - [STDERR_REDIRECT] 
2025-08-13 18:21:22,820 [ERROR] LogOutputStream:75 - [STDERR_REDIRECT] 
