2025-07-15 11:35:09,487 [INFO] Activator:176 - 


2025-07-15 11:35:09,491 [INFO] Activator:177 - !SESSION log4j initialized
2025-07-15 11:35:13,417 [INFO] LogOutputStream:77 - [STDOUT_REDIRECT] 
2025-07-15 11:35:14,240 [INFO] ApplicationProperties:184 - Using Application install path: D:\STM32\STM32CubeIDE_1.19.0\STM32CubeIDE\plugins\com.st.stm32cube.common.mx_6.15.0.202507011659
2025-07-15 11:35:14,252 [INFO] DbMcusXml:78 - Set database path to: D:\STM32\STM32CubeIDE_1.19.0\STM32CubeIDE\plugins\com.st.stm32cube.common.mx_6.15.0.202507011659\\db\/mcu/
2025-07-15 11:35:14,252 [INFO] ApiDb:274 - Set plugin database path to: D:\STM32\STM32CubeIDE_1.19.0\STM32CubeIDE\plugins\com.st.stm32cube.common.mx_6.15.0.202507011659\\db\/plugins/boardmanager/
2025-07-15 11:35:14,253 [WARN] ApiDb:259 - Overriding images path with different value:  => D:\STM32\STM32CubeIDE_1.19.0\STM32CubeIDE\plugins\com.st.stm32cube.common.mx_6.15.0.202507011659\\db\/plugins/mcufinder/images/
2025-07-15 11:35:14,255 [INFO] ApiDb:250 - Set database path to: C:\Users\khuon\.stmcufinder\plugins\mcufinder//mcu/
2025-07-15 11:35:14,257 [INFO] DbMcusAds:125 - Set database path to: C:\Users\khuon\.stmcufinder\plugins\mcufinder//mcu/
2025-07-15 11:35:14,258 [INFO] CrossReferenceDbSqlite:203 - Set database path to: C:\Users\khuon\.stmcufinder\plugins\mcufinder//mcu/cs/
2025-07-15 11:35:14,347 [INFO] RulesReader:64 - Compatibility file has been processed (317 Rules)
2025-07-15 11:35:14,402 [INFO] DbMcusXml:78 - Set database path to: D:\STM32\STM32CubeIDE_1.19.0\STM32CubeIDE\plugins\com.st.stm32cube.common.mx_6.15.0.202507011659\\db\/mcu/
2025-07-15 11:35:14,402 [INFO] ApiDb:274 - Set plugin database path to: D:\STM32\STM32CubeIDE_1.19.0\STM32CubeIDE\plugins\com.st.stm32cube.common.mx_6.15.0.202507011659\\db\/plugins/boardmanager/
2025-07-15 11:35:14,402 [INFO] ApiDb:261 - Set plugin images path to: D:\STM32\STM32CubeIDE_1.19.0\STM32CubeIDE\plugins\com.st.stm32cube.common.mx_6.15.0.202507011659\\db\/plugins/mcufinder/images/
2025-07-15 11:35:14,402 [WARN] DbFile:41 - Overriding database path with different value: C:\Users\khuon\.stmcufinder\plugins\mcufinder/ => C:\Users\khuon\.stmcufinder\plugins\mcufinder
2025-07-15 11:35:14,402 [INFO] ApiDb:250 - Set database path to: C:\Users\khuon\.stmcufinder\plugins\mcufinder//mcu/
2025-07-15 11:35:14,402 [WARN] DbFile:41 - Overriding database path with different value: C:\Users\khuon\.stmcufinder\plugins\mcufinder/ => C:\Users\khuon\.stmcufinder\plugins\mcufinder
2025-07-15 11:35:14,402 [INFO] DbMcusAds:125 - Set database path to: C:\Users\khuon\.stmcufinder\plugins\mcufinder//mcu/
2025-07-15 11:35:14,402 [WARN] DbFile:41 - Overriding database path with different value: C:\Users\khuon\.stmcufinder\plugins\mcufinder/ => C:\Users\khuon\.stmcufinder\plugins\mcufinder
2025-07-15 11:35:14,402 [WARN] DbFile:41 - Overriding database path with different value: C:\Users\khuon\.stmcufinder\plugins\mcufinder/ => C:\Users\khuon\.stmcufinder\plugins\mcufinder
2025-07-15 11:35:14,403 [INFO] CrossReferenceDbSqlite:203 - Set database path to: C:\Users\khuon\.stmcufinder\plugins\mcufinder//mcu/cs/
2025-07-15 11:35:14,453 [INFO] MainPanel:274 - HeapMemory: 268435456
2025-07-15 11:35:14,516 [INFO] DbMcusXml:78 - Set database path to: D:\STM32\STM32CubeIDE_1.19.0\STM32CubeIDE\plugins\com.st.stm32cube.common.mx_6.15.0.202507011659\\db\/mcu/
2025-07-15 11:35:14,517 [INFO] ApiDb:274 - Set plugin database path to: D:\STM32\STM32CubeIDE_1.19.0\STM32CubeIDE\plugins\com.st.stm32cube.common.mx_6.15.0.202507011659\\db\/plugins/boardmanager/
2025-07-15 11:35:14,517 [INFO] ApiDb:261 - Set plugin images path to: D:\STM32\STM32CubeIDE_1.19.0\STM32CubeIDE\plugins\com.st.stm32cube.common.mx_6.15.0.202507011659\\db\/plugins/mcufinder/images/
2025-07-15 11:35:14,517 [WARN] DbFile:41 - Overriding database path with different value: C:\Users\khuon\.stmcufinder\plugins\mcufinder/ => C:\Users\khuon\.stmcufinder\plugins\mcufinder
2025-07-15 11:35:14,517 [INFO] ApiDb:250 - Set database path to: C:\Users\khuon\.stmcufinder\plugins\mcufinder//mcu/
2025-07-15 11:35:14,517 [WARN] DbFile:41 - Overriding database path with different value: C:\Users\khuon\.stmcufinder\plugins\mcufinder/ => C:\Users\khuon\.stmcufinder\plugins\mcufinder
2025-07-15 11:35:14,517 [INFO] DbMcusAds:125 - Set database path to: C:\Users\khuon\.stmcufinder\plugins\mcufinder//mcu/
2025-07-15 11:35:14,517 [WARN] DbFile:41 - Overriding database path with different value: C:\Users\khuon\.stmcufinder\plugins\mcufinder/ => C:\Users\khuon\.stmcufinder\plugins\mcufinder
2025-07-15 11:35:14,517 [WARN] DbFile:41 - Overriding database path with different value: C:\Users\khuon\.stmcufinder\plugins\mcufinder/ => C:\Users\khuon\.stmcufinder\plugins\mcufinder
2025-07-15 11:35:14,517 [INFO] CrossReferenceDbSqlite:203 - Set database path to: C:\Users\khuon\.stmcufinder\plugins\mcufinder//mcu/cs/
2025-07-15 11:35:14,531 [INFO] ApplicationProperties:184 - Using Application install path: D:\STM32\STM32CubeIDE_1.19.0\STM32CubeIDE\plugins\com.st.stm32cube.common.mx_6.15.0.202507011659
2025-07-15 11:35:14,532 [INFO] PluginManage:196 - Search for loadable plugins [exclusion list=, ]
2025-07-15 11:35:14,533 [INFO] PluginManage:310 - Check plugin analytics
2025-07-15 11:35:14,685 [INFO] AnalyticsPlugin:253 - Accepted Software Licenses: 
2025-07-15 11:35:14,685 [INFO] AnalyticsPlugin:255 - Accepted CMSIS Pack Licenses: 
2025-07-15 11:35:14,687 [INFO] AnalyticsPlugin:257 - Accepted Firmware Licenses: FW.F4.1.28.0
2025-07-15 11:35:14,690 [INFO] PluginManage:359 - Loaded plugin analytics (category:tool,tabindex:-1)
2025-07-15 11:35:14,690 [INFO] PluginManage:310 - Check plugin cadmodel
2025-07-15 11:35:14,695 [INFO] CADModel:105 - Init CAD model plugin
2025-07-15 11:35:14,696 [INFO] PluginManage:359 - Loaded plugin cadmodel (category:power,tabindex:5)
2025-07-15 11:35:14,696 [INFO] PluginManage:310 - Check plugin clock
2025-07-15 11:35:14,708 [INFO] PluginManage:359 - Loaded plugin clock (category:base,tabindex:2)
2025-07-15 11:35:14,708 [INFO] PluginManage:310 - Check plugin ddr
2025-07-15 11:35:14,710 [INFO] PluginManage:359 - Loaded plugin ddr (category:tool,tabindex:6)
2025-07-15 11:35:14,711 [INFO] PluginManage:310 - Check plugin filemanager
2025-07-15 11:35:14,883 [INFO] PluginManage:359 - Loaded plugin filemanager (category:base,tabindex:10)
2025-07-15 11:35:14,883 [INFO] PluginManage:310 - Check plugin ipmanager
2025-07-15 11:35:14,893 [INFO] PluginManage:359 - Loaded plugin ipmanager (category:base,tabindex:5)
2025-07-15 11:35:14,893 [INFO] PluginManage:310 - Check plugin lpbam
2025-07-15 11:35:14,903 [INFO] PluginManage:359 - Loaded plugin lpbam (category:base,tabindex:0)
2025-07-15 11:35:14,903 [INFO] PluginManage:310 - Check plugin memorymap
2025-07-15 11:35:14,919 [INFO] PluginManage:359 - Loaded plugin memorymap (category:base,tabindex:4)
2025-07-15 11:35:14,919 [INFO] PluginManage:310 - Check plugin pinoutandconfiguration
2025-07-15 11:35:14,929 [INFO] PluginManage:359 - Loaded plugin pinoutandconfiguration (category:base,tabindex:1)
2025-07-15 11:35:14,929 [INFO] PluginManage:310 - Check plugin pinoutconfig
2025-07-15 11:35:15,043 [WARN] SupportedApi:132 - Cannot load RTOS API schema: s4s-elt-must-match.1: The content of 'definitions' must match (annotation?, (simpleType | complexType)?, (unique | key | keyref)*)). A problem was found starting at: attribute.
2025-07-15 11:35:15,196 [INFO] PluginManage:359 - Loaded plugin pinoutconfig (category:base,tabindex:0)
2025-07-15 11:35:15,197 [INFO] PluginManage:310 - Check plugin power
2025-07-15 11:35:15,205 [INFO] PluginManage:359 - Loaded plugin power (category:power,tabindex:4)
2025-07-15 11:35:15,205 [INFO] PluginManage:310 - Check plugin projectmanager
2025-07-15 11:35:15,223 [INFO] PluginManage:359 - Loaded plugin projectmanager (category:projectmanager,tabindex:4)
2025-07-15 11:35:15,223 [INFO] PluginManage:310 - Check plugin rif
2025-07-15 11:35:15,234 [INFO] PluginManage:359 - Loaded plugin rif (category:base,tabindex:3)
2025-07-15 11:35:15,234 [INFO] PluginManage:310 - Check plugin thirdparty
2025-07-15 11:35:15,396 [WARN] IntegrityCheckThread:84 - waiting for thirdparty lock release [integrity check]
2025-07-15 11:35:15,397 [INFO] IntegrityCheckThread:86 - entering critical section [integrity check]
2025-07-15 11:35:15,397 [INFO] ThirdPartyUpdaterWithRetryManager:70 - Updater plugin not ready yet. [1/15]
2025-07-15 11:35:15,397 [INFO] PluginManage:359 - Loaded plugin thirdparty (category:base,tabindex:-1)
2025-07-15 11:35:15,397 [INFO] PluginManage:310 - Check plugin tools
2025-07-15 11:35:15,402 [INFO] PluginManage:359 - Loaded plugin tools (category:base,tabindex:7)
2025-07-15 11:35:15,402 [INFO] PluginManage:310 - Check plugin tutovideos
2025-07-15 11:35:15,628 [INFO] PluginManage:359 - Loaded plugin tutovideos (category:base,tabindex:-1)
2025-07-15 11:35:15,629 [INFO] PluginManage:310 - Check plugin updater
2025-07-15 11:35:15,657 [INFO] PluginManage:359 - Loaded plugin updater (category:base,tabindex:12)
2025-07-15 11:35:15,657 [INFO] PluginManage:310 - Check plugin userauth
2025-07-15 11:35:15,662 [INFO] UserAuth:118 - Init User Auth plugin
2025-07-15 11:35:15,663 [INFO] PluginManage:359 - Loaded plugin userauth (category:base,tabindex:14)
2025-07-15 11:35:15,663 [INFO] PluginManage:283 - PluginManage : Loaded plugins [18]
2025-07-15 11:35:15,951 [INFO] PinOutPanel:1589 - setPackage(No Configuration,No Configuration)
2025-07-15 11:35:16,066 [INFO] CADModel:165 - CPN selected for project level
2025-07-15 11:35:16,066 [INFO] CADModel:114 - Register for checkConnection events
2025-07-15 11:35:16,087 [INFO] IPUIPlugin:80 - create IPUIPlugin
2025-07-15 11:35:16,087 [INFO] PluginManager:220 - loadIPPluginJar : add adc
2025-07-15 11:35:16,092 [INFO] IPUIPlugin:80 - create IPUIPlugin
2025-07-15 11:35:16,092 [INFO] PluginManager:220 - loadIPPluginJar : add aes
2025-07-15 11:35:16,096 [INFO] IPUIPlugin:80 - create IPUIPlugin
2025-07-15 11:35:16,097 [INFO] PluginManager:220 - loadIPPluginJar : add can
2025-07-15 11:35:16,100 [INFO] IPUIPlugin:80 - create IPUIPlugin
2025-07-15 11:35:16,100 [INFO] PluginManager:220 - loadIPPluginJar : add comp
2025-07-15 11:35:16,104 [INFO] IPUIPlugin:80 - create IPUIPlugin
2025-07-15 11:35:16,105 [INFO] PluginManager:220 - loadIPPluginJar : add cryp
2025-07-15 11:35:16,108 [INFO] IPUIPlugin:80 - create IPUIPlugin
2025-07-15 11:35:16,108 [INFO] PluginManager:220 - loadIPPluginJar : add ddr_ctrl_phy
2025-07-15 11:35:16,113 [INFO] IPUIPlugin:80 - create IPUIPlugin
2025-07-15 11:35:16,113 [INFO] PluginManager:220 - loadIPPluginJar : add dfsdm
2025-07-15 11:35:16,120 [INFO] IPUIPlugin:80 - create IPUIPlugin
2025-07-15 11:35:16,121 [INFO] PluginManager:220 - loadIPPluginJar : add dma
2025-07-15 11:35:16,124 [INFO] IPUIPlugin:80 - create IPUIPlugin
2025-07-15 11:35:16,124 [INFO] PluginManager:220 - loadIPPluginJar : add dma3
2025-07-15 11:35:16,127 [INFO] IPUIPlugin:80 - create IPUIPlugin
2025-07-15 11:35:16,127 [INFO] PluginManager:220 - loadIPPluginJar : add extmemmanager
2025-07-15 11:35:16,129 [INFO] IPUIPlugin:80 - create IPUIPlugin
2025-07-15 11:35:16,129 [INFO] PluginManager:220 - loadIPPluginJar : add fatfs
2025-07-15 11:35:16,134 [INFO] IPUIPlugin:80 - create IPUIPlugin
2025-07-15 11:35:16,134 [INFO] PluginManager:220 - loadIPPluginJar : add fmc
2025-07-15 11:35:16,140 [INFO] IPUIPlugin:80 - create IPUIPlugin
2025-07-15 11:35:16,141 [INFO] PluginManager:220 - loadIPPluginJar : add freertos
2025-07-15 11:35:16,142 [INFO] IPUIPlugin:80 - create IPUIPlugin
2025-07-15 11:35:16,142 [INFO] PluginManager:220 - loadIPPluginJar : add genericplugin
2025-07-15 11:35:16,145 [INFO] IPUIPlugin:80 - create IPUIPlugin
2025-07-15 11:35:16,145 [INFO] PluginManager:220 - loadIPPluginJar : add gfxmmu
2025-07-15 11:35:16,151 [INFO] IPUIPlugin:80 - create IPUIPlugin
2025-07-15 11:35:16,152 [INFO] PluginManager:220 - loadIPPluginJar : add gic
2025-07-15 11:35:16,157 [INFO] IPUIPlugin:80 - create IPUIPlugin
2025-07-15 11:35:16,157 [INFO] PluginManager:220 - loadIPPluginJar : add gpio
2025-07-15 11:35:16,161 [INFO] IPUIPlugin:80 - create IPUIPlugin
2025-07-15 11:35:16,161 [INFO] PluginManager:220 - loadIPPluginJar : add gtzc
2025-07-15 11:35:16,164 [INFO] IPUIPlugin:80 - create IPUIPlugin
2025-07-15 11:35:16,164 [INFO] PluginManager:220 - loadIPPluginJar : add hash
2025-07-15 11:35:16,168 [INFO] IPUIPlugin:80 - create IPUIPlugin
2025-07-15 11:35:16,168 [INFO] PluginManager:220 - loadIPPluginJar : add i2c
2025-07-15 11:35:16,171 [INFO] IPUIPlugin:80 - create IPUIPlugin
2025-07-15 11:35:16,171 [INFO] PluginManager:220 - loadIPPluginJar : add i2s
2025-07-15 11:35:16,175 [INFO] IPUIPlugin:80 - create IPUIPlugin
2025-07-15 11:35:16,176 [INFO] PluginManager:220 - loadIPPluginJar : add i3c
2025-07-15 11:35:16,182 [INFO] IPUIPlugin:80 - create IPUIPlugin
2025-07-15 11:35:16,182 [INFO] PluginManager:220 - loadIPPluginJar : add ipddr
2025-07-15 11:35:16,192 [INFO] IPUIPlugin:80 - create IPUIPlugin
2025-07-15 11:35:16,193 [INFO] PluginManager:220 - loadIPPluginJar : add linkedlist
2025-07-15 11:35:16,198 [INFO] IPUIPlugin:80 - create IPUIPlugin
2025-07-15 11:35:16,198 [INFO] PluginManager:220 - loadIPPluginJar : add lorawan
2025-07-15 11:35:16,200 [INFO] IPUIPlugin:80 - create IPUIPlugin
2025-07-15 11:35:16,200 [INFO] PluginManager:220 - loadIPPluginJar : add ltdc
2025-07-15 11:35:16,207 [INFO] IPUIPlugin:80 - create IPUIPlugin
2025-07-15 11:35:16,208 [INFO] PluginManager:220 - loadIPPluginJar : add mdma
2025-07-15 11:35:16,212 [INFO] IPUIPlugin:80 - create IPUIPlugin
2025-07-15 11:35:16,212 [INFO] PluginManager:220 - loadIPPluginJar : add nvic
2025-07-15 11:35:16,216 [INFO] IPUIPlugin:80 - create IPUIPlugin
2025-07-15 11:35:16,216 [INFO] PluginManager:220 - loadIPPluginJar : add opamp
2025-07-15 11:35:16,218 [INFO] IPUIPlugin:80 - create IPUIPlugin
2025-07-15 11:35:16,219 [INFO] PluginManager:220 - loadIPPluginJar : add openamp
2025-07-15 11:35:16,223 [INFO] IPUIPlugin:80 - create IPUIPlugin
2025-07-15 11:35:16,223 [INFO] PluginManager:220 - loadIPPluginJar : add pdm2pcm
2025-07-15 11:35:16,231 [INFO] IPUIPlugin:80 - create IPUIPlugin
2025-07-15 11:35:16,235 [INFO] PluginManager:220 - loadIPPluginJar : add plateformsettings
2025-07-15 11:35:16,237 [INFO] IPUIPlugin:80 - create IPUIPlugin
2025-07-15 11:35:16,237 [INFO] PluginManager:220 - loadIPPluginJar : add quadspi
2025-07-15 11:35:16,240 [INFO] IPUIPlugin:80 - create IPUIPlugin
2025-07-15 11:35:16,241 [INFO] PluginManager:220 - loadIPPluginJar : add radio
2025-07-15 11:35:16,246 [INFO] IPUIPlugin:80 - create IPUIPlugin
2025-07-15 11:35:16,246 [INFO] PluginManager:220 - loadIPPluginJar : add resmgrutility
2025-07-15 11:35:16,252 [INFO] IPUIPlugin:80 - create IPUIPlugin
2025-07-15 11:35:16,253 [INFO] PluginManager:220 - loadIPPluginJar : add sai
2025-07-15 11:35:16,258 [INFO] IPUIPlugin:80 - create IPUIPlugin
2025-07-15 11:35:16,258 [INFO] PluginManager:220 - loadIPPluginJar : add spi
2025-07-15 11:35:16,265 [INFO] IPUIPlugin:80 - create IPUIPlugin
2025-07-15 11:35:16,265 [INFO] PluginManager:220 - loadIPPluginJar : add stm32_wpan
2025-07-15 11:35:16,268 [INFO] IPUIPlugin:80 - create IPUIPlugin
2025-07-15 11:35:16,268 [INFO] PluginManager:220 - loadIPPluginJar : add tim
2025-07-15 11:35:16,272 [INFO] IPUIPlugin:80 - create IPUIPlugin
2025-07-15 11:35:16,272 [INFO] PluginManager:220 - loadIPPluginJar : add touchsensing
2025-07-15 11:35:16,274 [INFO] IPUIPlugin:80 - create IPUIPlugin
2025-07-15 11:35:16,274 [INFO] PluginManager:220 - loadIPPluginJar : add tracer_emb
2025-07-15 11:35:16,276 [INFO] IPUIPlugin:80 - create IPUIPlugin
2025-07-15 11:35:16,276 [INFO] PluginManager:220 - loadIPPluginJar : add ts
2025-07-15 11:35:16,279 [INFO] IPUIPlugin:80 - create IPUIPlugin
2025-07-15 11:35:16,280 [INFO] PluginManager:220 - loadIPPluginJar : add tsc
2025-07-15 11:35:16,282 [INFO] IPUIPlugin:80 - create IPUIPlugin
2025-07-15 11:35:16,283 [INFO] PluginManager:220 - loadIPPluginJar : add ucpd
2025-07-15 11:35:16,285 [INFO] IPUIPlugin:80 - create IPUIPlugin
2025-07-15 11:35:16,286 [INFO] PluginManager:220 - loadIPPluginJar : add usart
2025-07-15 11:35:16,291 [INFO] IPUIPlugin:80 - create IPUIPlugin
2025-07-15 11:35:16,291 [INFO] PluginManager:220 - loadIPPluginJar : add usbx
2025-07-15 11:35:16,451 [FATAL] Updater:351 - Updater called before beeing initialized
2025-07-15 11:35:16,484 [INFO] RulesReader:64 - Compatibility file has been processed (317 Rules)
2025-07-15 11:35:16,499 [INFO] RulesReader:64 - Compatibility file has been processed (317 Rules)
2025-07-15 11:35:16,517 [INFO] CADModel:165 - CPN selected for project level
2025-07-15 11:35:16,517 [INFO] CADModel:114 - Register for checkConnection events
2025-07-15 11:35:16,517 [FATAL] Updater:351 - Updater called before beeing initialized
2025-07-15 11:35:16,517 [ERROR] CADModel:125 - Updater not yet initialized, retry later 
2025-07-15 11:35:16,728 [FATAL] Updater:351 - Updater called before beeing initialized
2025-07-15 11:35:16,732 [INFO] CADModel:165 - CPN selected for project level
2025-07-15 11:35:16,732 [INFO] CADModel:114 - Register for checkConnection events
2025-07-15 11:35:16,732 [FATAL] Updater:351 - Updater called before beeing initialized
2025-07-15 11:35:16,732 [ERROR] CADModel:125 - Updater not yet initialized, retry later 
2025-07-15 11:35:16,737 [FATAL] Updater:351 - Updater called before beeing initialized
2025-07-15 11:35:16,883 [FATAL] Updater:351 - Updater called before beeing initialized
2025-07-15 11:35:16,888 [INFO] DbMcusAds:53 - JSON generation date=Thu Jun 19 15:32:37 ICT 2025 (1750321957418)
2025-07-15 11:35:16,889 [FATAL] Updater:351 - Updater called before beeing initialized
2025-07-15 11:35:16,933 [WARN] DetailPanel:346 - Failed to get advertising image, set to default
2025-07-15 11:35:17,044 [FATAL] Updater:351 - Updater called before beeing initialized
2025-07-15 11:35:17,047 [FATAL] Updater:351 - Updater called before beeing initialized
2025-07-15 11:35:17,047 [FATAL] Updater:351 - Updater called before beeing initialized
2025-07-15 11:35:17,047 [WARN] DetailPanel:346 - Failed to get advertising image, set to default
2025-07-15 11:35:17,048 [FATAL] Updater:351 - Updater called before beeing initialized
2025-07-15 11:35:17,107 [ERROR] Updater:1198 - MainUpdater not yet initialized. External WinMGr cannot be set.
2025-07-15 11:35:17,110 [INFO] Updater:1134 - Updater Version found : 6.15.0
2025-07-15 11:35:17,135 [INFO] ApplicationProperties:184 - Using Application install path: D:\STM32\STM32CubeIDE_1.19.0\STM32CubeIDE\plugins\com.st.stm32cube.common.mx_6.15.0.202507011659
2025-07-15 11:35:18,398 [INFO] ThirdPartyUpdaterWithRetryManager:70 - Updater plugin not ready yet. [2/15]
2025-07-15 11:35:18,748 [ERROR] LogOutputStream:75 - [STDERR_REDIRECT] Jul 15, 2025 11:35:18 AM java.util.prefs.WindowsPreferences <init>
2025-07-15 11:35:18,751 [ERROR] LogOutputStream:75 - [STDERR_REDIRECT] WARNING: Could not open/create prefs root node Software\JavaSoft\Prefs at root 0xffffffff80000002. Windows RegCreateKeyEx(...) returned error code 5.
2025-07-15 11:35:18,751 [ERROR] LogOutputStream:75 - [STDERR_REDIRECT] 
2025-07-15 11:35:19,122 [INFO] MainUpdater:2872 - connection check result : 10
2025-07-15 11:35:19,123 [INFO] MainUpdater:289 - Updater Check For Update Now.
2025-07-15 11:35:19,123 [INFO] MicroXplorer:498 - Change Database Version : DB.6.0.150
2025-07-15 11:35:19,135 [INFO] McuFinderGlobals:63 - Set McuFinder mode to 2 (CubeIDE integrated)
2025-07-15 11:35:19,136 [INFO] UserAuth:487 - Internet connection configuration mode: 1
2025-07-15 11:35:19,186 [INFO] JxBrowserEngine:152 - Initiate JxBrowser Engine with user profile folder
2025-07-15 11:35:19,354 [INFO] CheckServerUpdateThread:120 - End of CheckServer Thread
2025-07-15 11:35:19,893 [INFO] WebApp:169 - Instantiating new browser for Auth
2025-07-15 11:35:20,575 [INFO] WebApp:463 - Apply proxy settings
2025-07-15 11:35:20,576 [INFO] WebApp:548 - Chromium requires no authentication
2025-07-15 11:35:20,586 [INFO] WebApp:491 - Direct internet connection detected
2025-07-15 11:35:20,604 [INFO] WebApp:900 - Register for checkConnection events
2025-07-15 11:35:20,604 [INFO] WebApp:463 - Apply proxy settings
2025-07-15 11:35:20,604 [INFO] WebApp:548 - Chromium requires no authentication
2025-07-15 11:35:20,605 [INFO] WebApp:491 - Direct internet connection detected
2025-07-15 11:35:20,759 [INFO] WebApp:225 - Starting web application
2025-07-15 11:35:20,759 [INFO] WebApp:593 - Web application path used D:\STM32\STM32CubeIDE_1.19.0\STM32CubeIDE\plugins\com.st.stm32cube.common.mx_6.15.0.202507011659\db\plugins\mcufinder\reactClient1\index.html
2025-07-15 11:35:20,869 [INFO] UserAuth:487 - Internet connection configuration mode: 1
2025-07-15 11:35:21,011 [INFO] WebApp:191 - Connection restablished
2025-07-15 11:35:21,721 [WARN] PackLoader:240 - Cannot read IP mode file for STMicroelectronics.FP-SNS-MOTENVWB1.1.4.0
2025-07-15 11:35:21,738 [WARN] PackLoader:240 - Cannot read IP mode file for STMicroelectronics.FP-ATR-ASTRA1.2.0.2
2025-07-15 11:35:21,750 [WARN] PackLoader:240 - Cannot read IP mode file for STMicroelectronics.X-CUBE-SMBUS.2.1.0
2025-07-15 11:35:21,757 [WARN] PackLoader:240 - Cannot read IP mode file for STMicroelectronics.X-CUBE-ST60.1.0.0
2025-07-15 11:35:21,795 [WARN] PackLoader:240 - Cannot read IP mode file for STMicroelectronics.X-CUBE-AZRTOS-F7.1.1.0
2025-07-15 11:35:21,892 [WARN] PackLoader:240 - Cannot read IP mode file for Infineon.AIROC-Wi-Fi-Bluetooth-STM32.1.7.0
2025-07-15 11:35:21,931 [WARN] PackLoader:240 - Cannot read IP mode file for Infineon.AIROC-Wi-Fi-Bluetooth-STM32.1.7.1
2025-07-15 11:35:21,959 [WARN] PackLoader:240 - Cannot read IP mode file for STMicroelectronics.X-CUBE-AZRTOS-H7.3.4.0
2025-07-15 11:35:21,971 [WARN] PackLoader:240 - Cannot read IP mode file for STMicroelectronics.X-CUBE-DISPLAY.3.0.0
2025-07-15 11:35:21,984 [WARN] PackLoader:240 - Cannot read IP mode file for STMicroelectronics.X-CUBE-NFC10.1.0.0
2025-07-15 11:35:21,998 [WARN] PackLoader:240 - Cannot read IP mode file for STMicroelectronics.X-CUBE-BLEMGR.4.0.0
2025-07-15 11:35:22,007 [WARN] PackLoader:240 - Cannot read IP mode file for emotas.I-CUBE-CANOPEN.1.3.0
2025-07-15 11:35:22,011 [WARN] ConditionMgr:438 - getConditionDescription Invalid condition id : Cortex-A Device cause : null
2025-07-15 11:35:22,027 [WARN] ConditionMgr:1044 - genDependencies : Invalid condition id : Cortex-A Device cause : null
2025-07-15 11:35:22,027 [WARN] ConditionMgr:1044 - genDependencies : Invalid condition id : Cortex-A Device cause : null
2025-07-15 11:35:22,027 [WARN] ConditionMgr:1044 - genDependencies : Invalid condition id : Cortex-A Device cause : null
2025-07-15 11:35:22,030 [WARN] PackLoader:240 - Cannot read IP mode file for STMicroelectronics.X-CUBE-AI.10.0.0
2025-07-15 11:35:22,035 [WARN] PackLoader:240 - Cannot read IP mode file for STMicroelectronics.FP-SNS-SMARTAG2.1.2.0
2025-07-15 11:35:22,039 [WARN] PackLoader:240 - Cannot read IP mode file for STMicroelectronics.FP-SNS-FLIGHT1.5.1.0
2025-07-15 11:35:22,049 [INFO] LogOutputStream:77 - [STDOUT_REDIRECT] 1 : Invalid condition id : UX_CORESTACK_Condition cause : null
2025-07-15 11:35:22,051 [INFO] LogOutputStream:77 - [STDOUT_REDIRECT] 1 : Invalid condition id : UX_CORESTACK_Condition cause : null
2025-07-15 11:35:22,052 [INFO] LogOutputStream:77 - [STDOUT_REDIRECT] 1 : Invalid condition id : UX_CORESTACK_Condition cause : null
2025-07-15 11:35:22,053 [INFO] LogOutputStream:77 - [STDOUT_REDIRECT] 1 : Invalid condition id : UX_CORESTACK_Condition cause : null
2025-07-15 11:35:22,054 [INFO] LogOutputStream:77 - [STDOUT_REDIRECT] 1 : Invalid condition id : UX_CORESTACK_Condition cause : null
2025-07-15 11:35:22,057 [WARN] PackLoader:240 - Cannot read IP mode file for STMicroelectronics.X-CUBE-AZRTOS-WL.2.0.0
2025-07-15 11:35:22,062 [WARN] PackLoader:240 - Cannot read IP mode file for STMicroelectronics.FP-SNS-MOTENV1.5.0.0
2025-07-15 11:35:22,084 [WARN] PackLoader:240 - Cannot read IP mode file for WES.I-CUBE-Cesium.1.3.0
2025-07-15 11:35:22,104 [WARN] PackLoader:240 - Cannot read IP mode file for STMicroelectronics.X-CUBE-BLE2.3.3.0
2025-07-15 11:35:22,139 [WARN] PackLoader:240 - Cannot read IP mode file for STMicroelectronics.X-CUBE-NFC9.1.0.0
2025-07-15 11:35:22,152 [WARN] PackLoader:240 - Cannot read IP mode file for wolfSSL.I-CUBE-wolfSSL.5.8.0
2025-07-15 11:35:22,157 [WARN] PackLoader:240 - Cannot read IP mode file for STMicroelectronics.X-CUBE-BLE1.7.1.0
2025-07-15 11:35:22,161 [WARN] PackLoader:240 - Cannot read IP mode file for wolfSSL.I-CUBE-wolfMQTT.1.19.2
2025-07-15 11:35:22,168 [WARN] PackLoader:240 - Cannot read IP mode file for STMicroelectronics.X-CUBE-EEPRMA1.5.2.0
2025-07-15 11:35:22,175 [WARN] PackLoader:240 - Cannot read IP mode file for STMicroelectronics.X-CUBE-AI.10.1.0
2025-07-15 11:35:22,256 [WARN] PackLoader:240 - Cannot read IP mode file for STMicroelectronics.X-CUBE-MEMS1.11.2.0
2025-07-15 11:35:22,354 [WARN] PackLoader:240 - Cannot read IP mode file for STMicroelectronics.X-CUBE-AZRTOS-G0.1.1.0
2025-07-15 11:35:22,361 [WARN] PackLoader:240 - Cannot read IP mode file for STMicroelectronics.X-CUBE-SAFEA1.1.2.2
2025-07-15 11:35:22,367 [WARN] PackLoader:240 - Cannot read IP mode file for STMicroelectronics.X-CUBE-NFC4.3.0.0
2025-07-15 11:35:22,375 [WARN] PackLoader:240 - Cannot read IP mode file for EmbeddedOffice.I-CUBE-FS-RTOS.1.0.1
2025-07-15 11:35:22,381 [WARN] PackLoader:240 - Cannot read IP mode file for STMicroelectronics.X-CUBE-WB05N.2.0.0
2025-07-15 11:35:22,387 [WARN] PackLoader:240 - Cannot read IP mode file for wolfSSL.I-CUBE-wolfTPM.3.8.0
2025-07-15 11:35:22,393 [WARN] PackLoader:240 - Cannot read IP mode file for STMicroelectronics.X-CUBE-TCPP.4.2.0
2025-07-15 11:35:22,401 [WARN] PackLoader:240 - Cannot read IP mode file for RealThread.X-CUBE-RT-Thread_Nano.4.1.1
2025-07-15 11:35:22,410 [WARN] PackLoader:240 - Cannot read IP mode file for STMicroelectronics.FP-ATR-SIGFOX1.3.2.0
2025-07-15 11:35:22,428 [WARN] PackLoader:240 - Cannot read IP mode file for STMicroelectronics.X-CUBE-EEPRMA1.5.1.0
2025-07-15 11:35:22,432 [WARN] PackLoader:240 - Cannot read IP mode file for wolfSSL.I-CUBE-wolfSSL.5.7.6
2025-07-15 11:35:22,439 [WARN] PackLoader:240 - Cannot read IP mode file for ITTIA_DB.I-CUBE-ITTIADB.8.9.0
2025-07-15 11:35:22,446 [WARN] PackLoader:240 - Cannot read IP mode file for STMicroelectronics.X-CUBE-ST67W61.1.0.0
2025-07-15 11:35:22,474 [WARN] PackLoader:240 - Cannot read IP mode file for SEGGER.I-CUBE-embOS.1.3.1
2025-07-15 11:35:22,513 [WARN] PackLoader:240 - Cannot read IP mode file for STMicroelectronics.X-CUBE-ALGOBUILD.1.4.0
2025-07-15 11:35:22,577 [WARN] PackLoader:240 - Cannot read IP mode file for STMicroelectronics.X-CUBE-MEMS1.11.3.0
2025-07-15 11:35:22,799 [WARN] PackLoader:240 - Cannot read IP mode file for STMicroelectronics.X-CUBE-PM33A1.1.0.0
2025-07-15 11:35:22,812 [WARN] PackLoader:240 - Cannot read IP mode file for STMicroelectronics.X-CUBE-AZRTOS-F4.1.1.0
2025-07-15 11:35:22,820 [WARN] PackLoader:240 - Cannot read IP mode file for Avnet-IotConnect.X-CUBE-IoTC-DA16k-PMOD.1.0.0
2025-07-15 11:35:22,831 [WARN] PackLoader:240 - Cannot read IP mode file for STMicroelectronics.X-CUBE-ISPU.2.1.0
2025-07-15 11:35:22,838 [WARN] PackLoader:240 - Cannot read IP mode file for STMicroelectronics.X-CUBE-NFC12.1.0.0
2025-07-15 11:35:22,851 [WARN] PackLoader:240 - Cannot read IP mode file for STMicroelectronics.X-CUBE-AZRTOS-L5.2.0.0
2025-07-15 11:35:22,861 [WARN] PackLoader:240 - Cannot read IP mode file for STMicroelectronics.X-CUBE-NFC6.3.1.0
2025-07-15 11:35:22,868 [WARN] PackLoader:240 - Cannot read IP mode file for STMicroelectronics.X-CUBE-FREERTOS.1.3.1
2025-07-15 11:35:22,871 [WARN] PackLoader:240 - Cannot read IP mode file for STMicroelectronics.X-CUBE-FREERTOS.1.3.0
2025-07-15 11:35:22,876 [WARN] PackLoader:240 - Cannot read IP mode file for STMicroelectronics.X-CUBE-NFC7.1.0.1
2025-07-15 11:35:22,891 [WARN] PackLoader:240 - Cannot read IP mode file for STMicroelectronics.FP-SNS-STAIOTCFT.1.0.0
2025-07-15 11:35:22,899 [WARN] PackLoader:240 - Cannot read IP mode file for STMicroelectronics.X-CUBE-DPower.1.3.0
2025-07-15 11:35:22,912 [WARN] ConditionMgr:438 - getConditionDescription Invalid condition id : LAN8742 Phy interface Condition cause : null
2025-07-15 11:35:22,913 [WARN] PackLoader:240 - Cannot read IP mode file for STMicroelectronics.X-CUBE-AZRTOS-L4.2.0.0
2025-07-15 11:35:22,914 [WARN] ConditionMgr:1044 - genDependencies : Invalid condition id : LAN8742 Phy interface Condition cause : null
2025-07-15 11:35:22,914 [WARN] ConditionMgr:1044 - genDependencies : Invalid condition id : LAN8742 Phy interface Condition cause : null
2025-07-15 11:35:22,914 [WARN] ConditionMgr:1044 - genDependencies : Invalid condition id : LAN8742 Phy interface Condition cause : null
2025-07-15 11:35:22,926 [WARN] PackLoader:240 - Cannot read IP mode file for STMicroelectronics.X-CUBE-SFXS2LP1.4.0.0
2025-07-15 11:35:22,944 [WARN] PackLoader:240 - Cannot read IP mode file for STMicroelectronics.X-CUBE-AZRTOS-H7.3.3.0
2025-07-15 11:35:22,960 [WARN] ConditionMgr:438 - getConditionDescription Invalid condition id : UX DEVICE CLASS RTOS Condition cause : null
2025-07-15 11:35:22,960 [WARN] ConditionMgr:438 - getConditionDescription Invalid condition id : UX DEVICE CLASS RTOS Condition cause : null
2025-07-15 11:35:22,961 [WARN] PackLoader:240 - Cannot read IP mode file for STMicroelectronics.X-CUBE-AZRTOS-WB.2.0.0
2025-07-15 11:35:22,962 [WARN] ConditionMgr:1044 - genDependencies : Invalid condition id : UX DEVICE CLASS RTOS Condition cause : null
2025-07-15 11:35:22,962 [WARN] ConditionMgr:1044 - genDependencies : Invalid condition id : UX DEVICE CLASS RTOS Condition cause : null
2025-07-15 11:35:22,962 [WARN] ConditionMgr:1044 - genDependencies : Invalid condition id : UX DEVICE CLASS RTOS Condition cause : null
2025-07-15 11:35:22,963 [WARN] ConditionMgr:1044 - genDependencies : Invalid condition id : UX DEVICE CLASS RTOS Condition cause : null
2025-07-15 11:35:22,963 [WARN] ConditionMgr:1044 - genDependencies : Invalid condition id : UX DEVICE CLASS RTOS Condition cause : null
2025-07-15 11:35:22,969 [WARN] PackLoader:240 - Cannot read IP mode file for STMicroelectronics.X-CUBE-GNSS1.7.0.1
2025-07-15 11:35:22,978 [WARN] PackLoader:240 - Cannot read IP mode file for STMicroelectronics.X-CUBE-TOUCHGFX.4.25.0
2025-07-15 11:35:22,984 [WARN] PackLoader:240 - Cannot read IP mode file for STMicroelectronics.FP-SNS-STBOX1.2.0.0
2025-07-15 11:35:22,993 [WARN] PackLoader:240 - Cannot read IP mode file for STMicroelectronics.X-CUBE-SUBG2.5.0.0
2025-07-15 11:35:23,009 [WARN] PackLoader:240 - Cannot read IP mode file for STMicroelectronics.X-CUBE-AZRTOS-H7RS.1.1.0
2025-07-15 11:35:23,016 [WARN] PackLoader:240 - Cannot read IP mode file for Cesanta.I-CUBE-Mongoose.7.13.0
2025-07-15 11:35:23,029 [WARN] PackLoader:240 - Cannot read IP mode file for STMicroelectronics.X-CUBE-AZRTOS-G4.2.0.0
2025-07-15 11:35:23,036 [WARN] PackLoader:240 - Cannot read IP mode file for wolfSSL.I-CUBE-wolfSSH.1.4.20
2025-07-15 11:35:23,040 [WARN] PackLoader:240 - Cannot read IP mode file for STMicroelectronics.X-CUBE-NFC7.2.0.0
2025-07-15 11:35:23,048 [WARN] PackLoader:240 - Cannot read IP mode file for STMicroelectronics.X-CUBE-IPS.3.1.0
2025-07-15 11:35:23,056 [WARN] PackLoader:240 - Cannot read IP mode file for STMicroelectronics.X-CUBE-ALS.1.0.2
2025-07-15 11:35:23,062 [WARN] PackLoader:240 - Cannot read IP mode file for portGmbH.I-Cube-SoM-uGOAL.1.1.0
2025-07-15 11:35:23,070 [WARN] PackLoader:240 - Cannot read IP mode file for STMicroelectronics.X-CUBE-TOF1.3.4.3
2025-07-15 11:35:23,078 [INFO] ThirdParty:978 - Integrity check success = true
2025-07-15 11:35:23,079 [INFO] IntegrityCheckThread:100 - exiting critical section [integrity check]
2025-07-15 11:35:23,079 [INFO] IntegrityCheckThread:103 - End integrity checks thread
2025-07-15 15:13:39,864 [ERROR] LogOutputStream:75 - [STDERR_REDIRECT] 
